Flutter crash report.
Please report a bug at https://github.com/flutter/flutter/issues.

## command

flutter debug_adapter

## exception

SentinelException: [Sentinel kind: Collected, valueAsString: <collected>] from getIsolate()

```
#0      new _OutstandingRequest (package:vm_service/src/vm_service.dart:265:34)
#1      VmService._call.<anonymous closure> (package:vm_service/src/vm_service.dart:1771:25)
#2      VmService._call (package:vm_service/src/vm_service.dart:1783:8)
#3      VmService.getIsolate (package:vm_service/src/vm_service.dart:900:7)
#4      MappedIterator.moveNext (dart:_internal/iterable.dart:403:20)
#5      Future.wait (dart:async/future.dart:516:26)
#6      DartDebugAdapter._configureExistingIsolates (package:dds/src/dap/adapters/dart.dart:766:24)
#7      DartDebugAdapter.connectDebugger.<anonymous closure> (package:dds/src/dap/adapters/dart.dart:705:13)
#8      DartDebugAdapter._withErrorHandling (package:dds/src/dap/adapters/dart.dart:2644:24)
#9      DartDebugAdapter.connectDebugger (package:dds/src/dap/adapters/dart.dart:704:11)
<asynchronous suspension>
#10     FlutterDebugAdapter._connectDebugger (package:flutter_tools/src/debug_adapters/flutter_adapter.dart:381:9)
<asynchronous suspension>
#11     FlutterDebugAdapter._handleDebugPort (package:flutter_tools/src/debug_adapters/flutter_adapter.dart:462:7)
<asynchronous suspension>
```

## flutter doctor

```
[✓] Flutter (Channel stable, 3.19.0, on Microsoft Windows [Version 10.0.22621.2715], locale en-US)
    • Flutter version 3.19.0 on channel stable at C:\flutter3.3
    • Upstream repository https://github.com/flutter/flutter.git
    • Framework revision bae5e49bc2 (9 weeks ago), 2024-02-13 17:46:18 -0800
    • Engine revision 04817c99c9
    • Dart version 3.3.0
    • DevTools version 2.31.1

[✓] Windows Version (Installed version of Windows is version 10 or higher)

[✓] Android toolchain - develop for Android devices (Android SDK version 34.0.0)
    • Android SDK at C:\Users\acer\AppData\Local\Android\sdk
    • Platform android-34, build-tools 34.0.0
    • Java binary at: C:\Program Files\Android\Android Studio\jbr\bin\java
    • Java version OpenJDK Runtime Environment (build 17.0.7+0-b2043.56-10550314)
    • All Android licenses accepted.

[✓] Chrome - develop for the web
    • Chrome at C:\Program Files\Google\Chrome\Application\chrome.exe

[✓] Visual Studio - develop Windows apps (Visual Studio Community 2022 17.4.4)
    • Visual Studio at C:\Program Files\Microsoft Visual Studio\2022\Community
    • Visual Studio Community 2022 version 17.4.33213.308
    • Windows 10 SDK version 10.0.22000.0

[✓] Android Studio (version 2023.1)
    • Android Studio at C:\Program Files\Android\Android Studio
    • Flutter plugin can be installed from:
      🔨 https://plugins.jetbrains.com/plugin/9212-flutter
    • Dart plugin can be installed from:
      🔨 https://plugins.jetbrains.com/plugin/6351-dart
    • android-studio-dir = C:\Program Files\Android\Android Studio
    • Java version OpenJDK Runtime Environment (build 17.0.7+0-b2043.56-10550314)

[✓] VS Code (version 1.88.1)
    • VS Code at C:\Users\acer\AppData\Local\Programs\Microsoft VS Code
    • Flutter extension version 3.86.0

[✓] Connected device (4 available)
    • SM A515F (mobile) • RR8NA06MCXP • android-arm64  • Android 13 (API 33)
    • Windows (desktop) • windows     • windows-x64    • Microsoft Windows [Version 10.0.22621.2715]
    • Chrome (web)      • chrome      • web-javascript • Google Chrome 123.0.6312.123
    • Edge (web)        • edge        • web-javascript • Microsoft Edge 123.0.2420.97

[✓] Network resources
    • All expected network resources are available.

• No issues found!
```
