#
# There is insufficient memory for the Java Runtime Environment to continue.
# Native memory allocation (malloc) failed to allocate 1048576 bytes for AllocateHeap
# Possible reasons:
#   The system is out of physical RAM or swap space
#   The process is running with CompressedOops enabled, and the Java Heap may be blocking the growth of the native heap
# Possible solutions:
#   Reduce memory load on the system
#   Increase physical memory or swap space
#   Check if swap backing store is full
#   Decrease Java heap size (-Xmx/-Xms)
#   Decrease number of Java threads
#   Decrease Java thread stack sizes (-Xss)
#   Set larger code cache with -XX:ReservedCodeCacheSize=
#   JVM is running with Unscaled Compressed Oops mode in which the Java heap is
#     placed in the first 4GB address space. The Java Heap base address is the
#     maximum limit for the native heap growth. Please use -XX:HeapBaseMinAddress
#     to set the Java Heap base and to place the Java Heap above 4GB virtual address.
# This output file may be truncated or incomplete.
#
#  Out of Memory Error (allocation.cpp:44), pid=13628, tid=13528
#
# JRE version:  (17.0.10+7) (build )
# Java VM: OpenJDK 64-Bit Server VM (17.0.10+7, mixed mode, tiered, compressed oops, compressed class ptrs, parallel gc, windows-amd64)
# No core dump will be written. Minidumps are not enabled by default on client versions of Windows
#

---------------  S U M M A R Y ------------

Command Line: --add-modules=ALL-SYSTEM --add-opens=java.base/java.util=ALL-UNNAMED --add-opens=java.base/java.lang=ALL-UNNAMED --add-opens=java.base/sun.nio.fs=ALL-UNNAMED -Declipse.application=org.eclipse.jdt.ls.core.id1 -Dosgi.bundles.defaultStartLevel=4 -Declipse.product=org.eclipse.jdt.ls.core.product -Djava.import.generatesMetadataFilesAtProjectRoot=false -DDetectVMInstallationsJob.disabled=true -Dfile.encoding=utf8 -XX:+UseParallelGC -XX:GCTimeRatio=4 -XX:AdaptiveSizePolicyWeight=90 -Dsun.zip.disableMemoryMapping=true -Xmx1G -Xms100m -Xlog:disable -javaagent:c:\Users\acer\.vscode\extensions\redhat.java-1.28.1-win32-x64\lombok\lombok-1.18.31.jar -XX:+HeapDumpOnOutOfMemoryError -XX:HeapDumpPath=c:\Users\acer\AppData\Roaming\Code\User\workspaceStorage\b7970afd0f45734d0a78a17dfa6577b1\redhat.java -Daether.dependencyCollector.impl=bf c:\Users\acer\.vscode\extensions\redhat.java-1.28.1-win32-x64\server\plugins\org.eclipse.equinox.launcher_1.6.700.v20231214-2017.jar -configuration c:\Users\acer\AppData\Roaming\Code\User\globalStorage\redhat.java\1.28.1\config_win -data c:\Users\acer\AppData\Roaming\Code\User\workspaceStorage\b7970afd0f45734d0a78a17dfa6577b1\redhat.java\jdt_ws --stdio

Host: Intel(R) Core(TM) i7-8750H CPU @ 2.20GHz, 12 cores, 15G,  Windows 11 , 64 bit Build 22621 (10.0.22621.2506)
Time: Wed Mar 13 13:19:47 2024 West Bank Gaza Standard Time elapsed time: 0.048130 seconds (0d 0h 0m 0s)

---------------  T H R E A D  ---------------

Current thread (0x000001b8d3739d10):  JavaThread "Unknown thread" [_thread_in_vm, id=13528, stack(0x0000007eae000000,0x0000007eae100000)]

Stack: [0x0000007eae000000,0x0000007eae100000]
Native frames: (J=compiled Java code, j=interpreted, Vv=VM code, C=native code)
V  [jvm.dll+0x67d2c9]
V  [jvm.dll+0x834afa]
V  [jvm.dll+0x8365be]
V  [jvm.dll+0x836c23]
V  [jvm.dll+0x2477ff]
V  [jvm.dll+0xa6c93]
V  [jvm.dll+0x6bae63]
V  [jvm.dll+0x6bb9df]
V  [jvm.dll+0x689a48]
V  [jvm.dll+0x806a7b]
V  [jvm.dll+0x36c774]
V  [jvm.dll+0x7e4e06]
V  [jvm.dll+0x3eff3f]
V  [jvm.dll+0x3f1b71]
C  [jli.dll+0x528f]
C  [ucrtbase.dll+0x29363]
C  [KERNEL32.DLL+0x1257d]
C  [ntdll.dll+0x5aa58]


---------------  P R O C E S S  ---------------

Threads class SMR info:
_java_thread_list=0x00007fff603aee98, length=0, elements={
}

Java Threads: ( => current thread )

Other Threads:
  0x000001b8d3750800 GCTaskThread "GC Thread#0" [stack: 0x0000007eae100000,0x0000007eae200000] [id=20780]

=>0x000001b8d3739d10 (exited) JavaThread "Unknown thread" [_thread_in_vm, id=13528, stack(0x0000007eae000000,0x0000007eae100000)]

Threads with active compile tasks:

VM state: not at safepoint (normal execution)

VM Mutex/Monitor currently owned by a thread: None

Heap address: 0x00000000c0000000, size: 1024 MB, Compressed Oops mode: 32-bit

CDS archive(s) not mapped
Compressed class space mapped at: 0x0000000100000000-0x0000000140000000, reserved size: 1073741824
Narrow klass base: 0x0000000000000000, Narrow klass shift: 3, Narrow klass range: 0x140000000

GC Precious Log:
 CPUs: 12 total, 12 available
 Memory: 16226M
 Large Page Support: Disabled
 NUMA Support: Disabled
 Compressed Oops: Enabled (32-bit)
 Alignments: Space 512K, Generation 512K, Heap 2M
 Heap Min Capacity: 100M
 Heap Initial Capacity: 100M
 Heap Max Capacity: 1G
 Pre-touch: Disabled
 Parallel Workers: 10

Heap:
 PSYoungGen      total 29696K, used 512K [0x00000000eab00000, 0x00000000ecc00000, 0x0000000100000000)
  eden space 25600K, 2% used [0x00000000eab00000,0x00000000eab80070,0x00000000ec400000)
  from space 4096K, 0% used [0x00000000ec800000,0x00000000ec800000,0x00000000ecc00000)
  to   space 4096K, 0% used [0x00000000ec400000,0x00000000ec400000,0x00000000ec800000)
 ParOldGen       total 68608K, used 0K [0x00000000c0000000, 0x00000000c4300000, 0x00000000eab00000)
  object space 68608K, 0% used [0x00000000c0000000,0x00000000c0000000,0x00000000c4300000)
 Metaspace       used 1149K, committed 1216K, reserved 1114112K
  class space    used 101K, committed 128K, reserved 1048576K

Card table byte_map: [0x000001b8d30f0000,0x000001b8d3300000] _byte_map_base: 0x000001b8d2af0000

Marking Bits: (ParMarkBitMap*) 0x00007fff6041d7d0
 Begin Bits: [0x000001b8e53d0000, 0x000001b8e63d0000)
 End Bits:   [0x000001b8e63d0000, 0x000001b8e73d0000)

Polling page: 0x000001b8d1730000

Metaspace:

Usage:
  Non-class:      1.02 MB used.
      Class:    101.05 KB used.
       Both:      1.12 MB used.

Virtual space:
  Non-class space:       64.00 MB reserved,       1.06 MB (  2%) committed,  1 nodes.
      Class space:        1.00 GB reserved,     128.00 KB ( <1%) committed,  1 nodes.
             Both:        1.06 GB reserved,       1.19 MB ( <1%) committed. 

Chunk freelists:
   Non-Class:  12.00 MB
       Class:  15.75 MB
        Both:  27.75 MB

MaxMetaspaceSize: unlimited
CompressedClassSpaceSize: 1.00 GB
Initial GC threshold: 21.00 MB
Current GC threshold: 17179869184.00 GB
CDS: off
MetaspaceReclaimPolicy: balanced
 - commit_granule_bytes: 65536.
 - commit_granule_words: 8192.
 - virtual_space_node_default_size: 8388608.
 - enlarge_chunks_in_place: 1.
 - new_chunks_are_fully_committed: 0.
 - uncommit_free_chunks: 1.
 - use_allocation_guard: 0.
 - handle_deallocations: 1.


Internal statistics:

num_allocs_failed_limit: 0.
num_arena_births: 2.
num_arena_deaths: 0.
num_vsnodes_births: 2.
num_vsnodes_deaths: 0.
num_space_committed: 19.
num_space_uncommitted: 0.
num_chunks_returned_to_freelist: 0.
num_chunks_taken_from_freelist: 3.
num_chunk_merges: 0.
num_chunk_splits: 2.
num_chunks_enlarged: 0.
num_inconsistent_stats: 0.

CodeHeap 'non-profiled nmethods': size=120000Kb used=0Kb max_used=0Kb free=120000Kb
 bounds [0x000001b8ddea0000, 0x000001b8de110000, 0x000001b8e53d0000]
CodeHeap 'profiled nmethods': size=120000Kb used=0Kb max_used=0Kb free=120000Kb
 bounds [0x000001b8d63d0000, 0x000001b8d6640000, 0x000001b8dd900000]
CodeHeap 'non-nmethods': size=5760Kb used=202Kb max_used=353Kb free=5557Kb
 bounds [0x000001b8dd900000, 0x000001b8ddb70000, 0x000001b8ddea0000]
 total_blobs=66 nmethods=0 adapters=47
 compilation: enabled
              stopped_count=0, restarted_count=0
 full_count=0

Compilation events (0 events):
No events

GC Heap History (0 events):
No events

Dll operation events (1 events):
Event: 0.011 Loaded shared library c:\Users\acer\.vscode\extensions\redhat.java-1.28.1-win32-x64\jre\17.0.10-win32-x86_64\bin\java.dll

Deoptimization events (0 events):
No events

Classes unloaded (0 events):
No events

Classes redefined (0 events):
No events

Internal exceptions (0 events):
No events

VM Operations (0 events):
No events

Events (20 events):
Event: 0.040 loading class java/lang/Long
Event: 0.040 loading class java/lang/Long done
Event: 0.040 loading class java/util/Iterator
Event: 0.040 loading class java/util/Iterator done
Event: 0.040 loading class java/lang/reflect/RecordComponent
Event: 0.040 loading class java/lang/reflect/RecordComponent done
Event: 0.040 loading class jdk/internal/vm/vector/VectorSupport
Event: 0.041 loading class jdk/internal/vm/vector/VectorSupport done
Event: 0.041 loading class jdk/internal/vm/vector/VectorSupport$VectorPayload
Event: 0.041 loading class jdk/internal/vm/vector/VectorSupport$VectorPayload done
Event: 0.041 loading class jdk/internal/vm/vector/VectorSupport$Vector
Event: 0.041 loading class jdk/internal/vm/vector/VectorSupport$Vector done
Event: 0.041 loading class jdk/internal/vm/vector/VectorSupport$VectorMask
Event: 0.041 loading class jdk/internal/vm/vector/VectorSupport$VectorMask done
Event: 0.041 loading class jdk/internal/vm/vector/VectorSupport$VectorShuffle
Event: 0.041 loading class jdk/internal/vm/vector/VectorSupport$VectorShuffle done
Event: 0.043 loading class java/lang/NullPointerException
Event: 0.044 loading class java/lang/NullPointerException done
Event: 0.044 loading class java/lang/ArithmeticException
Event: 0.044 loading class java/lang/ArithmeticException done


Dynamic libraries:
0x00007ff7c97e0000 - 0x00007ff7c97ee000 	c:\Users\acer\.vscode\extensions\redhat.java-1.28.1-win32-x64\jre\17.0.10-win32-x86_64\bin\java.exe
0x00007fffb68d0000 - 0x00007fffb6ae7000 	C:\WINDOWS\SYSTEM32\ntdll.dll
0x00007fffb53b0000 - 0x00007fffb5474000 	C:\WINDOWS\System32\KERNEL32.DLL
0x00007fffb3db0000 - 0x00007fffb4155000 	C:\WINDOWS\System32\KERNELBASE.dll
0x00007fffb41d0000 - 0x00007fffb42e1000 	C:\WINDOWS\System32\ucrtbase.dll
0x00007fff97e50000 - 0x00007fff97e67000 	c:\Users\acer\.vscode\extensions\redhat.java-1.28.1-win32-x64\jre\17.0.10-win32-x86_64\bin\jli.dll
0x00007fff91330000 - 0x00007fff9134b000 	c:\Users\acer\.vscode\extensions\redhat.java-1.28.1-win32-x64\jre\17.0.10-win32-x86_64\bin\VCRUNTIME140.dll
0x00007fffb4e90000 - 0x00007fffb503e000 	C:\WINDOWS\System32\USER32.dll
0x00007fffb3c40000 - 0x00007fffb3c66000 	C:\WINDOWS\System32\win32u.dll
0x00007fffa3640000 - 0x00007fffa38d3000 	C:\WINDOWS\WinSxS\amd64_microsoft.windows.common-controls_6595b64144ccf1df_6.0.22621.2506_none_270c5ae97388e100\COMCTL32.dll
0x00007fffb4de0000 - 0x00007fffb4e09000 	C:\WINDOWS\System32\GDI32.dll
0x00007fffb5490000 - 0x00007fffb5537000 	C:\WINDOWS\System32\msvcrt.dll
0x00007fffb42f0000 - 0x00007fffb4409000 	C:\WINDOWS\System32\gdi32full.dll
0x00007fffb4410000 - 0x00007fffb44aa000 	C:\WINDOWS\System32\msvcp_win.dll
0x00007fffb5040000 - 0x00007fffb5071000 	C:\WINDOWS\System32\IMM32.DLL
0x00007fffadfa0000 - 0x00007fffadfac000 	c:\Users\acer\.vscode\extensions\redhat.java-1.28.1-win32-x64\jre\17.0.10-win32-x86_64\bin\vcruntime140_1.dll
0x00007fff79010000 - 0x00007fff7909d000 	c:\Users\acer\.vscode\extensions\redhat.java-1.28.1-win32-x64\jre\17.0.10-win32-x86_64\bin\msvcp140.dll
0x00007fff5f880000 - 0x00007fff604e2000 	c:\Users\acer\.vscode\extensions\redhat.java-1.28.1-win32-x64\jre\17.0.10-win32-x86_64\bin\server\jvm.dll
0x00007fffb5a50000 - 0x00007fffb5b01000 	C:\WINDOWS\System32\ADVAPI32.dll
0x00007fffb5100000 - 0x00007fffb51a6000 	C:\WINDOWS\System32\sechost.dll
0x00007fffb51b0000 - 0x00007fffb52c7000 	C:\WINDOWS\System32\RPCRT4.dll
0x00007fffb3220000 - 0x00007fffb326d000 	C:\WINDOWS\SYSTEM32\POWRPROF.dll
0x00007fffa12d0000 - 0x00007fffa12d9000 	C:\WINDOWS\SYSTEM32\WSOCK32.dll
0x00007fffb5080000 - 0x00007fffb50f1000 	C:\WINDOWS\System32\WS2_32.dll
0x00007fffacf40000 - 0x00007fffacf74000 	C:\WINDOWS\SYSTEM32\WINMM.dll
0x00007fffacd40000 - 0x00007fffacd4a000 	C:\WINDOWS\SYSTEM32\VERSION.dll
0x00007fffb3200000 - 0x00007fffb3213000 	C:\WINDOWS\SYSTEM32\UMPDC.dll
0x00007fffb2be0000 - 0x00007fffb2bf8000 	C:\WINDOWS\SYSTEM32\kernel.appcore.dll
0x00007fffa0790000 - 0x00007fffa079a000 	c:\Users\acer\.vscode\extensions\redhat.java-1.28.1-win32-x64\jre\17.0.10-win32-x86_64\bin\jimage.dll
0x00007fffb1460000 - 0x00007fffb1693000 	C:\WINDOWS\SYSTEM32\DBGHELP.DLL
0x00007fffb47d0000 - 0x00007fffb4b59000 	C:\WINDOWS\System32\combase.dll
0x00007fffb52d0000 - 0x00007fffb53a7000 	C:\WINDOWS\System32\OLEAUT32.dll
0x00007fff9fe70000 - 0x00007fff9fea2000 	C:\WINDOWS\SYSTEM32\dbgcore.DLL
0x00007fffb3d30000 - 0x00007fffb3daa000 	C:\WINDOWS\System32\bcryptPrimitives.dll
0x00007fffa0660000 - 0x00007fffa066e000 	c:\Users\acer\.vscode\extensions\redhat.java-1.28.1-win32-x64\jre\17.0.10-win32-x86_64\bin\instrument.dll
0x00007fff7c1c0000 - 0x00007fff7c1e5000 	c:\Users\acer\.vscode\extensions\redhat.java-1.28.1-win32-x64\jre\17.0.10-win32-x86_64\bin\java.dll
0x00007fff8e660000 - 0x00007fff8e678000 	c:\Users\acer\.vscode\extensions\redhat.java-1.28.1-win32-x64\jre\17.0.10-win32-x86_64\bin\zip.dll

dbghelp: loaded successfully - version: 4.0.5 - missing functions: none
symbol engine: initialized successfully - sym options: 0x614 - pdb path: .;c:\Users\acer\.vscode\extensions\redhat.java-1.28.1-win32-x64\jre\17.0.10-win32-x86_64\bin;C:\WINDOWS\SYSTEM32;C:\WINDOWS\WinSxS\amd64_microsoft.windows.common-controls_6595b64144ccf1df_6.0.22621.2506_none_270c5ae97388e100;c:\Users\acer\.vscode\extensions\redhat.java-1.28.1-win32-x64\jre\17.0.10-win32-x86_64\bin\server

VM Arguments:
jvm_args: --add-modules=ALL-SYSTEM --add-opens=java.base/java.util=ALL-UNNAMED --add-opens=java.base/java.lang=ALL-UNNAMED --add-opens=java.base/sun.nio.fs=ALL-UNNAMED -Declipse.application=org.eclipse.jdt.ls.core.id1 -Dosgi.bundles.defaultStartLevel=4 -Declipse.product=org.eclipse.jdt.ls.core.product -Djava.import.generatesMetadataFilesAtProjectRoot=false -DDetectVMInstallationsJob.disabled=true -Dfile.encoding=utf8 -XX:+UseParallelGC -XX:GCTimeRatio=4 -XX:AdaptiveSizePolicyWeight=90 -Dsun.zip.disableMemoryMapping=true -Xmx1G -Xms100m -Xlog:disable -javaagent:c:\Users\acer\.vscode\extensions\redhat.java-1.28.1-win32-x64\lombok\lombok-1.18.31.jar -XX:+HeapDumpOnOutOfMemoryError -XX:HeapDumpPath=c:\Users\acer\AppData\Roaming\Code\User\workspaceStorage\b7970afd0f45734d0a78a17dfa6577b1\redhat.java -Daether.dependencyCollector.impl=bf 
java_command: c:\Users\acer\.vscode\extensions\redhat.java-1.28.1-win32-x64\server\plugins\org.eclipse.equinox.launcher_1.6.700.v20231214-2017.jar -configuration c:\Users\acer\AppData\Roaming\Code\User\globalStorage\redhat.java\1.28.1\config_win -data c:\Users\acer\AppData\Roaming\Code\User\workspaceStorage\b7970afd0f45734d0a78a17dfa6577b1\redhat.java\jdt_ws --stdio
java_class_path (initial): c:\Users\acer\.vscode\extensions\redhat.java-1.28.1-win32-x64\server\plugins\org.eclipse.equinox.launcher_1.6.700.v20231214-2017.jar
Launcher Type: SUN_STANDARD

[Global flags]
    uintx AdaptiveSizePolicyWeight                 = 90                                        {product} {command line}
     intx CICompilerCount                          = 4                                         {product} {ergonomic}
    uintx GCTimeRatio                              = 4                                         {product} {command line}
     bool HeapDumpOnOutOfMemoryError               = true                                   {manageable} {command line}
    ccstr HeapDumpPath                             = c:\Users\acer\AppData\Roaming\Code\User\workspaceStorage\b7970afd0f45734d0a78a17dfa6577b1\redhat.java         {manageable} {command line}
   size_t InitialHeapSize                          = 104857600                                 {product} {command line}
   size_t MaxHeapSize                              = 1073741824                                {product} {command line}
   size_t MaxNewSize                               = 357564416                                 {product} {ergonomic}
   size_t MinHeapDeltaBytes                        = 524288                                    {product} {ergonomic}
   size_t MinHeapSize                              = 104857600                                 {product} {command line}
   size_t NewSize                                  = 34603008                                  {product} {ergonomic}
    uintx NonNMethodCodeHeapSize                   = 5839372                                {pd product} {ergonomic}
    uintx NonProfiledCodeHeapSize                  = 122909434                              {pd product} {ergonomic}
   size_t OldSize                                  = 70254592                                  {product} {ergonomic}
    uintx ProfiledCodeHeapSize                     = 122909434                              {pd product} {ergonomic}
    uintx ReservedCodeCacheSize                    = 251658240                              {pd product} {ergonomic}
     bool SegmentedCodeCache                       = true                                      {product} {ergonomic}
   size_t SoftMaxHeapSize                          = 1073741824                             {manageable} {ergonomic}
     bool UseCompressedClassPointers               = true                           {product lp64_product} {ergonomic}
     bool UseCompressedOops                        = true                           {product lp64_product} {ergonomic}
     bool UseLargePagesIndividualAllocation        = false                                  {pd product} {ergonomic}
     bool UseParallelGC                            = true                                      {product} {command line}

Logging:
Log output configuration:
 #0: stdout all=off uptime,level,tags
 #1: stderr all=off uptime,level,tags

Environment Variables:
PATH=C:\Program Files\Common Files\Oracle\Java\javapath;C:\Program Files (x86)\Common Files\Oracle\Java\javapath;C:\ProgramData\Oracle\Java\javapath;C:\WINDOWS\system32;C:\WINDOWS;C:\WINDOWS\System32\Wbem;C:\WINDOWS\System32\WindowsPowerShell\v1.0\;C:\WINDOWS\System32\OpenSSH\;C:\flutter3.3\bin;C:\Program Files\Git\cmd;C:\Gradle\gradle-8.0.2\bin;C:\Users\acer\AppData\Local\Microsoft\WindowsApps;C:\Users\acer\AppData\Local\Programs\Microsoft VS Code\bin;C:\Users\acer\AppData\Local\GitHubDesktop\bin;C:\jdk-19.0.1\bin;C:\Program Files\Java\jdk-19\bin;C:\Users\acer\AppData\Local\Android\Sdk\platform-tools;C:\Gradle\gradle-8.0.2\bin;C:\flutter3.3\bin;F:\???19\download\DpFileList.bin;
USERNAME=Moahmed Tawashi
OS=Windows_NT
PROCESSOR_IDENTIFIER=Intel64 Family 6 Model 158 Stepping 10, GenuineIntel
TMP=C:\Users\acer\AppData\Local\Temp
TEMP=C:\Users\acer\AppData\Local\Temp



Periodic native trim disabled


---------------  S Y S T E M  ---------------

OS:
 Windows 11 , 64 bit Build 22621 (10.0.22621.2506)
OS uptime: 3 days 17:30 hours

CPU: total 12 (initial active 12) (6 cores per cpu, 2 threads per core) family 6 model 158 stepping 10 microcode 0xde, cx8, cmov, fxsr, ht, mmx, 3dnowpref, sse, sse2, sse3, ssse3, sse4.1, sse4.2, popcnt, lzcnt, tsc, tscinvbit, avx, avx2, aes, erms, clmul, bmi1, bmi2, adx, fma, vzeroupper, clflush, clflushopt
Processor Information for all 12 processors :
  Max Mhz: 2208, Current Mhz: 2208, Mhz Limit: 2208

Memory: 4k page, system-wide physical 16226M (2383M free)
TotalPageFile size 46530M (AvailPageFile size 9M)
current process WorkingSet (physical memory assigned to process): 16M, peak: 16M
current process commit charge ("private bytes"): 175M, peak: 176M

vm_info: OpenJDK 64-Bit Server VM (17.0.10+7) for windows-amd64 JRE (17.0.10+7), built on Jan 16 2024 23:25:11 by "admin" with MS VC++ 16.10 / 16.11 (VS2019)

END.
