#
# A fatal error has been detected by the Java Runtime Environment:
#
#  EXCEPTION_ACCESS_VIOLATION (0xc0000005) at pc=0x00007fffadb61be9, pid=796, tid=8372
#
# JRE version:  (17.0.10+7) (build )
# Java VM: OpenJDK 64-Bit Server VM (17.0.10+7, mixed mode, sharing, tiered, unknown gc, windows-amd64)
# Problematic frame:
# C  [jimage.dll+0x1be9]
#
# No core dump will be written. Minidumps are not enabled by default on client versions of Windows
#
#

---------------  S U M M A R Y ------------

Command Line: 

Host: Intel(R) Core(TM) i7-8750H CPU @ 2.20GHz, 12 cores, 15G,  Windows 11 , 64 bit Build 22621 (10.0.22621.2506)
Time: Wed Mar 13 13:45:16 2024 West Bank Gaza Standard Time elapsed time: 0.017799 seconds (0d 0h 0m 0s)

---------------  T H R E A D  ---------------

Current thread is native thread

Stack: [0x000000b3dc300000,0x000000b3dc400000],  sp=0x000000b3dc3fd630,  free space=1013k
Native frames: (J=compiled Java code, j=interpreted, Vv=VM code, C=native code)
C  [jimage.dll+0x1be9]
C  [jimage.dll+0x1d77]
C  [jimage.dll+0x2655]
V  [jvm.dll+0x1f2d9a]
V  [jvm.dll+0xb0abe]
V  [jvm.dll+0x7e48ec]
V  [jvm.dll+0x3eff3f]
V  [jvm.dll+0x3f1b71]
C  [jli.dll+0x528f]
C  [ucrtbase.dll+0x29363]
C  [KERNEL32.DLL+0x1257d]
C  [ntdll.dll+0x5aa58]


siginfo: EXCEPTION_ACCESS_VIOLATION (0xc0000005), reading address 0x000000000001700c


Registers:
RAX=0x0000000000005bfc, RBX=0x000000b3dc3fd721, RCX=0x00007fffadb66000, RDX=0x0000000000005bfc
RSP=0x000000b3dc3fd630, RBP=0x000000b3dc3fd720, RSI=0x00000000000071c4, RDI=0x000000b3dc3fd720
R8 =0x00007fffadb64288, R9 =0x000000000000001c, R10=0x00007fffae370000, R11=0x00007fffadb66000
R12=0x0000000000000002, R13=0x0000024953ddb900, R14=0x000000b3dc3fe790, R15=0x00007fff76367d98
RIP=0x00007fffadb61be9, EFLAGS=0x0000000000010246


Top of Stack: (sp=0x000000b3dc3fd630)
0x000000b3dc3fd630:   0000024953dd0150 000000001e00001e
0x000000b3dc3fd640:   0000024953bf0c2c 0000024955f60000
0x000000b3dc3fd650:   0000024953e0b840 00007fffadb61d77
0x000000b3dc3fd660:   000000000000000b 0000024953e0b840
0x000000b3dc3fd670:   00000000000006f5 00000000000006f5
0x000000b3dc3fd680:   00000000000006f5 00007fffb691423a
0x000000b3dc3fd690:   0000024953dd35a0 0000024910000010
0x000000b3dc3fd6a0:   0000024953dd0000 000000b3000003ff
0x000000b3dc3fd6b0:   00000000000006f5 0000024955f60080
0x000000b3dc3fd6c0:   0000a081083aa744 0000024953dd0150
0x000000b3dc3fd6d0:   00007fff76346830 0000000000000017
0x000000b3dc3fd6e0:   0000024953e0b840 000000b3dc3fe790
0x000000b3dc3fd6f0:   000000000000000b 00007fffadb62655
0x000000b3dc3fd700:   0000024953dd0000 00007fff000003ff
0x000000b3dc3fd710:   0000000000000687 0000024955f8a760
0x000000b3dc3fd720:   61622e6176616a2f 692f6b646a2f6573
0x000000b3dc3fd730:   2f6c616e7265746e 6f6974706f2f6d76
0x000000b3dc3fd740:   000002495300736e 0000024955f8afc0
0x000000b3dc3fd750:   00000249000003ff 0000000000000687
0x000000b3dc3fd760:   0000024955f60000 0000024905010004
0x000000b3dc3fd770:   00000000000005eb 0000000000005eb0
0x000000b3dc3fd780:   0000024953dd007c 0000024953dd0150
0x000000b3dc3fd790:   0000024955f8a750 00007fff10000010
0x000000b3dc3fd7a0:   0000024953dd0000 000000b3dc3fd7f0
0x000000b3dc3fd7b0:   0000000000000000 0000000000000000
0x000000b3dc3fd7c0:   0000024953dd0150 0000024955f90600
0x000000b3dc3fd7d0:   0000000000000000 0000000000000000
0x000000b3dc3fd7e0:   000000000000009c 00007fffb691423a
0x000000b3dc3fd7f0:   0000024953dd35a0 000000b3dc3fdb29
0x000000b3dc3fd800:   0000024953dd0000 000000000000009c
0x000000b3dc3fd810:   0000024955f90610 0000024955f90600
0x000000b3dc3fd820:   0000024953dd02c0 00007fffb690f476 

Instructions: (pc=0x00007fffadb61be9)
0x00007fffadb61ae9:   48 85 c9 74 1d 80 3d 1b 45 00 00 00 74 06 48 8b
0x00007fffadb61af9:   53 18 eb 04 48 8b 53 40 e8 ae 0e 00 00 48 83 63
0x00007fffadb61b09:   48 00 8b 4b 0c 83 f9 ff 74 09 e8 e4 0c 00 00 83
0x00007fffadb61b19:   4b 0c ff 48 8b 4b 70 48 85 c9 74 0f ba 10 00 00
0x00007fffadb61b29:   00 e8 fd 0e 00 00 48 83 63 70 00 48 83 c4 20 5b
0x00007fffadb61b39:   c3 cc cc 40 53 48 83 ec 20 48 8b d9 48 8d 0d d4
0x00007fffadb61b49:   46 00 00 e8 b3 0c 00 00 83 6b 08 01 75 24 48 8b
0x00007fffadb61b59:   d3 48 8d 0d b7 44 00 00 e8 22 08 00 00 48 8b cb
0x00007fffadb61b69:   e8 de fe ff ff ba 78 00 00 00 48 8b cb e8 b1 0e
0x00007fffadb61b79:   00 00 48 8d 0d 9e 46 00 00 48 83 c4 20 5b e9 80
0x00007fffadb61b89:   0c 00 00 48 89 5c 24 08 48 89 74 24 10 57 48 83
0x00007fffadb61b99:   ec 20 41 8b f1 4d 8b c8 48 8b fa 4c 8b d9 4d 85
0x00007fffadb61ba9:   c0 74 78 85 f6 74 74 44 8a 12 48 8d 5a 01 48 8b
0x00007fffadb61bb9:   d3 b8 93 01 00 01 eb 12 69 c0 93 01 00 01 41 0f
0x00007fffadb61bc9:   b6 ca 44 8a 12 33 c1 48 ff c2 45 84 d2 75 e9 4d
0x00007fffadb61bd9:   8b 03 0f ba f0 1f 33 d2 49 8b cb f7 f6 48 63 c2
0x00007fffadb61be9:   41 8b 14 81 41 ff 50 08 85 c0 7e 24 8a 0f eb 10
0x00007fffadb61bf9:   69 c0 93 01 00 01 0f b6 c9 33 c1 8a 0b 48 ff c3
0x00007fffadb61c09:   84 c9 75 ec 0f ba f0 1f 33 d2 f7 f6 8b c2 eb 0e
0x00007fffadb61c19:   79 09 83 c9 ff 2b c8 8b c1 eb 03 83 c8 ff 48 8b
0x00007fffadb61c29:   5c 24 30 48 8b 74 24 38 48 83 c4 20 5f c3 cc 48
0x00007fffadb61c39:   89 5c 24 08 48 89 74 24 10 57 48 83 ec 20 48 8b
0x00007fffadb61c49:   f1 48 8d 0d cf 45 00 00 e8 ae 0b 00 00 33 ff 39
0x00007fffadb61c59:   3d ba 43 00 00 76 24 48 8b 05 b9 43 00 00 48 8b
0x00007fffadb61c69:   d6 48 8b 1c f8 48 8b 0b e8 64 1e 00 00 85 c0 74
0x00007fffadb61c79:   2b ff c7 3b 3d 96 43 00 00 72 dc 33 db 48 8d 0d
0x00007fffadb61c89:   93 45 00 00 e8 7a 0b 00 00 48 8b 74 24 38 48 8b
0x00007fffadb61c99:   c3 48 8b 5c 24 30 48 83 c4 20 5f c3 ff 43 08 eb
0x00007fffadb61ca9:   dc cc cc 48 89 5c 24 08 48 89 74 24 10 57 48 83
0x00007fffadb61cb9:   ec 20 48 8b d9 48 8b f2 48 8b 49 10 49 8b f8 8b
0x00007fffadb61cc9:   53 30 48 8b 01 ff 50 20 4c 8b 43 50 48 8b d6 48
0x00007fffadb61cd9:   8b 4b 10 44 8b c8 e8 a8 fe ff ff 83 f8 ff 74 38 



---------------  P R O C E S S  ---------------

VM state: not at safepoint (not fully initialized)

VM Mutex/Monitor currently owned by a thread: None

GC Precious Log:
<Not initialized>


Dynamic libraries:
0x00007ff73dfc0000 - 0x00007ff73dfce000 	c:\Users\acer\.vscode\extensions\redhat.java-1.28.1-win32-x64\jre\17.0.10-win32-x86_64\bin\java.exe
0x00007fffb68d0000 - 0x00007fffb6ae7000 	C:\WINDOWS\SYSTEM32\ntdll.dll
0x00007fffb53b0000 - 0x00007fffb5474000 	C:\WINDOWS\System32\KERNEL32.DLL
0x00007fffb3db0000 - 0x00007fffb4155000 	C:\WINDOWS\System32\KERNELBASE.dll
0x00007fffb41d0000 - 0x00007fffb42e1000 	C:\WINDOWS\System32\ucrtbase.dll
0x00007fffad010000 - 0x00007fffad027000 	c:\Users\acer\.vscode\extensions\redhat.java-1.28.1-win32-x64\jre\17.0.10-win32-x86_64\bin\jli.dll
0x00007fffae370000 - 0x00007fffae38b000 	c:\Users\acer\.vscode\extensions\redhat.java-1.28.1-win32-x64\jre\17.0.10-win32-x86_64\bin\VCRUNTIME140.dll
0x00007fffb4e90000 - 0x00007fffb503e000 	C:\WINDOWS\System32\USER32.dll
0x00007fffa3640000 - 0x00007fffa38d3000 	C:\WINDOWS\WinSxS\amd64_microsoft.windows.common-controls_6595b64144ccf1df_6.0.22621.2506_none_270c5ae97388e100\COMCTL32.dll
0x00007fffb3c40000 - 0x00007fffb3c66000 	C:\WINDOWS\System32\win32u.dll
0x00007fffb5490000 - 0x00007fffb5537000 	C:\WINDOWS\System32\msvcrt.dll
0x00007fffb4de0000 - 0x00007fffb4e09000 	C:\WINDOWS\System32\GDI32.dll
0x00007fffb42f0000 - 0x00007fffb4409000 	C:\WINDOWS\System32\gdi32full.dll
0x00007fffb4410000 - 0x00007fffb44aa000 	C:\WINDOWS\System32\msvcp_win.dll
0x00007fffb5040000 - 0x00007fffb5071000 	C:\WINDOWS\System32\IMM32.DLL
0x00007fffaeca0000 - 0x00007fffaecac000 	c:\Users\acer\.vscode\extensions\redhat.java-1.28.1-win32-x64\jre\17.0.10-win32-x86_64\bin\vcruntime140_1.dll
0x00007fffa07b0000 - 0x00007fffa083d000 	c:\Users\acer\.vscode\extensions\redhat.java-1.28.1-win32-x64\jre\17.0.10-win32-x86_64\bin\msvcp140.dll
0x00007fff75a30000 - 0x00007fff76692000 	c:\Users\acer\.vscode\extensions\redhat.java-1.28.1-win32-x64\jre\17.0.10-win32-x86_64\bin\server\jvm.dll
0x00007fffb5a50000 - 0x00007fffb5b01000 	C:\WINDOWS\System32\ADVAPI32.dll
0x00007fffb5100000 - 0x00007fffb51a6000 	C:\WINDOWS\System32\sechost.dll
0x00007fffb51b0000 - 0x00007fffb52c7000 	C:\WINDOWS\System32\RPCRT4.dll
0x00007fffb3220000 - 0x00007fffb326d000 	C:\WINDOWS\SYSTEM32\POWRPROF.dll
0x00007fffa12d0000 - 0x00007fffa12d9000 	C:\WINDOWS\SYSTEM32\WSOCK32.dll
0x00007fffb5080000 - 0x00007fffb50f1000 	C:\WINDOWS\System32\WS2_32.dll
0x00007fffacf40000 - 0x00007fffacf74000 	C:\WINDOWS\SYSTEM32\WINMM.dll
0x00007fffacd40000 - 0x00007fffacd4a000 	C:\WINDOWS\SYSTEM32\VERSION.dll
0x00007fffb3200000 - 0x00007fffb3213000 	C:\WINDOWS\SYSTEM32\UMPDC.dll
0x00007fffb2be0000 - 0x00007fffb2bf8000 	C:\WINDOWS\SYSTEM32\kernel.appcore.dll
0x00007fffadb60000 - 0x00007fffadb6a000 	c:\Users\acer\.vscode\extensions\redhat.java-1.28.1-win32-x64\jre\17.0.10-win32-x86_64\bin\jimage.dll
0x00007fffb1460000 - 0x00007fffb1693000 	C:\WINDOWS\SYSTEM32\DBGHELP.DLL
0x00007fffb47d0000 - 0x00007fffb4b59000 	C:\WINDOWS\System32\combase.dll
0x00007fffb52d0000 - 0x00007fffb53a7000 	C:\WINDOWS\System32\OLEAUT32.dll
0x00007fff9fe70000 - 0x00007fff9fea2000 	C:\WINDOWS\SYSTEM32\dbgcore.DLL
0x00007fffb3d30000 - 0x00007fffb3daa000 	C:\WINDOWS\System32\bcryptPrimitives.dll

dbghelp: loaded successfully - version: 4.0.5 - missing functions: none
symbol engine: initialized successfully - sym options: 0x614 - pdb path: .;c:\Users\acer\.vscode\extensions\redhat.java-1.28.1-win32-x64\jre\17.0.10-win32-x86_64\bin;C:\WINDOWS\SYSTEM32;C:\WINDOWS\WinSxS\amd64_microsoft.windows.common-controls_6595b64144ccf1df_6.0.22621.2506_none_270c5ae97388e100;c:\Users\acer\.vscode\extensions\redhat.java-1.28.1-win32-x64\jre\17.0.10-win32-x86_64\bin\server

VM Arguments:
java_command: <unknown>
java_class_path (initial): <not set>
Launcher Type: SUN_STANDARD

[Global flags]
     bool UseLargePagesIndividualAllocation        = false                                  {pd product} {ergonomic}

Logging:
Log output configuration:
 #0: stdout all=warning uptime,level,tags
 #1: stderr all=off uptime,level,tags

Environment Variables:
PATH=C:\Program Files\Common Files\Oracle\Java\javapath;C:\Program Files (x86)\Common Files\Oracle\Java\javapath;C:\ProgramData\Oracle\Java\javapath;C:\WINDOWS\system32;C:\WINDOWS;C:\WINDOWS\System32\Wbem;C:\WINDOWS\System32\WindowsPowerShell\v1.0\;C:\WINDOWS\System32\OpenSSH\;C:\flutter3.3\bin;C:\Program Files\Git\cmd;C:\Gradle\gradle-8.0.2\bin;C:\Users\acer\AppData\Local\Microsoft\WindowsApps;C:\Users\acer\AppData\Local\Programs\Microsoft VS Code\bin;C:\Users\acer\AppData\Local\GitHubDesktop\bin;C:\jdk-19.0.1\bin;C:\Program Files\Java\jdk-19\bin;C:\Users\acer\AppData\Local\Android\Sdk\platform-tools;C:\Gradle\gradle-8.0.2\bin;C:\flutter3.3\bin;F:\???19\download\DpFileList.bin;
USERNAME=Moahmed Tawashi
OS=Windows_NT
PROCESSOR_IDENTIFIER=Intel64 Family 6 Model 158 Stepping 10, GenuineIntel
TMP=C:\Users\acer\AppData\Local\Temp
TEMP=C:\Users\acer\AppData\Local\Temp



Periodic native trim disabled


---------------  S Y S T E M  ---------------

OS:
 Windows 11 , 64 bit Build 22621 (10.0.22621.2506)
OS uptime: 3 days 17:55 hours

CPU: total 12 (initial active 0) 
Processor Information for all 12 processors :
  Max Mhz: 2208, Current Mhz: 2208, Mhz Limit: 2208

Memory: 4k page, system-wide physical 16226M (4256M free)
TotalPageFile size 46530M (AvailPageFile size 6M)
current process WorkingSet (physical memory assigned to process): 8M, peak: 8M
current process commit charge ("private bytes"): 3M, peak: 3M

vm_info: OpenJDK 64-Bit Server VM (17.0.10+7) for windows-amd64 JRE (17.0.10+7), built on Jan 16 2024 23:25:11 by "admin" with MS VC++ 16.10 / 16.11 (VS2019)

END.
