#
# There is insufficient memory for the Java Runtime Environment to continue.
# Native memory allocation (mmap) failed to map 266338304 bytes for G1 virtual space
# Possible reasons:
#   The system is out of physical RAM or swap space
#   The process is running with CompressedOops enabled, and the Java Heap may be blocking the growth of the native heap
# Possible solutions:
#   Reduce memory load on the system
#   Increase physical memory or swap space
#   Check if swap backing store is full
#   Decrease Java heap size (-Xmx/-Xms)
#   Decrease number of Java threads
#   Decrease Java thread stack sizes (-Xss)
#   Set larger code cache with -XX:ReservedCodeCacheSize=
#   JVM is running with Zero Based Compressed Oops mode in which the Java heap is
#     placed in the first 32GB address space. The Java Heap base address is the
#     maximum limit for the native heap growth. Please use -XX:HeapBaseMinAddress
#     to set the Java Heap base and to place the Java Heap above 32GB virtual address.
# This output file may be truncated or incomplete.
#
#  Out of Memory Error (os_windows.cpp:3771), pid=9656, tid=348
#
# JRE version:  (17.0.7) (build )
# Java VM: OpenJDK 64-Bit Server VM (17.0.7+0-b2043.56-10550314, mixed mode, sharing, tiered, compressed oops, compressed class ptrs, g1 gc, windows-amd64)
# No core dump will be written. Minidumps are not enabled by default on client versions of Windows
#

---------------  S U M M A R Y ------------

Command Line: 

Host: Intel(R) Core(TM) i7-8750H CPU @ 2.20GHz, 12 cores, 15G,  Windows 11 , 64 bit Build 22621 (10.0.22621.2506)
Time: Tue Mar 12 15:30:46 2024 West Bank Gaza Standard Time elapsed time: 0.016102 seconds (0d 0h 0m 0s)

---------------  T H R E A D  ---------------

Current thread (0x000002ca1cd8cb00):  JavaThread "Unknown thread" [_thread_in_vm, id=348, stack(0x000000ffc3e00000,0x000000ffc3f00000)]

Stack: [0x000000ffc3e00000,0x000000ffc3f00000]
Native frames: (J=compiled Java code, j=interpreted, Vv=VM code, C=native code)
V  [jvm.dll+0x683bfa]
V  [jvm.dll+0x8430a4]
V  [jvm.dll+0x8449be]
V  [jvm.dll+0x845023]
V  [jvm.dll+0x24ad2f]
V  [jvm.dll+0x680ac9]
V  [jvm.dll+0x67519a]
V  [jvm.dll+0x30b3cb]
V  [jvm.dll+0x312876]
V  [jvm.dll+0x36221e]
V  [jvm.dll+0x36244f]
V  [jvm.dll+0x2e14a8]
V  [jvm.dll+0x2e2414]
V  [jvm.dll+0x814391]
V  [jvm.dll+0x36ffe1]
V  [jvm.dll+0x7f396c]
V  [jvm.dll+0x3f305f]
V  [jvm.dll+0x3f4b91]
C  [jli.dll+0x528f]
C  [ucrtbase.dll+0x29363]
C  [KERNEL32.DLL+0x1257d]
C  [ntdll.dll+0x5aa58]


---------------  P R O C E S S  ---------------

Threads class SMR info:
_java_thread_list=0x00007fff742ed098, length=0, elements={
}

Java Threads: ( => current thread )

Other Threads:
  0x000002ca1cdf5920 GCTaskThread "GC Thread#0" [stack: 0x000000ffc3f00000,0x000000ffc4000000] [id=21048]
  0x000002ca1ce065f0 ConcurrentGCThread "G1 Main Marker" [stack: 0x000000ffc4000000,0x000000ffc4100000] [id=3700]
  0x000002ca1ce077a0 ConcurrentGCThread "G1 Conc#0" [stack: 0x000000ffc4100000,0x000000ffc4200000] [id=9388]

[error occurred during error reporting (printing all threads), id 0xc0000005, EXCEPTION_ACCESS_VIOLATION (0xc0000005) at pc=0x00007fff73aa2087]

VM state: not at safepoint (not fully initialized)

VM Mutex/Monitor currently owned by a thread:  ([mutex/lock_event])
[0x000002ca1cd8ab80] Heap_lock - owner thread: 0x000002ca1cd8cb00

Heap address: 0x0000000702600000, size: 4058 MB, Compressed Oops mode: Zero based, Oop shift amount: 3

CDS archive(s) mapped at: [0x0000000000000000-0x0000000000000000-0x0000000000000000), size 0, SharedBaseAddress: 0x0000000800000000, ArchiveRelocationMode: 0.
Narrow klass base: 0x0000000000000000, Narrow klass shift: 0, Narrow klass range: 0x0

GC Precious Log:
<Empty>

Heap:
 garbage-first heap   total 0K, used 0K [0x0000000702600000, 0x0000000800000000)
  region size 2048K, 0 young (0K), 0 survivors (0K)
 Metaspace       used 0K, committed 0K, reserved 0K
  class space    used 0K, committed 0K, reserved 0K

Heap Regions: E=young(eden), S=young(survivor), O=old, HS=humongous(starts), HC=humongous(continues), CS=collection set, F=free, OA=open archive, CA=closed archive, TAMS=top-at-mark-start (previous, next)

Card table byte_map: [0x000002ca2ffa0000,0x000002ca30790000] _byte_map_base: 0x000002ca2c78d000

Marking Bits (Prev, Next): (CMBitMap*) 0x000002ca1cdf5f30, (CMBitMap*) 0x000002ca1cdf5f70
 Prev Bits: [0x000002ca30f80000, 0x000002ca34ee8000)
 Next Bits: [0x000002ca34ef0000, 0x000002ca38e58000)

GC Heap History (0 events):
No events

Dll operation events (1 events):
Event: 0.011 Loaded shared library C:\Program Files\Android\Android Studio\jbr\bin\java.dll

Deoptimization events (0 events):
No events

Classes unloaded (0 events):
No events

Classes redefined (0 events):
No events

Internal exceptions (0 events):
No events

VM Operations (0 events):
No events

Events (0 events):
No events


Dynamic libraries:
0x00007ff615080000 - 0x00007ff61508a000 	C:\Program Files\Android\Android Studio\jbr\bin\java.EXE
0x00007fffb68d0000 - 0x00007fffb6ae7000 	C:\WINDOWS\SYSTEM32\ntdll.dll
0x00007fffb53b0000 - 0x00007fffb5474000 	C:\WINDOWS\System32\KERNEL32.DLL
0x00007fffb3db0000 - 0x00007fffb4155000 	C:\WINDOWS\System32\KERNELBASE.dll
0x00007fffb41d0000 - 0x00007fffb42e1000 	C:\WINDOWS\System32\ucrtbase.dll
0x00007fff8a280000 - 0x00007fff8a297000 	C:\Program Files\Android\Android Studio\jbr\bin\jli.dll
0x00007fff8d270000 - 0x00007fff8d28b000 	C:\Program Files\Android\Android Studio\jbr\bin\VCRUNTIME140.dll
0x00007fffb4e90000 - 0x00007fffb503e000 	C:\WINDOWS\System32\USER32.dll
0x00007fffa3640000 - 0x00007fffa38d3000 	C:\WINDOWS\WinSxS\amd64_microsoft.windows.common-controls_6595b64144ccf1df_6.0.22621.2506_none_270c5ae97388e100\COMCTL32.dll
0x00007fffb3c40000 - 0x00007fffb3c66000 	C:\WINDOWS\System32\win32u.dll
0x00007fffb5490000 - 0x00007fffb5537000 	C:\WINDOWS\System32\msvcrt.dll
0x00007fffb4de0000 - 0x00007fffb4e09000 	C:\WINDOWS\System32\GDI32.dll
0x00007fffb42f0000 - 0x00007fffb4409000 	C:\WINDOWS\System32\gdi32full.dll
0x00007fffb4410000 - 0x00007fffb44aa000 	C:\WINDOWS\System32\msvcp_win.dll
0x00007fffb5040000 - 0x00007fffb5071000 	C:\WINDOWS\System32\IMM32.DLL
0x00007fffa9850000 - 0x00007fffa985c000 	C:\Program Files\Android\Android Studio\jbr\bin\vcruntime140_1.dll
0x00007fff7e060000 - 0x00007fff7e0ed000 	C:\Program Files\Android\Android Studio\jbr\bin\msvcp140.dll
0x00007fff737b0000 - 0x00007fff74430000 	C:\Program Files\Android\Android Studio\jbr\bin\server\jvm.dll
0x00007fffb5a50000 - 0x00007fffb5b01000 	C:\WINDOWS\System32\ADVAPI32.dll
0x00007fffb5100000 - 0x00007fffb51a6000 	C:\WINDOWS\System32\sechost.dll
0x00007fffb51b0000 - 0x00007fffb52c7000 	C:\WINDOWS\System32\RPCRT4.dll
0x00007fffa12d0000 - 0x00007fffa12d9000 	C:\WINDOWS\SYSTEM32\WSOCK32.dll
0x00007fffacf40000 - 0x00007fffacf74000 	C:\WINDOWS\SYSTEM32\WINMM.dll
0x00007fffacd40000 - 0x00007fffacd4a000 	C:\WINDOWS\SYSTEM32\VERSION.dll
0x00007fffb5080000 - 0x00007fffb50f1000 	C:\WINDOWS\System32\WS2_32.dll
0x00007fffb2be0000 - 0x00007fffb2bf8000 	C:\WINDOWS\SYSTEM32\kernel.appcore.dll
0x00007fffa8f30000 - 0x00007fffa8f3a000 	C:\Program Files\Android\Android Studio\jbr\bin\jimage.dll
0x00007fffb1460000 - 0x00007fffb1693000 	C:\WINDOWS\SYSTEM32\DBGHELP.DLL
0x00007fffb47d0000 - 0x00007fffb4b59000 	C:\WINDOWS\System32\combase.dll
0x00007fffb52d0000 - 0x00007fffb53a7000 	C:\WINDOWS\System32\OLEAUT32.dll
0x00007fff9fe70000 - 0x00007fff9fea2000 	C:\WINDOWS\SYSTEM32\dbgcore.DLL
0x00007fffb3d30000 - 0x00007fffb3daa000 	C:\WINDOWS\System32\bcryptPrimitives.dll
0x00007fff88380000 - 0x00007fff883a5000 	C:\Program Files\Android\Android Studio\jbr\bin\java.dll

dbghelp: loaded successfully - version: 4.0.5 - missing functions: none
symbol engine: initialized successfully - sym options: 0x614 - pdb path: .;C:\Program Files\Android\Android Studio\jbr\bin;C:\WINDOWS\SYSTEM32;C:\WINDOWS\WinSxS\amd64_microsoft.windows.common-controls_6595b64144ccf1df_6.0.22621.2506_none_270c5ae97388e100;C:\Program Files\Android\Android Studio\jbr\bin\server

VM Arguments:
java_command: <unknown>
java_class_path (initial): <not set>
Launcher Type: SUN_STANDARD

[Global flags]
     intx CICompilerCount                          = 4                                         {product} {ergonomic}
     uint ConcGCThreads                            = 3                                         {product} {ergonomic}
     uint G1ConcRefinementThreads                  = 10                                        {product} {ergonomic}
   size_t G1HeapRegionSize                         = 2097152                                   {product} {ergonomic}
    uintx GCDrainStackTargetSize                   = 64                                        {product} {ergonomic}
   size_t InitialHeapSize                          = 266338304                                 {product} {ergonomic}
   size_t MarkStackSize                            = 4194304                                   {product} {ergonomic}
   size_t MaxHeapSize                              = 4255121408                                {product} {ergonomic}
   size_t MinHeapDeltaBytes                        = 2097152                                   {product} {ergonomic}
   size_t MinHeapSize                              = 8388608                                   {product} {ergonomic}
    uintx NonNMethodCodeHeapSize                   = 5839372                                {pd product} {ergonomic}
    uintx NonProfiledCodeHeapSize                  = 122909434                              {pd product} {ergonomic}
    uintx ProfiledCodeHeapSize                     = 122909434                              {pd product} {ergonomic}
    uintx ReservedCodeCacheSize                    = 251658240                              {pd product} {ergonomic}
     bool SegmentedCodeCache                       = true                                      {product} {ergonomic}
   size_t SoftMaxHeapSize                          = 4255121408                             {manageable} {ergonomic}
     bool UseCompressedClassPointers               = true                           {product lp64_product} {ergonomic}
     bool UseCompressedOops                        = true                           {product lp64_product} {ergonomic}
     bool UseG1GC                                  = true                                      {product} {ergonomic}
     bool UseLargePagesIndividualAllocation        = false                                  {pd product} {ergonomic}

Logging:
Log output configuration:
 #0: stdout all=warning uptime,level,tags
 #1: stderr all=off uptime,level,tags

Environment Variables:
PATH=C:\Program Files\Common Files\Oracle\Java\javapath;C:\Program Files (x86)\Common Files\Oracle\Java\javapath;C:\ProgramData\Oracle\Java\javapath;C:\WINDOWS\system32;C:\WINDOWS;C:\WINDOWS\System32\Wbem;C:\WINDOWS\System32\WindowsPowerShell\v1.0\;C:\WINDOWS\System32\OpenSSH\;C:\flutter3.3\bin;C:\Program Files\Git\cmd;C:\Gradle\gradle-8.0.2\bin;C:\Users\acer\AppData\Local\Microsoft\WindowsApps;C:\Users\acer\AppData\Local\Programs\Microsoft VS Code\bin;C:\Users\acer\AppData\Local\GitHubDesktop\bin;C:\jdk-19.0.1\bin;C:\Program Files\Java\jdk-19\bin;C:\Users\acer\AppData\Local\Android\Sdk\platform-tools;C:\Gradle\gradle-8.0.2\bin;C:\flutter3.3\bin;F:\???19\download\DpFileList.bin;;C:\flutter3.3\bin\mingit\cmd;C:\flutter3.3\bin\mingit\cmd
USERNAME=Moahmed Tawashi
OS=Windows_NT
PROCESSOR_IDENTIFIER=Intel64 Family 6 Model 158 Stepping 10, GenuineIntel
TMP=C:\Users\acer\AppData\Local\Temp
TEMP=C:\Users\acer\AppData\Local\Temp


JNI global refs:
JNI global refs: 0, weak refs: 0

JNI global refs memory usage: 0, weak refs: 0

OOME stack traces (most recent first):
Classloader memory used:


---------------  S Y S T E M  ---------------

OS:
 Windows 11 , 64 bit Build 22621 (10.0.22621.2506)
OS uptime: 2 days 19:41 hours

CPU: total 12 (initial active 12) (6 cores per cpu, 2 threads per core) family 6 model 158 stepping 10 microcode 0xde, cx8, cmov, fxsr, ht, mmx, 3dnowpref, sse, sse2, sse3, ssse3, sse4.1, sse4.2, popcnt, lzcnt, tsc, tscinvbit, avx, avx2, aes, erms, clmul, bmi1, bmi2, adx, fma, vzeroupper, clflush, clflushopt

Memory: 4k page, system-wide physical 16226M (1969M free)
TotalPageFile size 46527M (AvailPageFile size 169M)
current process WorkingSet (physical memory assigned to process): 11M, peak: 11M
current process commit charge ("private bytes"): 64M, peak: 318M

vm_info: OpenJDK 64-Bit Server VM (17.0.7+0-b2043.56-10550314) for windows-amd64 JRE (17.0.7+0-b2043.56-10550314), built on Jul 24 2023 18:27:45 by "androidbuild" with MS VC++ 16.10 / 16.11 (VS2019)

END.
