#
# There is insufficient memory for the Java Runtime Environment to continue.
# Native memory allocation (mmap) failed to map 266338304 bytes for G1 virtual space
# Possible reasons:
#   The system is out of physical RAM or swap space
#   The process is running with CompressedOops enabled, and the Java Heap may be blocking the growth of the native heap
# Possible solutions:
#   Reduce memory load on the system
#   Increase physical memory or swap space
#   Check if swap backing store is full
#   Decrease Java heap size (-Xmx/-Xms)
#   Decrease number of Java threads
#   Decrease Java thread stack sizes (-Xss)
#   Set larger code cache with -XX:ReservedCodeCacheSize=
#   JVM is running with Zero Based Compressed Oops mode in which the Java heap is
#     placed in the first 32GB address space. The Java Heap base address is the
#     maximum limit for the native heap growth. Please use -XX:HeapBaseMinAddress
#     to set the Java Heap base and to place the Java Heap above 32GB virtual address.
# This output file may be truncated or incomplete.
#
#  Out of Memory Error (os_windows.cpp:3527), pid=8112, tid=15056
#
# JRE version:  (19.0.1+10) (build )
# Java VM: Java HotSpot(TM) 64-Bit Server VM (19.0.1+10-21, mixed mode, sharing, tiered, compressed oops, compressed class ptrs, g1 gc, windows-amd64)
# No core dump will be written. Minidumps are not enabled by default on client versions of Windows
#

---------------  S U M M A R Y ------------

Command Line: 

Host: Intel(R) Core(TM) i7-8750H CPU @ 2.20GHz, 12 cores, 15G,  Windows 11 , 64 bit Build 22621 (10.0.22621.2506)
Time: Thu Mar 21 23:02:05 2024 West Bank Gaza Standard Time elapsed time: 0.074176 seconds (0d 0h 0m 0s)

---------------  T H R E A D  ---------------

Current thread (0x00000231cfb48ae0):  JavaThread "Unknown thread" [_thread_in_vm, id=15056, stack(0x0000004940200000,0x0000004940300000)]

Stack: [0x0000004940200000,0x0000004940300000]
Native frames: (J=compiled Java code, j=interpreted, Vv=VM code, C=native code)
V  [jvm.dll+0x6ee8fa]
V  [jvm.dll+0x857a1e]
V  [jvm.dll+0x85940e]
V  [jvm.dll+0x859ac3]
V  [jvm.dll+0x28291f]
V  [jvm.dll+0x6eb6e9]
V  [jvm.dll+0x6e028a]
V  [jvm.dll+0x357136]
V  [jvm.dll+0x35eb96]
V  [jvm.dll+0x3b555e]
V  [jvm.dll+0x3b578f]
V  [jvm.dll+0x32c6ea]
V  [jvm.dll+0x32d59e]
V  [jvm.dll+0x821b20]
V  [jvm.dll+0x3c27c1]
V  [jvm.dll+0x8022f1]
V  [jvm.dll+0x44b30f]
V  [jvm.dll+0x44cc91]
C  [jli.dll+0x5287]
C  [ucrtbase.dll+0x29363]
C  [KERNEL32.DLL+0x1257d]
C  [ntdll.dll+0x5aa58]


---------------  P R O C E S S  ---------------

Threads class SMR info:
_java_thread_list=0x00007ffce579d048, length=0, elements={
}

Java Threads: ( => current thread )

Other Threads:
  0x00000231cfbbaf20 WorkerThread "GC Thread#0" [stack: 0x0000004940300000,0x0000004940400000] [id=18268]
  0x00000231cfbcd570 ConcurrentGCThread "G1 Main Marker" [stack: 0x0000004940400000,0x0000004940500000] [id=3268]
  0x00000231cfbcefb0 WorkerThread "G1 Conc#0" [stack: 0x0000004940500000,0x0000004940600000] [id=10660]

[error occurred during error reporting (printing all threads), id 0xc0000005, EXCEPTION_ACCESS_VIOLATION (0xc0000005) at pc=0x00007ffce4f5d127]

VM state: not at safepoint (not fully initialized)

VM Mutex/Monitor currently owned by a thread:  ([mutex/lock_event])
[0x00000231cfb43ce0] Heap_lock - owner thread: 0x00000231cfb48ae0

Heap address: 0x0000000702600000, size: 4058 MB, Compressed Oops mode: Zero based, Oop shift amount: 3

CDS archive(s) mapped at: [0x0000000000000000-0x0000000000000000-0x0000000000000000), size 0, SharedBaseAddress: 0x0000000800000000, ArchiveRelocationMode: 0.
Narrow klass base: 0x0000000000000000, Narrow klass shift: 0, Narrow klass range: 0x0

GC Precious Log:
 CardTable entry size: 512
 Card Set container configuration: InlinePtr #cards 4 size 8 Array Of Cards #cards 16 size 48 Howl #buckets 8 coarsen threshold 3686 Howl Bitmap #cards 512 size 80 coarsen threshold 460 Card regions per heap region 1 cards per card region 4096

Heap:
 garbage-first heap   total 0K, used 0K [0x0000000702600000, 0x0000000800000000)
  region size 2048K, 0 young (0K), 0 survivors (0K)

[error occurred during error reporting (printing heap information), id 0xc0000005, EXCEPTION_ACCESS_VIOLATION (0xc0000005) at pc=0x00007ffce5366959]

GC Heap History (0 events):
No events

Dll operation events (1 events):
Event: 0.041 Loaded shared library C:\Program Files\Java\jdk-19\bin\java.dll

Deoptimization events (0 events):
No events

Classes loaded (0 events):
No events

Classes unloaded (0 events):
No events

Classes redefined (0 events):
No events

Internal exceptions (0 events):
No events

VM Operations (0 events):
No events

Events (0 events):
No events


Dynamic libraries:
0x00007ff6af650000 - 0x00007ff6af660000 	C:\Program Files\Java\jdk-19\bin\java.exe
0x00007ffd3abf0000 - 0x00007ffd3ae07000 	C:\WINDOWS\SYSTEM32\ntdll.dll
0x00007ffd39430000 - 0x00007ffd394f4000 	C:\WINDOWS\System32\KERNEL32.DLL
0x00007ffd38470000 - 0x00007ffd38815000 	C:\WINDOWS\System32\KERNELBASE.dll
0x00007ffd37f60000 - 0x00007ffd38071000 	C:\WINDOWS\System32\ucrtbase.dll
0x00007ffd33020000 - 0x00007ffd3303b000 	C:\Program Files\Java\jdk-19\bin\VCRUNTIME140.dll
0x00007ffd2d0c0000 - 0x00007ffd2d0d8000 	C:\Program Files\Java\jdk-19\bin\jli.dll
0x00007ffd38f50000 - 0x00007ffd39001000 	C:\WINDOWS\System32\ADVAPI32.dll
0x00007ffd38bf0000 - 0x00007ffd38c97000 	C:\WINDOWS\System32\msvcrt.dll
0x00007ffd39160000 - 0x00007ffd39206000 	C:\WINDOWS\System32\sechost.dll
0x00007ffd39010000 - 0x00007ffd39127000 	C:\WINDOWS\System32\RPCRT4.dll
0x00007ffd38a40000 - 0x00007ffd38bee000 	C:\WINDOWS\System32\USER32.dll
0x00007ffd271c0000 - 0x00007ffd27453000 	C:\WINDOWS\WinSxS\amd64_microsoft.windows.common-controls_6595b64144ccf1df_6.0.22621.2506_none_270c5ae97388e100\COMCTL32.dll
0x00007ffd38380000 - 0x00007ffd383a6000 	C:\WINDOWS\System32\win32u.dll
0x00007ffd3aa10000 - 0x00007ffd3aa39000 	C:\WINDOWS\System32\GDI32.dll
0x00007ffd38820000 - 0x00007ffd38939000 	C:\WINDOWS\System32\gdi32full.dll
0x00007ffd38080000 - 0x00007ffd3811a000 	C:\WINDOWS\System32\msvcp_win.dll
0x00007ffd30db0000 - 0x00007ffd30dba000 	C:\WINDOWS\SYSTEM32\VERSION.dll
0x00007ffd39d70000 - 0x00007ffd39da1000 	C:\WINDOWS\System32\IMM32.DLL
0x00007ffd35b90000 - 0x00007ffd35b9c000 	C:\Program Files\Java\jdk-19\bin\vcruntime140_1.dll
0x00007ffd26470000 - 0x00007ffd264fe000 	C:\Program Files\Java\jdk-19\bin\msvcp140.dll
0x00007ffce4c20000 - 0x00007ffce58e0000 	C:\Program Files\Java\jdk-19\bin\server\jvm.dll
0x00007ffd311f0000 - 0x00007ffd31224000 	C:\WINDOWS\SYSTEM32\WINMM.dll
0x00007ffd31d20000 - 0x00007ffd31d29000 	C:\WINDOWS\SYSTEM32\WSOCK32.dll
0x00007ffd38d00000 - 0x00007ffd38d71000 	C:\WINDOWS\System32\WS2_32.dll
0x00007ffd36f00000 - 0x00007ffd36f18000 	C:\WINDOWS\SYSTEM32\kernel.appcore.dll
0x00007ffd331c0000 - 0x00007ffd331ca000 	C:\Program Files\Java\jdk-19\bin\jimage.dll
0x00007ffd35760000 - 0x00007ffd35993000 	C:\WINDOWS\SYSTEM32\DBGHELP.DLL
0x00007ffd39db0000 - 0x00007ffd3a139000 	C:\WINDOWS\System32\combase.dll
0x00007ffd38d90000 - 0x00007ffd38e67000 	C:\WINDOWS\System32\OLEAUT32.dll
0x00007ffd243a0000 - 0x00007ffd243d2000 	C:\WINDOWS\SYSTEM32\dbgcore.DLL
0x00007ffd38300000 - 0x00007ffd3837a000 	C:\WINDOWS\System32\bcryptPrimitives.dll
0x00007ffd26440000 - 0x00007ffd26466000 	C:\Program Files\Java\jdk-19\bin\java.dll

dbghelp: loaded successfully - version: 4.0.5 - missing functions: none
symbol engine: initialized successfully - sym options: 0x614 - pdb path: .;C:\Program Files\Java\jdk-19\bin;C:\WINDOWS\SYSTEM32;C:\WINDOWS\WinSxS\amd64_microsoft.windows.common-controls_6595b64144ccf1df_6.0.22621.2506_none_270c5ae97388e100;C:\Program Files\Java\jdk-19\bin\server

VM Arguments:
java_command: <unknown>
java_class_path (initial): <not set>
Launcher Type: SUN_STANDARD

[Global flags]
     intx CICompilerCount                          = 4                                         {product} {ergonomic}
     uint ConcGCThreads                            = 3                                         {product} {ergonomic}
     uint G1ConcRefinementThreads                  = 10                                        {product} {ergonomic}
   size_t G1HeapRegionSize                         = 2097152                                   {product} {ergonomic}
    uintx GCDrainStackTargetSize                   = 64                                        {product} {ergonomic}
   size_t InitialHeapSize                          = 266338304                                 {product} {ergonomic}
   size_t MarkStackSize                            = 4194304                                   {product} {ergonomic}
   size_t MaxHeapSize                              = 4255121408                                {product} {ergonomic}
   size_t MinHeapDeltaBytes                        = 2097152                                   {product} {ergonomic}
   size_t MinHeapSize                              = 8388608                                   {product} {ergonomic}
    uintx NonNMethodCodeHeapSize                   = 5839372                                {pd product} {ergonomic}
    uintx NonProfiledCodeHeapSize                  = 122909434                              {pd product} {ergonomic}
    uintx ProfiledCodeHeapSize                     = 122909434                              {pd product} {ergonomic}
    uintx ReservedCodeCacheSize                    = 251658240                              {pd product} {ergonomic}
     bool SegmentedCodeCache                       = true                                      {product} {ergonomic}
   size_t SoftMaxHeapSize                          = 4255121408                             {manageable} {ergonomic}
     bool UseCompressedClassPointers               = true                           {product lp64_product} {ergonomic}
     bool UseCompressedOops                        = true                           {product lp64_product} {ergonomic}
     bool UseG1GC                                  = true                                      {product} {ergonomic}
     bool UseLargePagesIndividualAllocation        = false                                  {pd product} {ergonomic}

Logging:
Log output configuration:
 #0: stdout all=warning uptime,level,tags foldmultilines=false
 #1: stderr all=off uptime,level,tags foldmultilines=false

Environment Variables:
PATH=C:\Program Files\Common Files\Oracle\Java\javapath;C:\Program Files\Common Files\Oracle\Java\javapath;C:\Program Files (x86)\Common Files\Oracle\Java\javapath;C:\ProgramData\Oracle\Java\javapath;C:\WINDOWS\system32;C:\WINDOWS;C:\WINDOWS\System32\Wbem;C:\WINDOWS\System32\WindowsPowerShell\v1.0\;C:\WINDOWS\System32\OpenSSH\;C:\flutter3.3\bin;C:\Program Files\Git\cmd;C:\Gradle\gradle-8.0.2\bin;C:\Users\acer\AppData\Local\Microsoft\WindowsApps;C:\Users\acer\AppData\Local\Programs\Microsoft VS Code\bin;C:\Users\acer\AppData\Local\GitHubDesktop\bin;C:\jdk-19.0.1\bin;C:\Program Files\Java\jdk-19\bin;C:\Users\acer\AppData\Local\Android\Sdk\platform-tools;C:\Gradle\gradle-8.0.2\bin;C:\flutter3.3\bin;F:\???19\download\DpFileList.bin;;C:\flutter3.3\bin\mingit\cmd;C:\flutter3.3\bin\mingit\cmd
USERNAME=Moahmed Tawashi
OS=Windows_NT
PROCESSOR_IDENTIFIER=Intel64 Family 6 Model 158 Stepping 10, GenuineIntel
TMP=C:\Users\acer\AppData\Local\Temp
TEMP=C:\Users\acer\AppData\Local\Temp



---------------  S Y S T E M  ---------------

OS:
 Windows 11 , 64 bit Build 22621 (10.0.22621.2506)
OS uptime: 2 days 13:40 hours

CPU: total 12 (initial active 12) (6 cores per cpu, 2 threads per core) family 6 model 158 stepping 10 microcode 0xde, cx8, cmov, fxsr, ht, mmx, 3dnowpref, sse, sse2, sse3, ssse3, sse4.1, sse4.2, popcnt, lzcnt, tsc, tscinvbit, avx, avx2, aes, erms, clmul, bmi1, bmi2, adx, fma, vzeroupper, clflush, clflushopt, rdtscp

Memory: 4k page, system-wide physical 16226M (4669M free)
TotalPageFile size 46530M (AvailPageFile size 29M)
current process WorkingSet (physical memory assigned to process): 11M, peak: 11M
current process commit charge ("private bytes"): 64M, peak: 318M

vm_info: Java HotSpot(TM) 64-Bit Server VM (19.0.1+10-21) for windows-amd64 JRE (19.0.1+10-21), built on 2022-09-14T12:45:06Z by "mach5one" with MS VC++ 17.1 (VS2022)

END.
