#
# There is insufficient memory for the Java Runtime Environment to continue.
# Native memory allocation (malloc) failed to allocate 2601456 bytes for Chunk::new
# Possible reasons:
#   The system is out of physical RAM or swap space
#   In 32 bit mode, the process size limit was hit
# Possible solutions:
#   Reduce memory load on the system
#   Increase physical memory or swap space
#   Check if swap backing store is full
#   Use 64 bit Java on a 64 bit OS
#   Decrease Java heap size (-Xmx/-Xms)
#   Decrease number of Java threads
#   Decrease Java thread stack sizes (-Xss)
#   Set larger code cache with -XX:ReservedCodeCacheSize=
# This output file may be truncated or incomplete.
#
#  Out of Memory Error (allocation.cpp:390), pid=5876, tid=0x0000000000001b80
#
# JRE version: Java(TM) SE Runtime Environment (8.0_162-b12) (build 1.8.0_162-b12)
# Java VM: Java HotSpot(TM) 64-Bit Server VM (25.162-b12 mixed mode windows-amd64 compressed oops)
# Failed to write core dump. Minidumps are not enabled by default on client versions of Windows
#

---------------  T H R E A D  ---------------

Current thread (0x000000001e020800):  JavaThread "C2 CompilerThread1" daemon [_thread_in_native, id=7040, stack(0x000000001f700000,0x000000001f800000)]

Stack: [0x000000001f700000,0x000000001f800000]
[error occurred during error reporting (printing stack bounds), id 0xc0000005]

Native frames: (J=compiled Java code, j=interpreted, Vv=VM code, C=native code)


Current CompileTask:
C2:   5544 1593   !   4       java.net.URLClassLoader$1::run (63 bytes)


---------------  P R O C E S S  ---------------

Java Threads: ( => current thread )
  0x000000001fdf4800 JavaThread "File lock request listener" [_thread_in_native, id=12072, stack(0x0000000023a30000,0x0000000023b30000)]
  0x000000001fdf5800 JavaThread "Cache worker for journal cache (C:\Users\acer\.gradle\caches\journal-1)" [_thread_blocked, id=13112, stack(0x0000000023b50000,0x0000000023c50000)]
  0x0000000021c12000 JavaThread "Daemon client event forwarder" [_thread_blocked, id=18056, stack(0x0000000023530000,0x0000000023630000)]
  0x0000000021c24000 JavaThread "Stdin handler" [_thread_blocked, id=19808, stack(0x0000000023430000,0x0000000023530000)]
  0x0000000021bca800 JavaThread "Asynchronous log dispatcher for DefaultDaemonConnection: socket connection from /127.0.0.1:64942 to /127.0.0.1:64943" [_thread_blocked, id=12312, stack(0x0000000023330000,0x0000000023430000)]
  0x0000000021bc0000 JavaThread "Daemon worker" [_thread_blocked, id=19568, stack(0x0000000023230000,0x0000000023330000)]
  0x0000000021bbd000 JavaThread "Cancel handler" [_thread_blocked, id=12424, stack(0x0000000023130000,0x0000000023230000)]
  0x0000000021b99800 JavaThread "Handler for socket connection from /127.0.0.1:64942 to /127.0.0.1:64943" [_thread_in_native, id=21000, stack(0x0000000023030000,0x0000000023130000)]
  0x0000000021b97800 JavaThread "Daemon" [_thread_blocked, id=17492, stack(0x0000000022f30000,0x0000000023030000)]
  0x0000000021b55000 JavaThread "Daemon periodic checks" [_thread_blocked, id=8112, stack(0x0000000022e30000,0x0000000022f30000)]
  0x0000000021afa800 JavaThread "Incoming local TCP Connector on port 64942" [_thread_in_native, id=15624, stack(0x00000000229e0000,0x0000000022ae0000)]
  0x0000000021901000 JavaThread "Daemon health stats" [_thread_blocked, id=21520, stack(0x00000000225a0000,0x00000000226a0000)]
  0x000000001e039000 JavaThread "Service Thread" daemon [_thread_blocked, id=14764, stack(0x000000001fa00000,0x000000001fb00000)]
  0x000000001e025000 JavaThread "C1 CompilerThread3" daemon [_thread_blocked, id=22400, stack(0x000000001f900000,0x000000001fa00000)]
  0x000000001e023800 JavaThread "C2 CompilerThread2" daemon [_thread_blocked, id=3816, stack(0x000000001f800000,0x000000001f900000)]
=>0x000000001e020800 JavaThread "C2 CompilerThread1" daemon [_thread_in_native, id=7040, stack(0x000000001f700000,0x000000001f800000)]
  0x000000001e01e000 JavaThread "C2 CompilerThread0" daemon [_thread_blocked, id=6332, stack(0x000000001f600000,0x000000001f700000)]
  0x000000001dfa1800 JavaThread "Attach Listener" daemon [_thread_blocked, id=5200, stack(0x000000001f500000,0x000000001f600000)]
  0x000000001c8b7800 JavaThread "Signal Dispatcher" daemon [_thread_blocked, id=22328, stack(0x000000001f400000,0x000000001f500000)]
  0x000000001df93000 JavaThread "Finalizer" daemon [_thread_blocked, id=6712, stack(0x000000001f200000,0x000000001f300000)]
  0x000000001c8ad000 JavaThread "Reference Handler" daemon [_thread_blocked, id=15484, stack(0x000000001f100000,0x000000001f200000)]
  0x0000000002a42800 JavaThread "main" [_thread_blocked, id=3292, stack(0x0000000002730000,0x0000000002830000)]

Other Threads:
  0x000000001c8a6800 VMThread [stack: 0x000000001f000000,0x000000001f100000] [id=10312]
  0x000000001e03c800 WatcherThread [stack: 0x000000001fb00000,0x000000001fc00000] [id=13124]

VM state:not at safepoint (normal execution)

VM Mutex/Monitor currently owned by a thread: None

Heap:
 PSYoungGen      total 75776K, used 51974K [0x000000076ab00000, 0x000000076ff80000, 0x00000007c0000000)
  eden space 65024K, 67% used [0x000000076ab00000,0x000000076d603540,0x000000076ea80000)
  from space 10752K, 73% used [0x000000076f500000,0x000000076fcbe4a8,0x000000076ff80000)
  to   space 10752K, 0% used [0x000000076ea80000,0x000000076ea80000,0x000000076f500000)
 ParOldGen       total 173568K, used 24K [0x00000006c0000000, 0x00000006ca980000, 0x000000076ab00000)
  object space 173568K, 0% used [0x00000006c0000000,0x00000006c0006000,0x00000006ca980000)
 Metaspace       used 16596K, capacity 17348K, committed 17664K, reserved 1064960K
  class space    used 2332K, capacity 2524K, committed 2560K, reserved 1048576K

Card table byte_map: [0x0000000011f00000,0x0000000012710000] byte_map_base: 0x000000000e900000

Marking Bits: (ParMarkBitMap*) 0x00000000683f0860
 Begin Bits: [0x0000000013670000, 0x0000000017670000)
 End Bits:   [0x0000000017670000, 0x000000001b670000)

Polling page: 0x0000000002610000

CodeCache: size=245760Kb used=5840Kb max_used=5851Kb free=239919Kb
 bounds [0x0000000002b40000, 0x0000000003100000, 0x0000000011b40000]
 total_blobs=2098 nmethods=1662 adapters=348
 compilation: enabled

Compilation events (10 events):
Event: 5.177 Thread 0x000000001e025000 1659       3       java.util.concurrent.locks.AbstractQueuedSynchronizer::setState (6 bytes)
Event: 5.177 Thread 0x000000001e025000 nmethod 1659 0x00000000030ed250 code [0x00000000030ed3a0, 0x00000000030ed4f0]
Event: 5.239 Thread 0x000000001e025000 1660       3       java.util.concurrent.locks.AbstractQueuedSynchronizer::compareAndSetState (13 bytes)
Event: 5.239 Thread 0x000000001e025000 nmethod 1660 0x00000000030ecf10 code [0x00000000030ed060, 0x00000000030ed1d0]
Event: 5.239 Thread 0x000000001e025000 1661       3       java.util.concurrent.locks.AbstractQueuedSynchronizer::release (33 bytes)
Event: 5.239 Thread 0x000000001e025000 nmethod 1661 0x00000000030f6c90 code [0x00000000030f6e00, 0x00000000030f7118]
Event: 5.269 Thread 0x000000001e025000 1662       1       java.nio.channels.spi.AbstractInterruptibleChannel::isOpen (5 bytes)
Event: 5.269 Thread 0x000000001e025000 nmethod 1662 0x00000000030ecc50 code [0x00000000030ecda0, 0x00000000030eceb0]
Event: 5.358 Thread 0x000000001e025000 1663       3       java.util.concurrent.locks.ReentrantLock$Sync::tryRelease (45 bytes)
Event: 5.359 Thread 0x000000001e025000 nmethod 1663 0x00000000030f6410 code [0x00000000030f65a0, 0x00000000030f6b48]

GC Heap History (4 events):
Event: 1.862 GC heap before
{Heap before GC invocations=1 (full 0):
 PSYoungGen      total 75776K, used 65024K [0x000000076ab00000, 0x000000076ff80000, 0x00000007c0000000)
  eden space 65024K, 100% used [0x000000076ab00000,0x000000076ea80000,0x000000076ea80000)
  from space 10752K, 0% used [0x000000076f500000,0x000000076f500000,0x000000076ff80000)
  to   space 10752K, 0% used [0x000000076ea80000,0x000000076ea80000,0x000000076f500000)
 ParOldGen       total 173568K, used 0K [0x00000006c0000000, 0x00000006ca980000, 0x000000076ab00000)
  object space 173568K, 0% used [0x00000006c0000000,0x00000006c0000000,0x00000006ca980000)
 Metaspace       used 7523K, capacity 7740K, committed 8064K, reserved 1056768K
  class space    used 956K, capacity 1052K, committed 1152K, reserved 1048576K
Event: 1.874 GC heap after
Heap after GC invocations=1 (full 0):
 PSYoungGen      total 75776K, used 6205K [0x000000076ab00000, 0x000000076ff80000, 0x00000007c0000000)
  eden space 65024K, 0% used [0x000000076ab00000,0x000000076ab00000,0x000000076ea80000)
  from space 10752K, 57% used [0x000000076ea80000,0x000000076f08f6c8,0x000000076f500000)
  to   space 10752K, 0% used [0x000000076f500000,0x000000076f500000,0x000000076ff80000)
 ParOldGen       total 173568K, used 16K [0x00000006c0000000, 0x00000006ca980000, 0x000000076ab00000)
  object space 173568K, 0% used [0x00000006c0000000,0x00000006c0004000,0x00000006ca980000)
 Metaspace       used 7523K, capacity 7740K, committed 8064K, reserved 1056768K
  class space    used 956K, capacity 1052K, committed 1152K, reserved 1048576K
}
Event: 4.317 GC heap before
{Heap before GC invocations=2 (full 0):
 PSYoungGen      total 75776K, used 71229K [0x000000076ab00000, 0x000000076ff80000, 0x00000007c0000000)
  eden space 65024K, 100% used [0x000000076ab00000,0x000000076ea80000,0x000000076ea80000)
  from space 10752K, 57% used [0x000000076ea80000,0x000000076f08f6c8,0x000000076f500000)
  to   space 10752K, 0% used [0x000000076f500000,0x000000076f500000,0x000000076ff80000)
 ParOldGen       total 173568K, used 16K [0x00000006c0000000, 0x00000006ca980000, 0x000000076ab00000)
  object space 173568K, 0% used [0x00000006c0000000,0x00000006c0004000,0x00000006ca980000)
 Metaspace       used 12961K, capacity 13362K, committed 13440K, reserved 1060864K
  class space    used 1758K, capacity 1901K, committed 1920K, reserved 1048576K
Event: 4.326 GC heap after
Heap after GC invocations=2 (full 0):
 PSYoungGen      total 75776K, used 7929K [0x000000076ab00000, 0x000000076ff80000, 0x00000007c0000000)
  eden space 65024K, 0% used [0x000000076ab00000,0x000000076ab00000,0x000000076ea80000)
  from space 10752K, 73% used [0x000000076f500000,0x000000076fcbe4a8,0x000000076ff80000)
  to   space 10752K, 0% used [0x000000076ea80000,0x000000076ea80000,0x000000076f500000)
 ParOldGen       total 173568K, used 24K [0x00000006c0000000, 0x00000006ca980000, 0x000000076ab00000)
  object space 173568K, 0% used [0x00000006c0000000,0x00000006c0006000,0x00000006ca980000)
 Metaspace       used 12961K, capacity 13362K, committed 13440K, reserved 1060864K
  class space    used 1758K, capacity 1901K, committed 1920K, reserved 1048576K
}

Deoptimization events (10 events):
Event: 3.185 Thread 0x0000000002a42800 Uncommon trap: reason=unstable_if action=reinterpret pc=0x0000000002eb54f0 method=java.io.WinNTFileSystem.normalize(Ljava/lang/String;II)Ljava/lang/String; @ 90
Event: 4.227 Thread 0x0000000021b99800 Uncommon trap: reason=unstable_if action=reinterpret pc=0x0000000002f4dad0 method=java.util.regex.Pattern.has(I)Z @ 6
Event: 4.234 Thread 0x0000000021b99800 Uncommon trap: reason=class_check action=maybe_recompile pc=0x0000000002ed47b0 method=java.util.regex.Matcher.match(II)Z @ 86
Event: 4.258 Thread 0x0000000021b99800 Uncommon trap: reason=unstable_if action=reinterpret pc=0x0000000002fb61d8 method=java.util.concurrent.ConcurrentHashMap.putVal(Ljava/lang/Object;Ljava/lang/Object;Z)Ljava/lang/Object; @ 206
Event: 4.302 Thread 0x0000000021bc0000 Uncommon trap: reason=bimorphic action=maybe_recompile pc=0x0000000002fb86c4 method=java.util.HashMap.putVal(ILjava/lang/Object;Ljava/lang/Object;ZZ)Ljava/lang/Object; @ 253
Event: 4.302 Thread 0x0000000021bc0000 Uncommon trap: reason=bimorphic action=maybe_recompile pc=0x0000000002fb86c4 method=java.util.HashMap.putVal(ILjava/lang/Object;Ljava/lang/Object;ZZ)Ljava/lang/Object; @ 253
Event: 4.381 Thread 0x0000000021bc0000 Uncommon trap: reason=unstable_if action=reinterpret pc=0x000000000302aecc method=jdk.internal.org.objectweb.asm.ByteVector.putShort(I)Ljdk/internal/org/objectweb/asm/ByteVector; @ 13
Event: 4.630 Thread 0x0000000021bc0000 Uncommon trap: reason=unstable_if action=reinterpret pc=0x000000000308e100 method=jdk.internal.org.objectweb.asm.Type.getArgumentsAndReturnSizes(Ljava/lang/String;)I @ 88
Event: 4.868 Thread 0x0000000021bc0000 Uncommon trap: reason=class_check action=maybe_recompile pc=0x0000000002ed47b0 method=java.util.regex.Matcher.match(II)Z @ 86
Event: 4.895 Thread 0x0000000021bc0000 Uncommon trap: reason=class_check action=maybe_recompile pc=0x0000000002ed47b0 method=java.util.regex.Matcher.match(II)Z @ 86

Classes redefined (0 events):
No events

Internal exceptions (10 events):
Event: 1.174 Thread 0x0000000002a42800 Exception <a 'java/lang/ArrayIndexOutOfBoundsException'> (0x000000076cbbdc08) thrown at [C:\re\workspace\8-2-build-windows-amd64-cygwin\jdk8u162\10278\hotspot\src\share\vm\runtime\sharedRuntime.cpp, line 605]
Event: 1.174 Thread 0x0000000002a42800 Exception <a 'java/lang/ArrayIndexOutOfBoundsException'> (0x000000076cbc32d0) thrown at [C:\re\workspace\8-2-build-windows-amd64-cygwin\jdk8u162\10278\hotspot\src\share\vm\runtime\sharedRuntime.cpp, line 605]
Event: 2.599 Thread 0x0000000002a42800 Exception <a 'java/lang/NoSuchMethodError': java.lang.Object.lambda$get$0(Ljava/util/function/Supplier;Ljava/lang/Object;)Ljava/lang/Object;> (0x000000076de627a0) thrown at [C:\re\workspace\8-2-build-windows-amd64-cygwin\jdk8u162\10278\hotspot\src\share\v
Event: 4.139 Thread 0x0000000002a42800 Exception <a 'java/io/IOException'> (0x000000076e2a2b20) thrown at [C:\re\workspace\8-2-build-windows-amd64-cygwin\jdk8u162\10278\hotspot\src\share\vm\prims\jni.cpp, line 709]
Event: 4.263 Thread 0x0000000021b99800 Exception <a 'java/lang/NoSuchMethodError': <clinit>> (0x000000076e7b7980) thrown at [C:\re\workspace\8-2-build-windows-amd64-cygwin\jdk8u162\10278\hotspot\src\share\vm\prims\jni.cpp, line 1613]
Event: 4.267 Thread 0x0000000021b99800 Exception <a 'java/lang/NoSuchMethodError': <clinit>> (0x000000076e7d2b58) thrown at [C:\re\workspace\8-2-build-windows-amd64-cygwin\jdk8u162\10278\hotspot\src\share\vm\prims\jni.cpp, line 1613]
Event: 4.268 Thread 0x0000000021b99800 Exception <a 'java/lang/NoSuchMethodError': <clinit>> (0x000000076e7dbc48) thrown at [C:\re\workspace\8-2-build-windows-amd64-cygwin\jdk8u162\10278\hotspot\src\share\vm\prims\jni.cpp, line 1613]
Event: 4.271 Thread 0x0000000021b99800 Exception <a 'java/lang/NoSuchMethodError': <clinit>> (0x000000076e7f3290) thrown at [C:\re\workspace\8-2-build-windows-amd64-cygwin\jdk8u162\10278\hotspot\src\share\vm\prims\jni.cpp, line 1613]
Event: 4.474 Thread 0x0000000021bc0000 Exception <a 'java/lang/NoSuchMethodError': java.lang.Object.lambda$static$0(Lorg/gradle/internal/state/ModelObject;)Ljava/lang/String;> (0x000000076b403228) thrown at [C:\re\workspace\8-2-build-windows-amd64-cygwin\jdk8u162\10278\hotspot\src\share\vm\int
Event: 4.600 Thread 0x0000000021bc0000 Exception <a 'java/lang/NoSuchMethodError': java.lang.Object.lambda$static$0(Lorg/objectweb/asm/MethodVisitor;)V> (0x000000076be9fef0) thrown at [C:\re\workspace\8-2-build-windows-amd64-cygwin\jdk8u162\10278\hotspot\src\share\vm\interpreter\linkResolver.c

Events (10 events):
Event: 4.919 loading class org/gradle/cache/internal/locklistener/DefaultFileLockContentionHandler$1 done
Event: 4.920 Thread 0x000000001fdf4800 Thread added: 0x000000001fdf4800
Event: 4.920 loading class org/gradle/cache/internal/locklistener/DefaultFileLockContentionHandler$ContendedAction
Event: 4.920 loading class org/gradle/cache/internal/locklistener/DefaultFileLockContentionHandler$ContendedAction done
Event: 4.920 loading class java/net/DatagramPacket$1
Event: 4.920 loading class java/net/DatagramPacket$1 done
Event: 4.921 loading class org/gradle/cache/internal/locklistener/FileLockPacketType
Event: 4.921 loading class org/gradle/cache/internal/locklistener/FileLockPacketType done
Event: 4.922 loading class org/gradle/cache/internal/locklistener/FileLockPacketPayload
Event: 4.922 loading class org/gradle/cache/internal/locklistener/FileLockPacketPayload done


Dynamic libraries:
0x00007ff775320000 - 0x00007ff775357000 	C:\Program Files\Java\jdk1.8.0_162\bin\java.exe
0x00007ffd3abf0000 - 0x00007ffd3ae07000 	C:\WINDOWS\SYSTEM32\ntdll.dll
0x00007ffd39430000 - 0x00007ffd394f4000 	C:\WINDOWS\System32\KERNEL32.DLL
0x00007ffd38470000 - 0x00007ffd38815000 	C:\WINDOWS\System32\KERNELBASE.dll
0x00007ffd38f50000 - 0x00007ffd39001000 	C:\WINDOWS\System32\ADVAPI32.dll
0x00007ffd38bf0000 - 0x00007ffd38c97000 	C:\WINDOWS\System32\msvcrt.dll
0x00007ffd39160000 - 0x00007ffd39206000 	C:\WINDOWS\System32\sechost.dll
0x00007ffd39010000 - 0x00007ffd39127000 	C:\WINDOWS\System32\RPCRT4.dll
0x00007ffd38a40000 - 0x00007ffd38bee000 	C:\WINDOWS\System32\USER32.dll
0x00007ffd38380000 - 0x00007ffd383a6000 	C:\WINDOWS\System32\win32u.dll
0x00007ffd3aa10000 - 0x00007ffd3aa39000 	C:\WINDOWS\System32\GDI32.dll
0x00007ffd38820000 - 0x00007ffd38939000 	C:\WINDOWS\System32\gdi32full.dll
0x00007ffd38080000 - 0x00007ffd3811a000 	C:\WINDOWS\System32\msvcp_win.dll
0x00007ffd37f60000 - 0x00007ffd38071000 	C:\WINDOWS\System32\ucrtbase.dll
0x00007ffd271c0000 - 0x00007ffd27453000 	C:\WINDOWS\WinSxS\amd64_microsoft.windows.common-controls_6595b64144ccf1df_6.0.22621.2506_none_270c5ae97388e100\COMCTL32.dll
0x00007ffd39d70000 - 0x00007ffd39da1000 	C:\WINDOWS\System32\IMM32.DLL
0x0000000068470000 - 0x0000000068541000 	C:\Program Files\Java\jdk1.8.0_162\jre\bin\msvcr100.dll
0x0000000067bd0000 - 0x0000000068470000 	C:\Program Files\Java\jdk1.8.0_162\jre\bin\server\jvm.dll
0x00007ffd39d60000 - 0x00007ffd39d68000 	C:\WINDOWS\System32\PSAPI.DLL
0x00007ffd311f0000 - 0x00007ffd31224000 	C:\WINDOWS\SYSTEM32\WINMM.dll
0x00007ffd30db0000 - 0x00007ffd30dba000 	C:\WINDOWS\SYSTEM32\VERSION.dll
0x00007ffd31d20000 - 0x00007ffd31d29000 	C:\WINDOWS\SYSTEM32\WSOCK32.dll
0x00007ffd38d00000 - 0x00007ffd38d71000 	C:\WINDOWS\System32\ws2_32.DLL
0x0000000067bc0000 - 0x0000000067bcf000 	C:\Program Files\Java\jdk1.8.0_162\jre\bin\verify.dll
0x0000000067b90000 - 0x0000000067bb9000 	C:\Program Files\Java\jdk1.8.0_162\jre\bin\java.dll
0x0000000068da0000 - 0x0000000068dc3000 	C:\Program Files\Java\jdk1.8.0_162\jre\bin\instrument.dll
0x0000000067b70000 - 0x0000000067b86000 	C:\Program Files\Java\jdk1.8.0_162\jre\bin\zip.dll
0x00007ffd39500000 - 0x00007ffd39d59000 	C:\WINDOWS\System32\SHELL32.dll
0x00007ffd35e50000 - 0x00007ffd36744000 	C:\WINDOWS\SYSTEM32\windows.storage.dll
0x00007ffd39db0000 - 0x00007ffd3a139000 	C:\WINDOWS\System32\combase.dll
0x00007ffd35d10000 - 0x00007ffd35e4e000 	C:\WINDOWS\SYSTEM32\wintypes.dll
0x00007ffd39210000 - 0x00007ffd39303000 	C:\WINDOWS\System32\SHCORE.dll
0x00007ffd38e70000 - 0x00007ffd38ece000 	C:\WINDOWS\System32\shlwapi.dll
0x00007ffd37e90000 - 0x00007ffd37eb6000 	C:\WINDOWS\SYSTEM32\profapi.dll
0x0000000067b50000 - 0x0000000067b6a000 	C:\Program Files\Java\jdk1.8.0_162\jre\bin\net.dll
0x00007ffd37450000 - 0x00007ffd374b9000 	C:\WINDOWS\system32\mswsock.dll
0x0000000067b30000 - 0x0000000067b41000 	C:\Program Files\Java\jdk1.8.0_162\jre\bin\nio.dll
0x00007ffcebd40000 - 0x00007ffcebd67000 	C:\Users\acer\.gradle\native\68d5fa5c4cc2d200863cafc0d521ce42e7d3e7ee720ec0a83991735586a16f82\windows-amd64\native-platform.dll
0x00007ffd08e30000 - 0x00007ffd08f74000 	C:\Users\acer\.gradle\native\e376f236ea51e6404a007f0833ffe2c6e607c4080706a723a18a27aeea778392\windows-amd64\native-platform-file-events.dll
0x0000000067b20000 - 0x0000000067b2d000 	C:\Program Files\Java\jdk1.8.0_162\jre\bin\management.dll
0x00007ffd376d0000 - 0x00007ffd376eb000 	C:\WINDOWS\SYSTEM32\CRYPTSP.dll
0x00007ffd36ec0000 - 0x00007ffd36ef5000 	C:\WINDOWS\system32\rsaenh.dll
0x00007ffd37540000 - 0x00007ffd3756c000 	C:\WINDOWS\SYSTEM32\USERENV.dll
0x00007ffd37910000 - 0x00007ffd37938000 	C:\WINDOWS\SYSTEM32\bcrypt.dll
0x00007ffd38300000 - 0x00007ffd3837a000 	C:\WINDOWS\System32\bcryptprimitives.dll
0x00007ffd376f0000 - 0x00007ffd376fc000 	C:\WINDOWS\SYSTEM32\CRYPTBASE.dll
0x00007ffd369f0000 - 0x00007ffd36a1d000 	C:\WINDOWS\SYSTEM32\IPHLPAPI.DLL
0x00007ffd39130000 - 0x00007ffd39139000 	C:\WINDOWS\System32\NSI.dll
0x00007ffd31650000 - 0x00007ffd31669000 	C:\WINDOWS\SYSTEM32\dhcpcsvc6.DLL
0x00007ffd31630000 - 0x00007ffd3164f000 	C:\WINDOWS\SYSTEM32\dhcpcsvc.DLL
0x00007ffd36a20000 - 0x00007ffd36b19000 	C:\WINDOWS\SYSTEM32\DNSAPI.dll

VM Arguments:
jvm_args: -Xmx4G -Dfile.encoding=utf8 -Duser.country=US -Duser.language=en -Duser.variant -javaagent:C:\Users\acer\.gradle\wrapper\dists\gradle-8.2-bin\bbg7u40eoinfdyxsxr3z4i7ta\gradle-8.2\lib\agents\gradle-instrumentation-agent-8.2.jar 
java_command: org.gradle.launcher.daemon.bootstrap.GradleDaemon 8.2
java_class_path (initial): C:\Users\acer\.gradle\wrapper\dists\gradle-8.2-bin\bbg7u40eoinfdyxsxr3z4i7ta\gradle-8.2\lib\gradle-launcher-8.2.jar;C:\Users\acer\.gradle\wrapper\dists\gradle-8.2-bin\bbg7u40eoinfdyxsxr3z4i7ta\gradle-8.2\lib\agents\gradle-instrumentation-agent-8.2.jar
Launcher Type: SUN_STANDARD

Environment Variables:
PATH=C:\Program Files\Common Files\Oracle\Java\javapath;C:\Program Files (x86)\Common Files\Oracle\Java\javapath;C:\ProgramData\Oracle\Java\javapath;C:\WINDOWS\system32;C:\WINDOWS;C:\WINDOWS\System32\Wbem;C:\WINDOWS\System32\WindowsPowerShell\v1.0\;C:\WINDOWS\System32\OpenSSH\;C:\flutter3.3\bin;C:\Program Files\Git\cmd;C:\Gradle\gradle-8.0.2\bin;C:\Users\acer\AppData\Local\Microsoft\WindowsApps;C:\Users\acer\AppData\Local\Programs\Microsoft VS Code\bin;C:\Users\acer\AppData\Local\GitHubDesktop\bin;C:\jdk-19.0.1\bin;C:\Program Files\Java\jdk-19\bin;C:\Users\acer\AppData\Local\Android\Sdk\platform-tools;C:\Gradle\gradle-8.0.2\bin;C:\flutter3.3\bin;F:\???19\download\DpFileList.bin;
USERNAME=Moahmed Tawashi
OS=Windows_NT
PROCESSOR_IDENTIFIER=Intel64 Family 6 Model 158 Stepping 10, GenuineIntel



---------------  S Y S T E M  ---------------

OS: Windows 10.0 , 64 bit Build 22621 (10.0.22621.2506)

CPU:total 12 (initial active 12) (6 cores per cpu, 2 threads per core) family 6 model 158 stepping 10, cmov, cx8, fxsr, mmx, sse, sse2, sse3, ssse3, sse4.1, sse4.2, popcnt, avx, avx2, aes, clmul, erms, 3dnowpref, lzcnt, ht, tsc, tscinvbit, bmi1, bmi2, adx

Memory: 4k page, physical 16615732k(3164752k free), swap 47647288k(30524k free)

vm_info: Java HotSpot(TM) 64-Bit Server VM (25.162-b12) for windows-amd64 JRE (1.8.0_162-b12), built on Dec 19 2017 20:00:03 by "java_re" with MS VC++ 10.0 (VS2010)

time: Thu Mar 21 23:03:44 2024
elapsed time: 5 seconds (0d 0h 0m 5s)

