#
# There is insufficient memory for the Java Runtime Environment to continue.
# Native memory allocation (mmap) failed to map 65536 bytes for Failed to commit metaspace.
# Possible reasons:
#   The system is out of physical RAM or swap space
#   The process is running with CompressedOops enabled, and the Java Heap may be blocking the growth of the native heap
# Possible solutions:
#   Reduce memory load on the system
#   Increase physical memory or swap space
#   Check if swap backing store is full
#   Decrease Java heap size (-Xmx/-Xms)
#   Decrease number of Java threads
#   Decrease Java thread stack sizes (-Xss)
#   Set larger code cache with -XX:ReservedCodeCacheSize=
#   JVM is running with Unscaled Compressed Oops mode in which the Java heap is
#     placed in the first 4GB address space. The Java Heap base address is the
#     maximum limit for the native heap growth. Please use -XX:HeapBaseMinAddress
#     to set the Java Heap base and to place the Java Heap above 4GB virtual address.
# This output file may be truncated or incomplete.
#
#  Out of Memory Error (virtualSpaceNode.cpp:110), pid=12792, tid=3700
#
# JRE version: OpenJDK Runtime Environment (17.0.7) (build 17.0.7+0-b2043.56-10550314)
# Java VM: OpenJDK 64-Bit Server VM (17.0.7+0-b2043.56-10550314, mixed mode, tiered, compressed oops, compressed class ptrs, g1 gc, windows-amd64)
# No core dump will be written. Minidumps are not enabled by default on client versions of Windows
#

---------------  S U M M A R Y ------------

Command Line: -Xmx64m -Xms64m -Dorg.gradle.appname=gradlew org.gradle.wrapper.GradleWrapperMain -q -Ptarget-platform=android-arm64 -Ptarget=C:\Users\acer\Documents\GitHub\shater\lib\main_prod.dart -Pbase-application-name=android.app.Application -Pdart-defines=RkxVVFRFUl9XRUJfQVVUT19ERVRFQ1Q9dHJ1ZQ==,RkxVVFRFUl9XRUJfQ0FOVkFTS0lUX1VSTD1odHRwczovL3d3dy5nc3RhdGljLmNvbS9mbHV0dGVyLWNhbnZhc2tpdC8wNDgxN2M5OWM5ZmQ0OTU2ZjI3NTA1MjA0ZjdlMzQ0MzM1ODEwYWVkLw== -Pdart-obfuscation=false -Ptrack-widget-creation=true -Ptree-shake-icons=false -Pfilesystem-scheme=org-dartlang-root assembleDebug

Host: Intel(R) Core(TM) i7-8750H CPU @ 2.20GHz, 12 cores, 15G,  Windows 11 , 64 bit Build 22621 (10.0.22621.2506)
Time: Tue Mar 12 15:31:21 2024 West Bank Gaza Standard Time elapsed time: 1.783407 seconds (0d 0h 0m 1s)

---------------  T H R E A D  ---------------

Current thread (0x00000144efe4be60):  JavaThread "main" [_thread_in_vm, id=3700, stack(0x0000000165800000,0x0000000165900000)]

Stack: [0x0000000165800000,0x0000000165900000]
Native frames: (J=compiled Java code, j=interpreted, Vv=VM code, C=native code)
V  [jvm.dll+0x683bfa]
V  [jvm.dll+0x8430a4]
V  [jvm.dll+0x8449be]
V  [jvm.dll+0x845023]
V  [jvm.dll+0x24ad2f]
V  [jvm.dll+0x83e45b]
V  [jvm.dll+0x6281e6]
V  [jvm.dll+0x1c29ee]
V  [jvm.dll+0x62ab31]
V  [jvm.dll+0x628b86]
V  [jvm.dll+0x632a57]
V  [jvm.dll+0x1eea7b]
V  [jvm.dll+0x1eefb5]
V  [jvm.dll+0x1ef8d4]
V  [jvm.dll+0x1e4e1c]
V  [jvm.dll+0x54a1dd]
V  [jvm.dll+0x7bd775]
V  [jvm.dll+0x7bd88e]
V  [jvm.dll+0x413a8a]
V  [jvm.dll+0x419c09]
C  [java.dll+0x17ec]

Java frames: (J=compiled Java code, j=interpreted, Vv=VM code)
J 863  java.lang.ClassLoader.defineClass1(Ljava/lang/ClassLoader;Ljava/lang/String;[BIILjava/security/ProtectionDomain;Ljava/lang/String;)Ljava/lang/Class; java.base@17.0.7 (0 bytes) @ 0x0000014487b2ab5b [0x0000014487b2aaa0+0x00000000000000bb]
J 957 c1 java.lang.ClassLoader.defineClass(Ljava/lang/String;[BIILjava/security/ProtectionDomain;)Ljava/lang/Class; java.base@17.0.7 (43 bytes) @ 0x00000144801c5744 [0x00000144801c5400+0x0000000000000344]
J 803 c1 java.security.SecureClassLoader.defineClass(Ljava/lang/String;[BIILjava/security/CodeSource;)Ljava/lang/Class; java.base@17.0.7 (16 bytes) @ 0x000001448017688c [0x00000144801767c0+0x00000000000000cc]
J 882 c1 java.net.URLClassLoader.defineClass(Ljava/lang/String;Ljdk/internal/loader/Resource;)Ljava/lang/Class; java.base@17.0.7 (224 bytes) @ 0x00000144801a2a24 [0x00000144801a1040+0x00000000000019e4]
J 772 c1 java.net.URLClassLoader$1.run()Ljava/lang/Class; java.base@17.0.7 (81 bytes) @ 0x000001448015d1f4 [0x000001448015c5a0+0x0000000000000c54]
J 771 c1 java.net.URLClassLoader$1.run()Ljava/lang/Object; java.base@17.0.7 (5 bytes) @ 0x000001448015c0c4 [0x000001448015c040+0x0000000000000084]
J 610 c1 java.security.AccessController.doPrivileged(Ljava/security/PrivilegedExceptionAction;Ljava/security/AccessControlContext;)Ljava/lang/Object; java.base@17.0.7 (26 bytes) @ 0x00000144801026f4 [0x0000014480102520+0x00000000000001d4]
J 750 c1 java.net.URLClassLoader.findClass(Ljava/lang/String;)Ljava/lang/Class; java.base@17.0.7 (47 bytes) @ 0x000001448014ef14 [0x000001448014ed80+0x0000000000000194]
J 584 c1 java.lang.ClassLoader.loadClass(Ljava/lang/String;Z)Ljava/lang/Class; java.base@17.0.7 (121 bytes) @ 0x00000144800f975c [0x00000144800f91c0+0x000000000000059c]
J 696 c1 java.lang.ClassLoader.loadClass(Ljava/lang/String;)Ljava/lang/Class; java.base@17.0.7 (7 bytes) @ 0x000001448013a2bc [0x000001448013a1c0+0x00000000000000fc]
v  ~StubRoutines::call_stub
J 863  java.lang.ClassLoader.defineClass1(Ljava/lang/ClassLoader;Ljava/lang/String;[BIILjava/security/ProtectionDomain;Ljava/lang/String;)Ljava/lang/Class; java.base@17.0.7 (0 bytes) @ 0x0000014487b2ab5b [0x0000014487b2aaa0+0x00000000000000bb]
J 957 c1 java.lang.ClassLoader.defineClass(Ljava/lang/String;[BIILjava/security/ProtectionDomain;)Ljava/lang/Class; java.base@17.0.7 (43 bytes) @ 0x00000144801c5744 [0x00000144801c5400+0x0000000000000344]
J 803 c1 java.security.SecureClassLoader.defineClass(Ljava/lang/String;[BIILjava/security/CodeSource;)Ljava/lang/Class; java.base@17.0.7 (16 bytes) @ 0x000001448017688c [0x00000144801767c0+0x00000000000000cc]
J 882 c1 java.net.URLClassLoader.defineClass(Ljava/lang/String;Ljdk/internal/loader/Resource;)Ljava/lang/Class; java.base@17.0.7 (224 bytes) @ 0x00000144801a2a24 [0x00000144801a1040+0x00000000000019e4]
J 772 c1 java.net.URLClassLoader$1.run()Ljava/lang/Class; java.base@17.0.7 (81 bytes) @ 0x000001448015d1f4 [0x000001448015c5a0+0x0000000000000c54]
J 771 c1 java.net.URLClassLoader$1.run()Ljava/lang/Object; java.base@17.0.7 (5 bytes) @ 0x000001448015c0c4 [0x000001448015c040+0x0000000000000084]
J 610 c1 java.security.AccessController.doPrivileged(Ljava/security/PrivilegedExceptionAction;Ljava/security/AccessControlContext;)Ljava/lang/Object; java.base@17.0.7 (26 bytes) @ 0x00000144801026f4 [0x0000014480102520+0x00000000000001d4]
J 750 c1 java.net.URLClassLoader.findClass(Ljava/lang/String;)Ljava/lang/Class; java.base@17.0.7 (47 bytes) @ 0x000001448014ef14 [0x000001448014ed80+0x0000000000000194]
J 584 c1 java.lang.ClassLoader.loadClass(Ljava/lang/String;Z)Ljava/lang/Class; java.base@17.0.7 (121 bytes) @ 0x00000144800f975c [0x00000144800f91c0+0x000000000000059c]
J 696 c1 java.lang.ClassLoader.loadClass(Ljava/lang/String;)Ljava/lang/Class; java.base@17.0.7 (7 bytes) @ 0x000001448013a2bc [0x000001448013a1c0+0x00000000000000fc]
v  ~StubRoutines::call_stub
J 863  java.lang.ClassLoader.defineClass1(Ljava/lang/ClassLoader;Ljava/lang/String;[BIILjava/security/ProtectionDomain;Ljava/lang/String;)Ljava/lang/Class; java.base@17.0.7 (0 bytes) @ 0x0000014487b2ab5b [0x0000014487b2aaa0+0x00000000000000bb]
J 957 c1 java.lang.ClassLoader.defineClass(Ljava/lang/String;[BIILjava/security/ProtectionDomain;)Ljava/lang/Class; java.base@17.0.7 (43 bytes) @ 0x00000144801c5744 [0x00000144801c5400+0x0000000000000344]
J 803 c1 java.security.SecureClassLoader.defineClass(Ljava/lang/String;[BIILjava/security/CodeSource;)Ljava/lang/Class; java.base@17.0.7 (16 bytes) @ 0x000001448017688c [0x00000144801767c0+0x00000000000000cc]
J 882 c1 java.net.URLClassLoader.defineClass(Ljava/lang/String;Ljdk/internal/loader/Resource;)Ljava/lang/Class; java.base@17.0.7 (224 bytes) @ 0x00000144801a2a24 [0x00000144801a1040+0x00000000000019e4]
J 772 c1 java.net.URLClassLoader$1.run()Ljava/lang/Class; java.base@17.0.7 (81 bytes) @ 0x000001448015d1f4 [0x000001448015c5a0+0x0000000000000c54]
J 771 c1 java.net.URLClassLoader$1.run()Ljava/lang/Object; java.base@17.0.7 (5 bytes) @ 0x000001448015c0c4 [0x000001448015c040+0x0000000000000084]
J 610 c1 java.security.AccessController.doPrivileged(Ljava/security/PrivilegedExceptionAction;Ljava/security/AccessControlContext;)Ljava/lang/Object; java.base@17.0.7 (26 bytes) @ 0x00000144801026f4 [0x0000014480102520+0x00000000000001d4]
J 750 c1 java.net.URLClassLoader.findClass(Ljava/lang/String;)Ljava/lang/Class; java.base@17.0.7 (47 bytes) @ 0x000001448014ef14 [0x000001448014ed80+0x0000000000000194]
J 584 c1 java.lang.ClassLoader.loadClass(Ljava/lang/String;Z)Ljava/lang/Class; java.base@17.0.7 (121 bytes) @ 0x00000144800f975c [0x00000144800f91c0+0x000000000000059c]
J 696 c1 java.lang.ClassLoader.loadClass(Ljava/lang/String;)Ljava/lang/Class; java.base@17.0.7 (7 bytes) @ 0x000001448013a2bc [0x000001448013a1c0+0x00000000000000fc]
v  ~StubRoutines::call_stub
j  org.gradle.process.internal.DefaultExecActionFactory.newExec()Lorg/gradle/process/internal/ExecHandleBuilder;+0
j  org.gradle.launcher.daemon.client.DefaultDaemonStarter.startProcess(Ljava/util/List;Ljava/io/File;Ljava/io/File;Ljava/io/InputStream;)Lorg/gradle/launcher/daemon/diagnostics/DaemonStartupInfo;+51
j  org.gradle.launcher.daemon.client.DefaultDaemonStarter.startDaemon(Z)Lorg/gradle/launcher/daemon/diagnostics/DaemonStartupInfo;+679
j  org.gradle.launcher.daemon.client.DefaultDaemonConnector.doStartDaemon(Lorg/gradle/api/internal/specs/ExplainingSpec;Z)Lorg/gradle/launcher/daemon/client/DaemonClientConnection;+26
j  org.gradle.launcher.daemon.client.DefaultDaemonConnector.startDaemon(Lorg/gradle/api/internal/specs/ExplainingSpec;)Lorg/gradle/launcher/daemon/client/DaemonClientConnection;+3
j  org.gradle.launcher.daemon.client.DaemonClient.execute(Lorg/gradle/internal/invocation/BuildAction;Lorg/gradle/launcher/exec/BuildActionParameters;Lorg/gradle/initialization/BuildRequestContext;)Lorg/gradle/launcher/exec/BuildActionResult;+207
j  org.gradle.launcher.daemon.client.DaemonClient.execute(Lorg/gradle/internal/invocation/BuildAction;Ljava/lang/Object;Ljava/lang/Object;)Lorg/gradle/launcher/exec/BuildActionResult;+10
j  org.gradle.launcher.cli.RunBuildAction.run()V+74
j  org.gradle.internal.Actions$RunnableActionAdapter.execute(Ljava/lang/Object;)V+4
j  org.gradle.launcher.cli.DefaultCommandLineActionFactory$ParseAndBuildAction.execute(Lorg/gradle/launcher/bootstrap/ExecutionListener;)V+60
j  org.gradle.launcher.cli.DefaultCommandLineActionFactory$ParseAndBuildAction.execute(Ljava/lang/Object;)V+5
j  org.gradle.launcher.cli.DebugLoggerWarningAction.execute(Lorg/gradle/launcher/bootstrap/ExecutionListener;)V+9
j  org.gradle.launcher.cli.DebugLoggerWarningAction.execute(Ljava/lang/Object;)V+5
j  org.gradle.launcher.cli.WelcomeMessageAction.execute(Lorg/gradle/launcher/bootstrap/ExecutionListener;)V+218
j  org.gradle.launcher.cli.WelcomeMessageAction.execute(Ljava/lang/Object;)V+5
j  org.gradle.launcher.cli.NativeServicesInitializingAction.execute(Lorg/gradle/launcher/bootstrap/ExecutionListener;)V+35
j  org.gradle.launcher.cli.NativeServicesInitializingAction.execute(Ljava/lang/Object;)V+5
j  org.gradle.launcher.cli.ExceptionReportingAction.execute(Lorg/gradle/launcher/bootstrap/ExecutionListener;)V+5
j  org.gradle.launcher.cli.ExceptionReportingAction.execute(Ljava/lang/Object;)V+5
j  org.gradle.launcher.cli.DefaultCommandLineActionFactory$WithLogging.execute(Lorg/gradle/launcher/bootstrap/ExecutionListener;)V+299
j  org.gradle.launcher.Main.doAction([Ljava/lang/String;Lorg/gradle/launcher/bootstrap/ExecutionListener;)V+14
j  org.gradle.launcher.bootstrap.EntryPoint.run([Ljava/lang/String;)V+12
v  ~StubRoutines::call_stub
j  jdk.internal.reflect.NativeMethodAccessorImpl.invoke0(Ljava/lang/reflect/Method;Ljava/lang/Object;[Ljava/lang/Object;)Ljava/lang/Object;+0 java.base@17.0.7
j  jdk.internal.reflect.NativeMethodAccessorImpl.invoke(Ljava/lang/Object;[Ljava/lang/Object;)Ljava/lang/Object;+133 java.base@17.0.7
j  jdk.internal.reflect.DelegatingMethodAccessorImpl.invoke(Ljava/lang/Object;[Ljava/lang/Object;)Ljava/lang/Object;+6 java.base@17.0.7
j  java.lang.reflect.Method.invoke(Ljava/lang/Object;[Ljava/lang/Object;)Ljava/lang/Object;+59 java.base@17.0.7
j  org.gradle.launcher.bootstrap.ProcessBootstrap.runNoExit(Ljava/lang/String;[Ljava/lang/String;)V+155
j  org.gradle.launcher.bootstrap.ProcessBootstrap.run(Ljava/lang/String;[Ljava/lang/String;)V+2
v  ~StubRoutines::call_stub
j  jdk.internal.reflect.NativeMethodAccessorImpl.invoke0(Ljava/lang/reflect/Method;Ljava/lang/Object;[Ljava/lang/Object;)Ljava/lang/Object;+0 java.base@17.0.7
j  jdk.internal.reflect.NativeMethodAccessorImpl.invoke(Ljava/lang/Object;[Ljava/lang/Object;)Ljava/lang/Object;+133 java.base@17.0.7
j  jdk.internal.reflect.DelegatingMethodAccessorImpl.invoke(Ljava/lang/Object;[Ljava/lang/Object;)Ljava/lang/Object;+6 java.base@17.0.7
j  java.lang.reflect.Method.invoke(Ljava/lang/Object;[Ljava/lang/Object;)Ljava/lang/Object;+59 java.base@17.0.7
j  org.gradle.launcher.GradleMain.main([Ljava/lang/String;)V+100
v  ~StubRoutines::call_stub
j  jdk.internal.reflect.NativeMethodAccessorImpl.invoke0(Ljava/lang/reflect/Method;Ljava/lang/Object;[Ljava/lang/Object;)Ljava/lang/Object;+0 java.base@17.0.7
j  jdk.internal.reflect.NativeMethodAccessorImpl.invoke(Ljava/lang/Object;[Ljava/lang/Object;)Ljava/lang/Object;+133 java.base@17.0.7
j  jdk.internal.reflect.DelegatingMethodAccessorImpl.invoke(Ljava/lang/Object;[Ljava/lang/Object;)Ljava/lang/Object;+6 java.base@17.0.7
j  java.lang.reflect.Method.invoke(Ljava/lang/Object;[Ljava/lang/Object;)Ljava/lang/Object;+59 java.base@17.0.7
j  org.gradle.wrapper.BootstrapMainStarter.start([Ljava/lang/String;Ljava/io/File;)V+105
j  org.gradle.wrapper.WrapperExecutor.execute([Ljava/lang/String;Lorg/gradle/wrapper/Install;Lorg/gradle/wrapper/BootstrapMainStarter;)V+14
j  org.gradle.wrapper.GradleWrapperMain.main([Ljava/lang/String;)V+206
v  ~StubRoutines::call_stub

---------------  P R O C E S S  ---------------

Threads class SMR info:
_java_thread_list=0x00000144fb9b15f0, length=14, elements={
0x00000144efe4be60, 0x00000144f66cb270, 0x00000144f66cc790, 0x00000144f66e1cc0,
0x00000144f66e2a40, 0x00000144f6702e50, 0x00000144f6703eb0, 0x00000144f6705df0,
0x00000144f6713800, 0x00000144f67144b0, 0x00000144f6ab3ef0, 0x00000144f6ac1a80,
0x00000144f6c22e00, 0x00000144fb26e810
}

Java Threads: ( => current thread )
=>0x00000144efe4be60 JavaThread "main" [_thread_in_vm, id=3700, stack(0x0000000165800000,0x0000000165900000)]
  0x00000144f66cb270 JavaThread "Reference Handler" daemon [_thread_blocked, id=17360, stack(0x0000000165f00000,0x0000000166000000)]
  0x00000144f66cc790 JavaThread "Finalizer" daemon [_thread_blocked, id=18852, stack(0x0000000166000000,0x0000000166100000)]
  0x00000144f66e1cc0 JavaThread "Signal Dispatcher" daemon [_thread_blocked, id=14832, stack(0x0000000166100000,0x0000000166200000)]
  0x00000144f66e2a40 JavaThread "Attach Listener" daemon [_thread_blocked, id=12904, stack(0x0000000166200000,0x0000000166300000)]
  0x00000144f6702e50 JavaThread "Service Thread" daemon [_thread_blocked, id=12244, stack(0x0000000166300000,0x0000000166400000)]
  0x00000144f6703eb0 JavaThread "Monitor Deflation Thread" daemon [_thread_blocked, id=2408, stack(0x0000000166400000,0x0000000166500000)]
  0x00000144f6705df0 JavaThread "C2 CompilerThread0" daemon [_thread_blocked, id=15444, stack(0x0000000166500000,0x0000000166600000)]
  0x00000144f6713800 JavaThread "C1 CompilerThread0" daemon [_thread_blocked, id=15980, stack(0x0000000166600000,0x0000000166700000)]
  0x00000144f67144b0 JavaThread "Sweeper thread" daemon [_thread_blocked, id=3164, stack(0x0000000166700000,0x0000000166800000)]
  0x00000144f6ab3ef0 JavaThread "Notification Thread" daemon [_thread_blocked, id=15644, stack(0x0000000166800000,0x0000000166900000)]
  0x00000144f6ac1a80 JavaThread "Common-Cleaner" daemon [_thread_blocked, id=19812, stack(0x0000000166a00000,0x0000000166b00000)]
  0x00000144f6c22e00 JavaThread "C2 CompilerThread1" daemon [_thread_blocked, id=12628, stack(0x0000000166b00000,0x0000000166c00000)]
  0x00000144fb26e810 JavaThread "pool-1-thread-1" [_thread_blocked, id=10784, stack(0x0000000167000000,0x0000000167100000)]

Other Threads:
  0x00000144eff0ec50 VMThread "VM Thread" [stack: 0x0000000165e00000,0x0000000165f00000] [id=14884]
  0x00000144f6ab43c0 WatcherThread [stack: 0x0000000166900000,0x0000000166a00000] [id=12800]
  0x00000144efe6b5c0 GCTaskThread "GC Thread#0" [stack: 0x0000000165900000,0x0000000165a00000] [id=9388]
  0x00000144fb6e07a0 GCTaskThread "GC Thread#1" [stack: 0x0000000166c00000,0x0000000166d00000] [id=19068]
  0x00000144fb3d8c50 GCTaskThread "GC Thread#2" [stack: 0x0000000166d00000,0x0000000166e00000] [id=1468]
  0x00000144fb3d8f00 GCTaskThread "GC Thread#3" [stack: 0x0000000166e00000,0x0000000166f00000] [id=14532]
  0x00000144fb3d95b0 GCTaskThread "GC Thread#4" [stack: 0x0000000166f00000,0x0000000167000000] [id=13740]
  0x00000144efe6cc10 ConcurrentGCThread "G1 Main Marker" [stack: 0x0000000165a00000,0x0000000165b00000] [id=17160]
  0x00000144efe6d530 ConcurrentGCThread "G1 Conc#0" [stack: 0x0000000165b00000,0x0000000165c00000] [id=16356]
  0x00000144efed7070 ConcurrentGCThread "G1 Refine#0" [stack: 0x0000000165c00000,0x0000000165d00000] [id=348]
  0x00000144efed8db0 ConcurrentGCThread "G1 Service" [stack: 0x0000000165d00000,0x0000000165e00000] [id=9656]

Threads with active compile tasks:

VM state: not at safepoint (normal execution)

VM Mutex/Monitor currently owned by a thread:  ([mutex/lock_event])
[0x00000144efe47900] Metaspace_lock - owner thread: 0x00000144efe4be60

Heap address: 0x00000000fc000000, size: 64 MB, Compressed Oops mode: 32-bit

CDS archive(s) not mapped
Compressed class space mapped at: 0x0000000100000000-0x0000000140000000, reserved size: 1073741824
Narrow klass base: 0x0000000000000000, Narrow klass shift: 3, Narrow klass range: 0x140000000

GC Precious Log:
 CPUs: 12 total, 12 available
 Memory: 16226M
 Large Page Support: Disabled
 NUMA Support: Disabled
 Compressed Oops: Enabled (32-bit)
 Heap Region Size: 1M
 Heap Min Capacity: 64M
 Heap Initial Capacity: 64M
 Heap Max Capacity: 64M
 Pre-touch: Disabled
 Parallel Workers: 10
 Concurrent Workers: 3
 Concurrent Refinement Workers: 10
 Periodic GC: Disabled

Heap:
 garbage-first heap   total 65536K, used 25880K [0x00000000fc000000, 0x0000000100000000)
  region size 1024K, 19 young (19456K), 3 survivors (3072K)
 Metaspace       used 15489K, committed 15680K, reserved 1114112K
  class space    used 1800K, committed 1920K, reserved 1048576K

Heap Regions: E=young(eden), S=young(survivor), O=old, HS=humongous(starts), HC=humongous(continues), CS=collection set, F=free, OA=open archive, CA=closed archive, TAMS=top-at-mark-start (previous, next)
|   0|0x00000000fc000000, 0x00000000fc100000, 0x00000000fc100000|100%|HS|  |TAMS 0x00000000fc000000, 0x00000000fc000000| Complete 
|   1|0x00000000fc100000, 0x00000000fc200000, 0x00000000fc200000|100%|HC|  |TAMS 0x00000000fc100000, 0x00000000fc100000| Complete 
|   2|0x00000000fc200000, 0x00000000fc300000, 0x00000000fc300000|100%|HC|  |TAMS 0x00000000fc200000, 0x00000000fc200000| Complete 
|   3|0x00000000fc300000, 0x00000000fc400000, 0x00000000fc400000|100%|HC|  |TAMS 0x00000000fc300000, 0x00000000fc300000| Complete 
|   4|0x00000000fc400000, 0x00000000fc500000, 0x00000000fc500000|100%| O|  |TAMS 0x00000000fc400000, 0x00000000fc400000| Untracked 
|   5|0x00000000fc500000, 0x00000000fc600000, 0x00000000fc600000|100%| O|  |TAMS 0x00000000fc500000, 0x00000000fc500000| Untracked 
|   6|0x00000000fc600000, 0x00000000fc700000, 0x00000000fc700000|100%| O|  |TAMS 0x00000000fc600000, 0x00000000fc600000| Untracked 
|   7|0x00000000fc700000, 0x00000000fc746000, 0x00000000fc800000| 27%| O|  |TAMS 0x00000000fc700000, 0x00000000fc700000| Untracked 
|   8|0x00000000fc800000, 0x00000000fc800000, 0x00000000fc900000|  0%| F|  |TAMS 0x00000000fc800000, 0x00000000fc800000| Untracked 
|   9|0x00000000fc900000, 0x00000000fc900000, 0x00000000fca00000|  0%| F|  |TAMS 0x00000000fc900000, 0x00000000fc900000| Untracked 
|  10|0x00000000fca00000, 0x00000000fca00000, 0x00000000fcb00000|  0%| F|  |TAMS 0x00000000fca00000, 0x00000000fca00000| Untracked 
|  11|0x00000000fcb00000, 0x00000000fcb00000, 0x00000000fcc00000|  0%| F|  |TAMS 0x00000000fcb00000, 0x00000000fcb00000| Untracked 
|  12|0x00000000fcc00000, 0x00000000fcc00000, 0x00000000fcd00000|  0%| F|  |TAMS 0x00000000fcc00000, 0x00000000fcc00000| Untracked 
|  13|0x00000000fcd00000, 0x00000000fcd00000, 0x00000000fce00000|  0%| F|  |TAMS 0x00000000fcd00000, 0x00000000fcd00000| Untracked 
|  14|0x00000000fce00000, 0x00000000fce00000, 0x00000000fcf00000|  0%| F|  |TAMS 0x00000000fce00000, 0x00000000fce00000| Untracked 
|  15|0x00000000fcf00000, 0x00000000fcf00000, 0x00000000fd000000|  0%| F|  |TAMS 0x00000000fcf00000, 0x00000000fcf00000| Untracked 
|  16|0x00000000fd000000, 0x00000000fd000000, 0x00000000fd100000|  0%| F|  |TAMS 0x00000000fd000000, 0x00000000fd000000| Untracked 
|  17|0x00000000fd100000, 0x00000000fd100000, 0x00000000fd200000|  0%| F|  |TAMS 0x00000000fd100000, 0x00000000fd100000| Untracked 
|  18|0x00000000fd200000, 0x00000000fd200000, 0x00000000fd300000|  0%| F|  |TAMS 0x00000000fd200000, 0x00000000fd200000| Untracked 
|  19|0x00000000fd300000, 0x00000000fd300000, 0x00000000fd400000|  0%| F|  |TAMS 0x00000000fd300000, 0x00000000fd300000| Untracked 
|  20|0x00000000fd400000, 0x00000000fd400000, 0x00000000fd500000|  0%| F|  |TAMS 0x00000000fd400000, 0x00000000fd400000| Untracked 
|  21|0x00000000fd500000, 0x00000000fd500000, 0x00000000fd600000|  0%| F|  |TAMS 0x00000000fd500000, 0x00000000fd500000| Untracked 
|  22|0x00000000fd600000, 0x00000000fd600000, 0x00000000fd700000|  0%| F|  |TAMS 0x00000000fd600000, 0x00000000fd600000| Untracked 
|  23|0x00000000fd700000, 0x00000000fd700000, 0x00000000fd800000|  0%| F|  |TAMS 0x00000000fd700000, 0x00000000fd700000| Untracked 
|  24|0x00000000fd800000, 0x00000000fd800000, 0x00000000fd900000|  0%| F|  |TAMS 0x00000000fd800000, 0x00000000fd800000| Untracked 
|  25|0x00000000fd900000, 0x00000000fd900000, 0x00000000fda00000|  0%| F|  |TAMS 0x00000000fd900000, 0x00000000fd900000| Untracked 
|  26|0x00000000fda00000, 0x00000000fda00000, 0x00000000fdb00000|  0%| F|  |TAMS 0x00000000fda00000, 0x00000000fda00000| Untracked 
|  27|0x00000000fdb00000, 0x00000000fdb00000, 0x00000000fdc00000|  0%| F|  |TAMS 0x00000000fdb00000, 0x00000000fdb00000| Untracked 
|  28|0x00000000fdc00000, 0x00000000fdc00000, 0x00000000fdd00000|  0%| F|  |TAMS 0x00000000fdc00000, 0x00000000fdc00000| Untracked 
|  29|0x00000000fdd00000, 0x00000000fdd00000, 0x00000000fde00000|  0%| F|  |TAMS 0x00000000fdd00000, 0x00000000fdd00000| Untracked 
|  30|0x00000000fde00000, 0x00000000fde00000, 0x00000000fdf00000|  0%| F|  |TAMS 0x00000000fde00000, 0x00000000fde00000| Untracked 
|  31|0x00000000fdf00000, 0x00000000fdf00000, 0x00000000fe000000|  0%| F|  |TAMS 0x00000000fdf00000, 0x00000000fdf00000| Untracked 
|  32|0x00000000fe000000, 0x00000000fe000000, 0x00000000fe100000|  0%| F|  |TAMS 0x00000000fe000000, 0x00000000fe000000| Untracked 
|  33|0x00000000fe100000, 0x00000000fe100000, 0x00000000fe200000|  0%| F|  |TAMS 0x00000000fe100000, 0x00000000fe100000| Untracked 
|  34|0x00000000fe200000, 0x00000000fe200000, 0x00000000fe300000|  0%| F|  |TAMS 0x00000000fe200000, 0x00000000fe200000| Untracked 
|  35|0x00000000fe300000, 0x00000000fe300000, 0x00000000fe400000|  0%| F|  |TAMS 0x00000000fe300000, 0x00000000fe300000| Untracked 
|  36|0x00000000fe400000, 0x00000000fe400000, 0x00000000fe500000|  0%| F|  |TAMS 0x00000000fe400000, 0x00000000fe400000| Untracked 
|  37|0x00000000fe500000, 0x00000000fe500000, 0x00000000fe600000|  0%| F|  |TAMS 0x00000000fe500000, 0x00000000fe500000| Untracked 
|  38|0x00000000fe600000, 0x00000000fe700000, 0x00000000fe700000|100%| S|CS|TAMS 0x00000000fe600000, 0x00000000fe600000| Complete 
|  39|0x00000000fe700000, 0x00000000fe800000, 0x00000000fe800000|100%| S|CS|TAMS 0x00000000fe700000, 0x00000000fe700000| Complete 
|  40|0x00000000fe800000, 0x00000000fe900000, 0x00000000fe900000|100%| S|CS|TAMS 0x00000000fe800000, 0x00000000fe800000| Complete 
|  41|0x00000000fe900000, 0x00000000fe900000, 0x00000000fea00000|  0%| F|  |TAMS 0x00000000fe900000, 0x00000000fe900000| Untracked 
|  42|0x00000000fea00000, 0x00000000fea00000, 0x00000000feb00000|  0%| F|  |TAMS 0x00000000fea00000, 0x00000000fea00000| Untracked 
|  43|0x00000000feb00000, 0x00000000feb00000, 0x00000000fec00000|  0%| F|  |TAMS 0x00000000feb00000, 0x00000000feb00000| Untracked 
|  44|0x00000000fec00000, 0x00000000fec00000, 0x00000000fed00000|  0%| F|  |TAMS 0x00000000fec00000, 0x00000000fec00000| Untracked 
|  45|0x00000000fed00000, 0x00000000fed00000, 0x00000000fee00000|  0%| F|  |TAMS 0x00000000fed00000, 0x00000000fed00000| Untracked 
|  46|0x00000000fee00000, 0x00000000fee00000, 0x00000000fef00000|  0%| F|  |TAMS 0x00000000fee00000, 0x00000000fee00000| Untracked 
|  47|0x00000000fef00000, 0x00000000fef00000, 0x00000000ff000000|  0%| F|  |TAMS 0x00000000fef00000, 0x00000000fef00000| Untracked 
|  48|0x00000000ff000000, 0x00000000ff0e3970, 0x00000000ff100000| 88%| E|  |TAMS 0x00000000ff000000, 0x00000000ff000000| Complete 
|  49|0x00000000ff100000, 0x00000000ff200000, 0x00000000ff200000|100%| E|CS|TAMS 0x00000000ff100000, 0x00000000ff100000| Complete 
|  50|0x00000000ff200000, 0x00000000ff300000, 0x00000000ff300000|100%| E|CS|TAMS 0x00000000ff200000, 0x00000000ff200000| Complete 
|  51|0x00000000ff300000, 0x00000000ff400000, 0x00000000ff400000|100%| E|CS|TAMS 0x00000000ff300000, 0x00000000ff300000| Complete 
|  52|0x00000000ff400000, 0x00000000ff500000, 0x00000000ff500000|100%| E|CS|TAMS 0x00000000ff400000, 0x00000000ff400000| Complete 
|  53|0x00000000ff500000, 0x00000000ff600000, 0x00000000ff600000|100%| E|CS|TAMS 0x00000000ff500000, 0x00000000ff500000| Complete 
|  54|0x00000000ff600000, 0x00000000ff700000, 0x00000000ff700000|100%| E|CS|TAMS 0x00000000ff600000, 0x00000000ff600000| Complete 
|  55|0x00000000ff700000, 0x00000000ff800000, 0x00000000ff800000|100%| E|CS|TAMS 0x00000000ff700000, 0x00000000ff700000| Complete 
|  56|0x00000000ff800000, 0x00000000ff900000, 0x00000000ff900000|100%| E|CS|TAMS 0x00000000ff800000, 0x00000000ff800000| Complete 
|  57|0x00000000ff900000, 0x00000000ffa00000, 0x00000000ffa00000|100%| E|CS|TAMS 0x00000000ff900000, 0x00000000ff900000| Complete 
|  58|0x00000000ffa00000, 0x00000000ffb00000, 0x00000000ffb00000|100%| E|CS|TAMS 0x00000000ffa00000, 0x00000000ffa00000| Complete 
|  59|0x00000000ffb00000, 0x00000000ffc00000, 0x00000000ffc00000|100%| E|CS|TAMS 0x00000000ffb00000, 0x00000000ffb00000| Complete 
|  60|0x00000000ffc00000, 0x00000000ffd00000, 0x00000000ffd00000|100%| E|CS|TAMS 0x00000000ffc00000, 0x00000000ffc00000| Complete 
|  61|0x00000000ffd00000, 0x00000000ffe00000, 0x00000000ffe00000|100%| E|CS|TAMS 0x00000000ffd00000, 0x00000000ffd00000| Complete 
|  62|0x00000000ffe00000, 0x00000000fff00000, 0x00000000fff00000|100%| E|CS|TAMS 0x00000000ffe00000, 0x00000000ffe00000| Complete 
|  63|0x00000000fff00000, 0x0000000100000000, 0x0000000100000000|100%| E|CS|TAMS 0x00000000fff00000, 0x00000000fff00000| Complete 

Card table byte_map: [0x00000144efd90000,0x00000144efdb0000] _byte_map_base: 0x00000144ef5b0000

Marking Bits (Prev, Next): (CMBitMap*) 0x00000144efe6bae0, (CMBitMap*) 0x00000144efe6bb20
 Prev Bits: [0x00000144f3870000, 0x00000144f3970000)
 Next Bits: [0x00000144f3970000, 0x00000144f3a70000)

Polling page: 0x00000144ef610000

Metaspace:

Usage:
  Non-class:     13.37 MB used.
      Class:      1.76 MB used.
       Both:     15.13 MB used.

Virtual space:
  Non-class space:       64.00 MB reserved,      13.44 MB ( 21%) committed,  1 nodes.
      Class space:        1.00 GB reserved,       1.88 MB ( <1%) committed,  1 nodes.
             Both:        1.06 GB reserved,      15.31 MB (  1%) committed. 

Chunk freelists:
   Non-Class:  2.05 MB
       Class:  14.17 MB
        Both:  16.22 MB

MaxMetaspaceSize: unlimited
CompressedClassSpaceSize: 1.00 GB
Initial GC threshold: 21.00 MB
Current GC threshold: 21.00 MB
CDS: off
MetaspaceReclaimPolicy: balanced
 - commit_granule_bytes: 65536.
 - commit_granule_words: 8192.
 - virtual_space_node_default_size: 8388608.
 - enlarge_chunks_in_place: 1.
 - new_chunks_are_fully_committed: 0.
 - uncommit_free_chunks: 1.
 - use_allocation_guard: 0.
 - handle_deallocations: 1.


Internal statistics:

num_allocs_failed_limit: 0.
num_arena_births: 72.
num_arena_deaths: 0.
num_vsnodes_births: 2.
num_vsnodes_deaths: 0.
num_space_committed: 245.
num_space_uncommitted: 0.
num_chunks_returned_to_freelist: 0.
num_chunks_taken_from_freelist: 291.
num_chunk_merges: 0.
num_chunk_splits: 196.
num_chunks_enlarged: 161.
num_inconsistent_stats: 0.

CodeHeap 'non-profiled nmethods': size=120000Kb used=511Kb max_used=511Kb free=119488Kb
 bounds [0x0000014487ad0000, 0x0000014487d40000, 0x000001448f000000]
CodeHeap 'profiled nmethods': size=120000Kb used=2303Kb max_used=2303Kb free=117696Kb
 bounds [0x0000014480000000, 0x0000014480270000, 0x0000014487530000]
CodeHeap 'non-nmethods': size=5760Kb used=1160Kb max_used=1178Kb free=4599Kb
 bounds [0x0000014487530000, 0x00000144877a0000, 0x0000014487ad0000]
 total_blobs=1656 nmethods=1203 adapters=366
 compilation: enabled
              stopped_count=0, restarted_count=0
 full_count=0

Compilation events (20 events):
Event: 1.766 Thread 0x00000144f6713800 nmethod 1194 0x000001448023b010 code [0x000001448023b280, 0x000001448023bad8]
Event: 1.766 Thread 0x00000144f6713800 1196       3       jdk.internal.org.objectweb.asm.MethodWriter::<init> (232 bytes)
Event: 1.767 Thread 0x00000144f6713800 nmethod 1196 0x000001448023be90 code [0x000001448023c120, 0x000001448023ce98]
Event: 1.767 Thread 0x00000144f6713800 1195       3       jdk.internal.org.objectweb.asm.ClassWriter::visitMethod (57 bytes)
Event: 1.767 Thread 0x00000144f6713800 nmethod 1195 0x000001448023d390 code [0x000001448023d540, 0x000001448023d8a8]
Event: 1.777 Thread 0x00000144f6713800 1197       1       org.gradle.internal.io.StreamByteBuffer::access$000 (5 bytes)
Event: 1.778 Thread 0x00000144f6713800 nmethod 1197 0x0000014487b4e790 code [0x0000014487b4e920, 0x0000014487b4e9d8]
Event: 1.778 Thread 0x00000144f6713800 1199       3       org.gradle.internal.io.StreamByteBuffer$StreamByteBufferOutputStream::write (22 bytes)
Event: 1.778 Thread 0x00000144f6713800 nmethod 1199 0x000001448023da10 code [0x000001448023dbc0, 0x000001448023dd78]
Event: 1.778 Thread 0x00000144f6713800 1198       3       org.gradle.internal.stream.EncodedStream::access$000 (4 bytes)
Event: 1.778 Thread 0x00000144f6713800 nmethod 1198 0x000001448023df10 code [0x000001448023e0a0, 0x000001448023e198]
Event: 1.778 Thread 0x00000144f6713800 1202       3       org.gradle.internal.io.StreamByteBuffer$StreamByteBufferChunk::write (32 bytes)
Event: 1.778 Thread 0x00000144f6713800 nmethod 1202 0x000001448023e210 code [0x000001448023e3c0, 0x000001448023e578]
Event: 1.778 Thread 0x00000144f6713800 1201       3       org.gradle.internal.io.StreamByteBuffer$StreamByteBufferChunk::spaceLeft (10 bytes)
Event: 1.778 Thread 0x00000144f6713800 nmethod 1201 0x000001448023e690 code [0x000001448023e820, 0x000001448023e938]
Event: 1.778 Thread 0x00000144f6713800 1200       3       org.gradle.internal.io.StreamByteBuffer::allocateSpace (73 bytes)
Event: 1.779 Thread 0x00000144f6713800 nmethod 1200 0x000001448023ea10 code [0x000001448023ec20, 0x000001448023f368]
Event: 1.779 Thread 0x00000144f6713800 1203       3       org.gradle.internal.stream.EncodedStream$EncodedOutput::write (33 bytes)
Event: 1.779 Thread 0x00000144f6c22e00 nmethod 1191 0x0000014487b4ea90 code [0x0000014487b4ec60, 0x0000014487b4f7a8]
Event: 1.779 Thread 0x00000144f6713800 nmethod 1203 0x000001448023f610 code [0x000001448023f7e0, 0x000001448023fb78]

GC Heap History (2 events):
Event: 1.127 GC heap before
{Heap before GC invocations=0 (full 0):
 garbage-first heap   total 65536K, used 26624K [0x00000000fc000000, 0x0000000100000000)
  region size 1024K, 23 young (23552K), 0 survivors (0K)
 Metaspace       used 11164K, committed 11392K, reserved 1114112K
  class space    used 1153K, committed 1280K, reserved 1048576K
}
Event: 1.137 GC heap after
{Heap after GC invocations=1 (full 0):
 garbage-first heap   total 65536K, used 10520K [0x00000000fc000000, 0x0000000100000000)
  region size 1024K, 3 young (3072K), 3 survivors (3072K)
 Metaspace       used 11164K, committed 11392K, reserved 1114112K
  class space    used 1153K, committed 1280K, reserved 1048576K
}

Dll operation events (2 events):
Event: 0.008 Loaded shared library C:\Program Files\Android\Android Studio\jbr\bin\java.dll
Event: 0.718 Loaded shared library C:\Program Files\Android\Android Studio\jbr\bin\verify.dll

Deoptimization events (20 events):
Event: 1.736 Thread 0x00000144efe4be60 DEOPT PACKING pc=0x00000144800b4a37 sp=0x00000001658fc850
Event: 1.736 Thread 0x00000144efe4be60 DEOPT UNPACKING pc=0x0000014487587143 sp=0x00000001658fbd18 mode 0
Event: 1.737 Thread 0x00000144efe4be60 DEOPT PACKING pc=0x00000144800b4a37 sp=0x00000001658fc850
Event: 1.737 Thread 0x00000144efe4be60 DEOPT UNPACKING pc=0x0000014487587143 sp=0x00000001658fbd18 mode 0
Event: 1.737 Thread 0x00000144efe4be60 DEOPT PACKING pc=0x00000144800b4a37 sp=0x00000001658fc850
Event: 1.737 Thread 0x00000144efe4be60 DEOPT UNPACKING pc=0x0000014487587143 sp=0x00000001658fbd18 mode 0
Event: 1.738 Thread 0x00000144efe4be60 DEOPT PACKING pc=0x00000144800b4a37 sp=0x00000001658fc850
Event: 1.738 Thread 0x00000144efe4be60 DEOPT UNPACKING pc=0x0000014487587143 sp=0x00000001658fbd18 mode 0
Event: 1.739 Thread 0x00000144efe4be60 DEOPT PACKING pc=0x00000144800b4a37 sp=0x00000001658fc850
Event: 1.739 Thread 0x00000144efe4be60 DEOPT UNPACKING pc=0x0000014487587143 sp=0x00000001658fbd18 mode 0
Event: 1.739 Thread 0x00000144efe4be60 DEOPT PACKING pc=0x00000144800b4a37 sp=0x00000001658fc850
Event: 1.739 Thread 0x00000144efe4be60 DEOPT UNPACKING pc=0x0000014487587143 sp=0x00000001658fbd18 mode 0
Event: 1.740 Thread 0x00000144efe4be60 DEOPT PACKING pc=0x00000144800b4a37 sp=0x00000001658fc850
Event: 1.740 Thread 0x00000144efe4be60 DEOPT UNPACKING pc=0x0000014487587143 sp=0x00000001658fbd18 mode 0
Event: 1.741 Thread 0x00000144efe4be60 DEOPT PACKING pc=0x00000144800b4a37 sp=0x00000001658fc850
Event: 1.741 Thread 0x00000144efe4be60 DEOPT UNPACKING pc=0x0000014487587143 sp=0x00000001658fbd18 mode 0
Event: 1.741 Thread 0x00000144efe4be60 DEOPT PACKING pc=0x00000144800bd289 sp=0x00000001658fc780
Event: 1.741 Thread 0x00000144efe4be60 DEOPT UNPACKING pc=0x0000014487587143 sp=0x00000001658fbc78 mode 0
Event: 1.742 Thread 0x00000144efe4be60 DEOPT PACKING pc=0x00000144800b4a37 sp=0x00000001658fc850
Event: 1.742 Thread 0x00000144efe4be60 DEOPT UNPACKING pc=0x0000014487587143 sp=0x00000001658fbd18 mode 0

Classes unloaded (0 events):
No events

Classes redefined (0 events):
No events

Internal exceptions (18 events):
Event: 0.358 Thread 0x00000144efe4be60 Exception <a 'java/lang/NoSuchMethodError'{0x00000000ffc75948}: 'int java.lang.invoke.DirectMethodHandle$Holder.invokeStaticInit(java.lang.Object, java.lang.Object)'> (0x00000000ffc75948) 
thrown [s\src\hotspot\share\interpreter\linkResolver.cpp, line 771]
Event: 1.082 Thread 0x00000144efe4be60 Exception <a 'java/lang/NoSuchMethodError'{0x00000000fe908f90}: 'void java.lang.invoke.DirectMethodHandle$Holder.invokeStatic(java.lang.Object, java.lang.Object)'> (0x00000000fe908f90) 
thrown [s\src\hotspot\share\interpreter\linkResolver.cpp, line 771]
Event: 1.109 Thread 0x00000144efe4be60 Exception <a 'java/lang/NoClassDefFoundError'{0x00000000fe995f48}: org/slf4j/impl/StaticMarkerBinder> (0x00000000fe995f48) 
thrown [s\src\hotspot\share\classfile\systemDictionary.cpp, line 245]
Event: 1.145 Thread 0x00000144efe4be60 Exception <a 'java/lang/NoSuchMethodError'{0x00000000fff35940}: 'java.lang.Object java.lang.invoke.DirectMethodHandle$Holder.invokeVirtual(java.lang.Object, java.lang.Object, java.lang.Object, java.lang.Object, java.lang.Object, java.lang.Object, java.lang.Object)'> (0x00000000fff35940) 
thrown [s\src\hotspot\share\interpreter\linkResolver.cpp, line 771]
Event: 1.147 Thread 0x00000144efe4be60 Exception <a 'java/lang/NoSuchMethodError'{0x00000000fff47470}: 'java.lang.Object java.lang.invoke.Invokers$Holder.invoker(java.lang.Object, java.lang.Object, java.lang.Object)'> (0x00000000fff47470) 
thrown [s\src\hotspot\share\interpreter\linkResolver.cpp, line 771]
Event: 1.149 Thread 0x00000144efe4be60 Exception <a 'java/lang/NoSuchMethodError'{0x00000000fff50620}: 'java.lang.Object java.lang.invoke.DirectMethodHandle$Holder.invokeStatic(java.lang.Object, java.lang.Object, int)'> (0x00000000fff50620) 
thrown [s\src\hotspot\share\interpreter\linkResolver.cpp, line 771]
Event: 1.150 Thread 0x00000144efe4be60 Exception <a 'java/lang/NoSuchMethodError'{0x00000000fff5c310}: 'void java.lang.invoke.DelegatingMethodHandle$Holder.delegate(java.lang.Object, java.lang.Object, int, java.lang.Object)'> (0x00000000fff5c310) 
thrown [s\src\hotspot\share\interpreter\linkResolver.cpp, line 771]
Event: 1.151 Thread 0x00000144efe4be60 Exception <a 'java/lang/NoSuchMethodError'{0x00000000fff604d8}: 'int java.lang.invoke.DirectMethodHandle$Holder.invokeSpecial(java.lang.Object, java.lang.Object, java.lang.Object)'> (0x00000000fff604d8) 
thrown [s\src\hotspot\share\interpreter\linkResolver.cpp, line 771]
Event: 1.154 Thread 0x00000144efe4be60 Exception <a 'java/lang/NoSuchMethodError'{0x00000000fffabf30}: 'java.lang.Object java.lang.invoke.Invokers$Holder.invokeExact_MT(java.lang.Object, java.lang.Object, java.lang.Object, java.lang.Object)'> (0x00000000fffabf30) 
thrown [s\src\hotspot\share\interpreter\linkResolver.cpp, line 771]
Event: 1.285 Thread 0x00000144efe4be60 Exception <a 'java/lang/NoSuchMethodError'{0x00000000ffa5e4c0}: 'void java.lang.invoke.DirectMethodHandle$Holder.invokeSpecial(java.lang.Object, java.lang.Object, java.lang.Object)'> (0x00000000ffa5e4c0) 
thrown [s\src\hotspot\share\interpreter\linkResolver.cpp, line 771]
Event: 1.299 Thread 0x00000144efe4be60 Implicit null exception at 0x0000014487b1e90f to 0x0000014487b1ee7c
Event: 1.299 Thread 0x00000144efe4be60 Implicit null exception at 0x0000014487b1190f to 0x0000014487b11e84
Event: 1.322 Thread 0x00000144efe4be60 Exception <a 'java/lang/NoSuchMethodError'{0x00000000ff9bae90}: 'java.lang.Object java.lang.invoke.DirectMethodHandle$Holder.invokeStaticInit(java.lang.Object)'> (0x00000000ff9bae90) 
thrown [s\src\hotspot\share\interpreter\linkResolver.cpp, line 771]
Event: 1.461 Thread 0x00000144efe4be60 Exception <a 'java/lang/NoSuchMethodError'{0x00000000ff574cb0}: 'java.lang.Object java.lang.invoke.DirectMethodHandle$Holder.invokeStaticInit(java.lang.Object, int, int, int, int)'> (0x00000000ff574cb0) 
thrown [s\src\hotspot\share\interpreter\linkResolver.cpp, line 771]
Event: 1.526 Thread 0x00000144efe4be60 Exception <a 'java/lang/NoSuchMethodError'{0x00000000ff5908d0}: 'java.lang.Object java.lang.invoke.DirectMethodHandle$Holder.invokeStaticInit(java.lang.Object, java.lang.Object, int, int, int, int)'> (0x00000000ff5908d0) 
thrown [s\src\hotspot\share\interpreter\linkResolver.cpp, line 771]
Event: 1.653 Thread 0x00000144efe4be60 Exception <a 'java/lang/NoSuchMethodError'{0x00000000ff5bd950}: 'void java.lang.invoke.DirectMethodHandle$Holder.invokeStatic(java.lang.Object, java.lang.Object, java.lang.Object)'> (0x00000000ff5bd950) 
thrown [s\src\hotspot\share\interpreter\linkResolver.cpp, line 771]
Event: 1.675 Thread 0x00000144efe4be60 Implicit null exception at 0x0000014487b0b472 to 0x0000014487b0ba8c
Event: 1.678 Thread 0x00000144efe4be60 Implicit null exception at 0x0000014487b16af2 to 0x0000014487b1710c

VM Operations (16 events):
Event: 0.178 Executing VM operation: HandshakeAllThreads
Event: 0.178 Executing VM operation: HandshakeAllThreads done
Event: 1.103 Executing VM operation: HandshakeAllThreads
Event: 1.103 Executing VM operation: HandshakeAllThreads done
Event: 1.103 Executing VM operation: Cleanup
Event: 1.103 Executing VM operation: Cleanup done
Event: 1.103 Executing VM operation: HandshakeAllThreads
Event: 1.103 Executing VM operation: HandshakeAllThreads done
Event: 1.126 Executing VM operation: G1CollectForAllocation
Event: 1.138 Executing VM operation: G1CollectForAllocation done
Event: 1.149 Executing VM operation: HandshakeAllThreads
Event: 1.149 Executing VM operation: HandshakeAllThreads done
Event: 1.403 Executing VM operation: HandshakeAllThreads
Event: 1.403 Executing VM operation: HandshakeAllThreads done
Event: 1.524 Executing VM operation: HandshakeAllThreads
Event: 1.524 Executing VM operation: HandshakeAllThreads done

Events (20 events):
Event: 1.656 loading class sun/nio/ch/ExtendedSocketOption
Event: 1.657 loading class sun/nio/ch/ExtendedSocketOption done
Event: 1.657 loading class sun/nio/ch/ExtendedSocketOption$1
Event: 1.657 loading class sun/nio/ch/ExtendedSocketOption$1 done
Event: 1.661 loading class java/nio/channels/OverlappingFileLockException
Event: 1.661 loading class java/nio/channels/OverlappingFileLockException done
Event: 1.661 loading class java/io/EOFException
Event: 1.661 loading class java/io/EOFException done
Event: 1.666 loading class java/io/DataInputStream
Event: 1.666 loading class java/io/DataInputStream done
Event: 1.685 loading class java/io/DataOutputStream
Event: 1.686 loading class java/io/DataOutputStream done
Event: 1.690 loading class java/io/FileOutputStream$1
Event: 1.690 loading class java/io/FileOutputStream$1 done
Event: 1.691 loading class java/util/Arrays$LegacyMergeSort
Event: 1.691 loading class java/util/Arrays$LegacyMergeSort done
Event: 1.692 loading class java/util/TimSort
Event: 1.692 loading class java/util/TimSort done
Event: 1.773 loading class java/nio/charset/CharacterCodingException
Event: 1.773 loading class java/nio/charset/CharacterCodingException done


Dynamic libraries:
0x00007ff615080000 - 0x00007ff61508a000 	C:\Program Files\Android\Android Studio\jbr\bin\java.exe
0x00007fffb68d0000 - 0x00007fffb6ae7000 	C:\WINDOWS\SYSTEM32\ntdll.dll
0x00007fffb53b0000 - 0x00007fffb5474000 	C:\WINDOWS\System32\KERNEL32.DLL
0x00007fffb3db0000 - 0x00007fffb4155000 	C:\WINDOWS\System32\KERNELBASE.dll
0x00007fffb41d0000 - 0x00007fffb42e1000 	C:\WINDOWS\System32\ucrtbase.dll
0x00007fff96dd0000 - 0x00007fff96de7000 	C:\Program Files\Android\Android Studio\jbr\bin\jli.dll
0x00007fff8db00000 - 0x00007fff8db1b000 	C:\Program Files\Android\Android Studio\jbr\bin\VCRUNTIME140.dll
0x00007fffb4e90000 - 0x00007fffb503e000 	C:\WINDOWS\System32\USER32.dll
0x00007fffa3640000 - 0x00007fffa38d3000 	C:\WINDOWS\WinSxS\amd64_microsoft.windows.common-controls_6595b64144ccf1df_6.0.22621.2506_none_270c5ae97388e100\COMCTL32.dll
0x00007fffb3c40000 - 0x00007fffb3c66000 	C:\WINDOWS\System32\win32u.dll
0x00007fffb5490000 - 0x00007fffb5537000 	C:\WINDOWS\System32\msvcrt.dll
0x00007fffb4de0000 - 0x00007fffb4e09000 	C:\WINDOWS\System32\GDI32.dll
0x00007fffb42f0000 - 0x00007fffb4409000 	C:\WINDOWS\System32\gdi32full.dll
0x00007fffb4410000 - 0x00007fffb44aa000 	C:\WINDOWS\System32\msvcp_win.dll
0x00007fffb5040000 - 0x00007fffb5071000 	C:\WINDOWS\System32\IMM32.DLL
0x00007fffb19a0000 - 0x00007fffb19ac000 	C:\Program Files\Android\Android Studio\jbr\bin\vcruntime140_1.dll
0x00007fff81a50000 - 0x00007fff81add000 	C:\Program Files\Android\Android Studio\jbr\bin\msvcp140.dll
0x00007fff61ad0000 - 0x00007fff62750000 	C:\Program Files\Android\Android Studio\jbr\bin\server\jvm.dll
0x00007fffb5a50000 - 0x00007fffb5b01000 	C:\WINDOWS\System32\ADVAPI32.dll
0x00007fffb5100000 - 0x00007fffb51a6000 	C:\WINDOWS\System32\sechost.dll
0x00007fffb51b0000 - 0x00007fffb52c7000 	C:\WINDOWS\System32\RPCRT4.dll
0x00007fffacf40000 - 0x00007fffacf74000 	C:\WINDOWS\SYSTEM32\WINMM.dll
0x00007fffa12d0000 - 0x00007fffa12d9000 	C:\WINDOWS\SYSTEM32\WSOCK32.dll
0x00007fffacd40000 - 0x00007fffacd4a000 	C:\WINDOWS\SYSTEM32\VERSION.dll
0x00007fffb5080000 - 0x00007fffb50f1000 	C:\WINDOWS\System32\WS2_32.dll
0x00007fffb2be0000 - 0x00007fffb2bf8000 	C:\WINDOWS\SYSTEM32\kernel.appcore.dll
0x00007fffa9850000 - 0x00007fffa985a000 	C:\Program Files\Android\Android Studio\jbr\bin\jimage.dll
0x00007fffb1460000 - 0x00007fffb1693000 	C:\WINDOWS\SYSTEM32\DBGHELP.DLL
0x00007fffb47d0000 - 0x00007fffb4b59000 	C:\WINDOWS\System32\combase.dll
0x00007fffb52d0000 - 0x00007fffb53a7000 	C:\WINDOWS\System32\OLEAUT32.dll
0x00007fff9fe70000 - 0x00007fff9fea2000 	C:\WINDOWS\SYSTEM32\dbgcore.DLL
0x00007fffb3d30000 - 0x00007fffb3daa000 	C:\WINDOWS\System32\bcryptPrimitives.dll
0x00007fff88710000 - 0x00007fff88735000 	C:\Program Files\Android\Android Studio\jbr\bin\java.dll
0x00007fff8d9a0000 - 0x00007fff8d9b8000 	C:\Program Files\Android\Android Studio\jbr\bin\zip.dll
0x00007fffb5c10000 - 0x00007fffb6469000 	C:\WINDOWS\System32\SHELL32.dll
0x00007fffb1b30000 - 0x00007fffb2424000 	C:\WINDOWS\SYSTEM32\windows.storage.dll
0x00007fffb19f0000 - 0x00007fffb1b2e000 	C:\WINDOWS\SYSTEM32\wintypes.dll
0x00007fffb5b10000 - 0x00007fffb5c03000 	C:\WINDOWS\System32\SHCORE.dll
0x00007fffb6560000 - 0x00007fffb65be000 	C:\WINDOWS\System32\shlwapi.dll
0x00007fffb3b70000 - 0x00007fffb3b96000 	C:\WINDOWS\SYSTEM32\profapi.dll
0x00007fff8d270000 - 0x00007fff8d289000 	C:\Program Files\Android\Android Studio\jbr\bin\net.dll
0x00007fffad4a0000 - 0x00007fffad5d7000 	C:\WINDOWS\SYSTEM32\WINHTTP.dll
0x00007fffb3130000 - 0x00007fffb3199000 	C:\WINDOWS\system32\mswsock.dll
0x00007fff8a280000 - 0x00007fff8a296000 	C:\Program Files\Android\Android Studio\jbr\bin\nio.dll
0x00007fffa8f30000 - 0x00007fffa8f40000 	C:\Program Files\Android\Android Studio\jbr\bin\verify.dll
0x00007fff97550000 - 0x00007fff97577000 	C:\Users\acer\.gradle\native\68d5fa5c4cc2d200863cafc0d521ce42e7d3e7ee720ec0a83991735586a16f82\windows-amd64\native-platform.dll
0x00007fffa3010000 - 0x00007fffa3019000 	C:\Program Files\Android\Android Studio\jbr\bin\management.dll
0x00007fffa2940000 - 0x00007fffa294b000 	C:\Program Files\Android\Android Studio\jbr\bin\management_ext.dll
0x00007fffb6550000 - 0x00007fffb6558000 	C:\WINDOWS\System32\PSAPI.DLL
0x00007fffb3400000 - 0x00007fffb341b000 	C:\WINDOWS\SYSTEM32\CRYPTSP.dll
0x00007fffb2ba0000 - 0x00007fffb2bd5000 	C:\WINDOWS\system32\rsaenh.dll
0x00007fffb32a0000 - 0x00007fffb32cc000 	C:\WINDOWS\SYSTEM32\USERENV.dll
0x00007fffb35f0000 - 0x00007fffb3618000 	C:\WINDOWS\SYSTEM32\bcrypt.dll
0x00007fffb3420000 - 0x00007fffb342c000 	C:\WINDOWS\SYSTEM32\CRYPTBASE.dll
0x00007fffb2690000 - 0x00007fffb26bd000 	C:\WINDOWS\SYSTEM32\IPHLPAPI.DLL
0x00007fffb65c0000 - 0x00007fffb65c9000 	C:\WINDOWS\System32\NSI.dll
0x00007fffad430000 - 0x00007fffad449000 	C:\WINDOWS\SYSTEM32\dhcpcsvc6.DLL
0x00007fffad410000 - 0x00007fffad42f000 	C:\WINDOWS\SYSTEM32\dhcpcsvc.DLL
0x00007fffb2700000 - 0x00007fffb27f9000 	C:\WINDOWS\SYSTEM32\DNSAPI.dll

dbghelp: loaded successfully - version: 4.0.5 - missing functions: none
symbol engine: initialized successfully - sym options: 0x614 - pdb path: .;C:\Program Files\Android\Android Studio\jbr\bin;C:\WINDOWS\SYSTEM32;C:\WINDOWS\WinSxS\amd64_microsoft.windows.common-controls_6595b64144ccf1df_6.0.22621.2506_none_270c5ae97388e100;C:\Program Files\Android\Android Studio\jbr\bin\server;C:\Users\acer\.gradle\native\68d5fa5c4cc2d200863cafc0d521ce42e7d3e7ee720ec0a83991735586a16f82\windows-amd64

VM Arguments:
jvm_args: -Xmx64m -Xms64m -Dorg.gradle.appname=gradlew 
java_command: org.gradle.wrapper.GradleWrapperMain -q -Ptarget-platform=android-arm64 -Ptarget=C:\Users\acer\Documents\GitHub\shater\lib\main_prod.dart -Pbase-application-name=android.app.Application -Pdart-defines=RkxVVFRFUl9XRUJfQVVUT19ERVRFQ1Q9dHJ1ZQ==,RkxVVFRFUl9XRUJfQ0FOVkFTS0lUX1VSTD1odHRwczovL3d3dy5nc3RhdGljLmNvbS9mbHV0dGVyLWNhbnZhc2tpdC8wNDgxN2M5OWM5ZmQ0OTU2ZjI3NTA1MjA0ZjdlMzQ0MzM1ODEwYWVkLw== -Pdart-obfuscation=false -Ptrack-widget-creation=true -Ptree-shake-icons=false -Pfilesystem-scheme=org-dartlang-root assembleDebug
java_class_path (initial): C:\Users\acer\Documents\GitHub\shater\android\\gradle\wrapper\gradle-wrapper.jar
Launcher Type: SUN_STANDARD

[Global flags]
     intx CICompilerCount                          = 4                                         {product} {ergonomic}
     uint ConcGCThreads                            = 3                                         {product} {ergonomic}
     uint G1ConcRefinementThreads                  = 10                                        {product} {ergonomic}
   size_t G1HeapRegionSize                         = 1048576                                   {product} {ergonomic}
    uintx GCDrainStackTargetSize                   = 64                                        {product} {ergonomic}
   size_t InitialHeapSize                          = 67108864                                  {product} {command line}
   size_t MarkStackSize                            = 4194304                                   {product} {ergonomic}
   size_t MaxHeapSize                              = 67108864                                  {product} {command line}
   size_t MaxNewSize                               = 39845888                                  {product} {ergonomic}
   size_t MinHeapDeltaBytes                        = 1048576                                   {product} {ergonomic}
   size_t MinHeapSize                              = 67108864                                  {product} {command line}
    uintx NonNMethodCodeHeapSize                   = 5839372                                {pd product} {ergonomic}
    uintx NonProfiledCodeHeapSize                  = 122909434                              {pd product} {ergonomic}
    uintx ProfiledCodeHeapSize                     = 122909434                              {pd product} {ergonomic}
    uintx ReservedCodeCacheSize                    = 251658240                              {pd product} {ergonomic}
     bool SegmentedCodeCache                       = true                                      {product} {ergonomic}
   size_t SoftMaxHeapSize                          = 67108864                               {manageable} {ergonomic}
     bool UseCompressedClassPointers               = true                           {product lp64_product} {ergonomic}
     bool UseCompressedOops                        = true                           {product lp64_product} {ergonomic}
     bool UseG1GC                                  = true                                      {product} {ergonomic}
     bool UseLargePagesIndividualAllocation        = false                                  {pd product} {ergonomic}

Logging:
Log output configuration:
 #0: stdout all=warning uptime,level,tags
 #1: stderr all=off uptime,level,tags

Environment Variables:
JAVA_HOME=C:\Program Files\Android\Android Studio\jbr
CLASSPATH=C:\Users\acer\Documents\GitHub\shater\android\\gradle\wrapper\gradle-wrapper.jar
PATH=C:\Program Files\Android\Android Studio\jbr\bin;C:\Program Files\Common Files\Oracle\Java\javapath;C:\Program Files (x86)\Common Files\Oracle\Java\javapath;C:\ProgramData\Oracle\Java\javapath;C:\WINDOWS\system32;C:\WINDOWS;C:\WINDOWS\System32\Wbem;C:\WINDOWS\System32\WindowsPowerShell\v1.0\;C:\WINDOWS\System32\OpenSSH\;C:\flutter3.3\bin;C:\Program Files\Git\cmd;C:\Gradle\gradle-8.0.2\bin;C:\Users\acer\AppData\Local\Microsoft\WindowsApps;C:\Users\acer\AppData\Local\Programs\Microsoft VS Code\bin;C:\Users\acer\AppData\Local\GitHubDesktop\bin;C:\jdk-19.0.1\bin;C:\Program Files\Java\jdk-19\bin;C:\Users\acer\AppData\Local\Android\Sdk\platform-tools;C:\Gradle\gradle-8.0.2\bin;C:\flutter3.3\bin;F:\???19\download\DpFileList.bin;;C:\flutter3.3\bin\mingit\cmd;C:\flutter3.3\bin\mingit\cmd
USERNAME=Moahmed Tawashi
OS=Windows_NT
PROCESSOR_IDENTIFIER=Intel64 Family 6 Model 158 Stepping 10, GenuineIntel
TMP=C:\Users\acer\AppData\Local\Temp
TEMP=C:\Users\acer\AppData\Local\Temp


JNI global refs:
JNI global refs: 19, weak refs: 0

JNI global refs memory usage: 843, weak refs: 841

OOME stack traces (most recent first):
Classloader memory used:
Loader bootstrap                                                                       : 1399K
Loader org.gradle.internal.classloader.VisitableURLClassLoader                         : 488K
Loader java.net.URLClassLoader                                                         : 28199B
Loader jdk.internal.loader.ClassLoaders$AppClassLoader                                 : 20832B

Classes loaded by more than one classloader:
Class org.gradle.internal.installation.GradleInstallation                             : loaded 2 times (x 73B)
Class org.gradle.cli.ParsedCommandLine                                                : loaded 2 times (x 78B)
Class org.gradle.internal.classpath.ClassPath                                         : loaded 2 times (x 68B)
Class org.gradle.api.internal.classpath.DefaultModuleRegistry                         : loaded 2 times (x 84B)
Class org.gradle.api.Action                                                           : loaded 2 times (x 68B)
Class org.gradle.cli.CommandLineParser$OptionString                                   : loaded 2 times (x 71B)
Class org.gradle.internal.installation.GradleInstallation$1                           : loaded 2 times (x 73B)
Class org.gradle.cli.CommandLineParser$AfterOptions                                   : loaded 2 times (x 75B)
Class org.gradle.internal.classpath.DefaultClassPath$ImmutableUniqueList$Builder      : loaded 2 times (x 73B)
Class org.gradle.cli.CommandLineParser$AfterFirstSubCommand                           : loaded 2 times (x 75B)
Class org.gradle.internal.classloader.ClassLoaderVisitor                              : loaded 2 times (x 74B)
Class org.gradle.internal.service.UnknownServiceException                             : loaded 2 times (x 81B)
Class org.gradle.api.GradleException                                                  : loaded 2 times (x 80B)
Class org.gradle.api.internal.classpath.ModuleRegistry                                : loaded 2 times (x 68B)
Class org.gradle.cli.CommandLineParser$KnownOptionParserState                         : loaded 2 times (x 74B)
Class org.gradle.internal.classloader.ClasspathUtil$1                                 : loaded 2 times (x 74B)
Class org.gradle.cli.AbstractPropertiesCommandLineConverter                           : loaded 2 times (x 81B)
Class org.gradle.api.internal.classpath.ManifestUtil                                  : loaded 2 times (x 69B)
Class org.gradle.api.specs.Spec                                                       : loaded 2 times (x 68B)
Class org.gradle.cli.SystemPropertiesCommandLineConverter                             : loaded 2 times (x 81B)
Class org.gradle.internal.IoActions                                                   : loaded 2 times (x 69B)
Class org.gradle.api.internal.classpath.EffectiveClassPath                            : loaded 2 times (x 88B)
Class org.gradle.internal.installation.CurrentGradleInstallation                      : loaded 2 times (x 71B)
Class org.gradle.internal.installation.CurrentGradleInstallationLocator               : loaded 2 times (x 69B)
Class org.gradle.api.internal.classpath.Module                                        : loaded 2 times (x 68B)
Class org.gradle.internal.classpath.DefaultClassPath                                  : loaded 2 times (x 88B)
Class org.gradle.cli.CommandLineParser                                                : loaded 2 times (x 77B)
Class org.gradle.cli.CommandLineParser$BeforeFirstSubCommand                          : loaded 2 times (x 75B)
Class org.gradle.internal.classloader.SystemClassLoaderSpec                           : loaded 2 times (x 69B)
Class org.gradle.cli.CommandLineOption                                                : loaded 2 times (x 84B)
Class org.gradle.cli.CommandLineParser$ParserState                                    : loaded 2 times (x 74B)
Class org.gradle.cli.CommandLineParser$MissingOptionArgState                          : loaded 2 times (x 75B)
Class org.gradle.api.UncheckedIOException                                             : loaded 2 times (x 80B)
Class org.gradle.cli.ParsedCommandLineOption                                          : loaded 2 times (x 74B)
Class org.gradle.internal.classloader.ClasspathUtil                                   : loaded 2 times (x 69B)
Class org.gradle.api.internal.classpath.DefaultModuleRegistry$DefaultModule           : loaded 2 times (x 84B)
Class org.gradle.cli.CommandLineParser$UnknownOptionParserState                       : loaded 2 times (x 74B)
Class org.gradle.api.internal.classpath.UnknownModuleException                        : loaded 2 times (x 80B)
Class org.gradle.internal.service.ServiceLookupException                              : loaded 2 times (x 80B)
Class org.gradle.cache.GlobalCache                                                    : loaded 2 times (x 68B)
Class org.gradle.util.internal.GUtil                                                  : loaded 2 times (x 69B)
Class org.gradle.internal.classloader.ClassLoaderSpec                                 : loaded 2 times (x 69B)
Class org.gradle.cli.CommandLineParser$OptionAwareParserState                         : loaded 2 times (x 75B)
Class org.gradle.cli.CommandLineParser$OptionParserState                              : loaded 2 times (x 73B)
Class org.gradle.internal.Cast                                                        : loaded 2 times (x 69B)
Class org.gradle.internal.classloader.ClassLoaderHierarchy                            : loaded 2 times (x 68B)
Class org.gradle.cli.CommandLineConverter                                             : loaded 2 times (x 68B)
Class org.gradle.internal.InternalTransformer                                         : loaded 2 times (x 68B)
Class org.gradle.internal.classpath.DefaultClassPath$ImmutableUniqueList              : loaded 2 times (x 159B)
Class org.gradle.cli.AbstractCommandLineConverter                                     : loaded 2 times (x 77B)
Class org.gradle.cli.CommandLineArgumentException                                     : loaded 2 times (x 80B)


---------------  S Y S T E M  ---------------

OS:
 Windows 11 , 64 bit Build 22621 (10.0.22621.2506)
OS uptime: 2 days 19:41 hours

CPU: total 12 (initial active 12) (6 cores per cpu, 2 threads per core) family 6 model 158 stepping 10 microcode 0xde, cx8, cmov, fxsr, ht, mmx, 3dnowpref, sse, sse2, sse3, ssse3, sse4.1, sse4.2, popcnt, lzcnt, tsc, tscinvbit, avx, avx2, aes, erms, clmul, bmi1, bmi2, adx, fma, vzeroupper, clflush, clflushopt

Memory: 4k page, system-wide physical 16226M (1119M free)
TotalPageFile size 46530M (AvailPageFile size 6M)
current process WorkingSet (physical memory assigned to process): 92M, peak: 92M
current process commit charge ("private bytes"): 165M, peak: 166M

vm_info: OpenJDK 64-Bit Server VM (17.0.7+0-b2043.56-10550314) for windows-amd64 JRE (17.0.7+0-b2043.56-10550314), built on Jul 24 2023 18:27:45 by "androidbuild" with MS VC++ 16.10 / 16.11 (VS2019)

END.
