#
# There is insufficient memory for the Java Runtime Environment to continue.
# Native memory allocation (malloc) failed to allocate 32744 bytes for ChunkPool::allocate
# Possible reasons:
#   The system is out of physical RAM or swap space
#   The process is running with CompressedOops enabled, and the Java Heap may be blocking the growth of the native heap
# Possible solutions:
#   Reduce memory load on the system
#   Increase physical memory or swap space
#   Check if swap backing store is full
#   Decrease Java heap size (-Xmx/-Xms)
#   Decrease number of Java threads
#   Decrease Java thread stack sizes (-Xss)
#   Set larger code cache with -XX:ReservedCodeCacheSize=
#   JVM is running with Unscaled Compressed Oops mode in which the Java heap is
#     placed in the first 4GB address space. The Java Heap base address is the
#     maximum limit for the native heap growth. Please use -XX:HeapBaseMinAddress
#     to set the Java Heap base and to place the Java Heap above 4GB virtual address.
# This output file may be truncated or incomplete.
#
#  Out of Memory Error (arena.cpp:78), pid=13208, tid=5688
#
# JRE version: OpenJDK Runtime Environment (17.0.7) (build 17.0.7+0-b2043.56-10550314)
# Java VM: OpenJDK 64-Bit Server VM (17.0.7+0-b2043.56-10550314, mixed mode, tiered, compressed oops, compressed class ptrs, g1 gc, windows-amd64)
# No core dump will be written. Minidumps are not enabled by default on client versions of Windows
#

---------------  S U M M A R Y ------------

Command Line: -Xmx64m -Xms64m -Dorg.gradle.appname=gradlew org.gradle.wrapper.GradleWrapperMain -q -Ptarget-platform=android-arm64 -Ptarget=C:\Users\acer\Documents\GitHub\shater\lib\main_prod.dart -Pbase-application-name=android.app.Application -Pdart-defines=RkxVVFRFUl9XRUJfQVVUT19ERVRFQ1Q9dHJ1ZQ==,RkxVVFRFUl9XRUJfQ0FOVkFTS0lUX1VSTD1odHRwczovL3d3dy5nc3RhdGljLmNvbS9mbHV0dGVyLWNhbnZhc2tpdC8wNDgxN2M5OWM5ZmQ0OTU2ZjI3NTA1MjA0ZjdlMzQ0MzM1ODEwYWVkLw== -Pdart-obfuscation=false -Ptrack-widget-creation=true -Ptree-shake-icons=false -Pfilesystem-scheme=org-dartlang-root assembleDebug

Host: Intel(R) Core(TM) i7-8750H CPU @ 2.20GHz, 12 cores, 15G,  Windows 11 , 64 bit Build 22621 (10.0.22621.2506)
Time: Tue Mar 12 15:31:56 2024 West Bank Gaza Standard Time elapsed time: 0.453816 seconds (0d 0h 0m 0s)

---------------  T H R E A D  ---------------

Current thread (0x0000025c5c3ca200):  JavaThread "C2 CompilerThread1" daemon [_thread_in_native, id=5688, stack(0x000000911ed00000,0x000000911ee00000)]


Current CompileTask:
C2:    453  605       4       java.lang.String::toLowerCase (29 bytes)

Stack: [0x000000911ed00000,0x000000911ee00000]
Native frames: (J=compiled Java code, j=interpreted, Vv=VM code, C=native code)
V  [jvm.dll+0x683bfa]
V  [jvm.dll+0x8430a4]
V  [jvm.dll+0x8449be]
V  [jvm.dll+0x845023]
V  [jvm.dll+0x24ad2f]
V  [jvm.dll+0xac47c]
V  [jvm.dll+0xac82c]
V  [jvm.dll+0xac36b]
V  [jvm.dll+0x121a8f]
V  [jvm.dll+0x6d1d86]
V  [jvm.dll+0x6d1fa5]
V  [jvm.dll+0x6cfed5]
V  [jvm.dll+0x1bde8b]
V  [jvm.dll+0x21d3a9]
V  [jvm.dll+0x21c671]
V  [jvm.dll+0x1a605d]
V  [jvm.dll+0x22c148]
V  [jvm.dll+0x22a209]
V  [jvm.dll+0x7f858c]
V  [jvm.dll+0x7f2aea]
V  [jvm.dll+0x682a35]
C  [ucrtbase.dll+0x29363]
C  [KERNEL32.DLL+0x1257d]
C  [ntdll.dll+0x5aa58]


---------------  P R O C E S S  ---------------

Threads class SMR info:
_java_thread_list=0x0000025c5c2eb410, length=13, elements={
0x0000025c3ffdcff0, 0x0000025c57a8ca70, 0x0000025c57a8d8e0, 0x0000025c57abd7f0,
0x0000025c57abe660, 0x0000025c57ac2190, 0x0000025c57ac2b40, 0x0000025c57ac38d0,
0x0000025c57ad7420, 0x0000025c57ad7d20, 0x0000025c5c08bc70, 0x0000025c5c14ed50,
0x0000025c5c3ca200
}

Java Threads: ( => current thread )
  0x0000025c3ffdcff0 JavaThread "main" [_thread_in_vm, id=2124, stack(0x000000911da00000,0x000000911db00000)]
  0x0000025c57a8ca70 JavaThread "Reference Handler" daemon [_thread_blocked, id=17216, stack(0x000000911e100000,0x000000911e200000)]
  0x0000025c57a8d8e0 JavaThread "Finalizer" daemon [_thread_blocked, id=3796, stack(0x000000911e200000,0x000000911e300000)]
  0x0000025c57abd7f0 JavaThread "Signal Dispatcher" daemon [_thread_blocked, id=7472, stack(0x000000911e300000,0x000000911e400000)]
  0x0000025c57abe660 JavaThread "Attach Listener" daemon [_thread_blocked, id=4936, stack(0x000000911e400000,0x000000911e500000)]
  0x0000025c57ac2190 JavaThread "Service Thread" daemon [_thread_blocked, id=19676, stack(0x000000911e500000,0x000000911e600000)]
  0x0000025c57ac2b40 JavaThread "Monitor Deflation Thread" daemon [_thread_blocked, id=16396, stack(0x000000911e600000,0x000000911e700000)]
  0x0000025c57ac38d0 JavaThread "C2 CompilerThread0" daemon [_thread_in_native, id=18604, stack(0x000000911e700000,0x000000911e800000)]
  0x0000025c57ad7420 JavaThread "C1 CompilerThread0" daemon [_thread_blocked, id=9480, stack(0x000000911e800000,0x000000911e900000)]
  0x0000025c57ad7d20 JavaThread "Sweeper thread" daemon [_thread_blocked, id=17696, stack(0x000000911e900000,0x000000911ea00000)]
  0x0000025c5c08bc70 JavaThread "Notification Thread" daemon [_thread_blocked, id=18544, stack(0x000000911ea00000,0x000000911eb00000)]
  0x0000025c5c14ed50 JavaThread "Common-Cleaner" daemon [_thread_blocked, id=19136, stack(0x000000911ec00000,0x000000911ed00000)]
=>0x0000025c5c3ca200 JavaThread "C2 CompilerThread1" daemon [_thread_in_native, id=5688, stack(0x000000911ed00000,0x000000911ee00000)]

Other Threads:
  0x0000025c422e20a0 VMThread "VM Thread" [stack: 0x000000911e000000,0x000000911e100000] [id=18088]
  0x0000025c5c08c140 WatcherThread [stack: 0x000000911eb00000,0x000000911ec00000] [id=11560]
  0x0000025c4224b7c0 GCTaskThread "GC Thread#0" [stack: 0x000000911db00000,0x000000911dc00000] [id=1296]
  0x0000025c4224cf00 ConcurrentGCThread "G1 Main Marker" [stack: 0x000000911dc00000,0x000000911dd00000] [id=15812]
  0x0000025c4224d910 ConcurrentGCThread "G1 Conc#0" [stack: 0x000000911dd00000,0x000000911de00000] [id=20444]
  0x0000025c422bad10 ConcurrentGCThread "G1 Refine#0" [stack: 0x000000911de00000,0x000000911df00000] [id=18724]
  0x0000025c422bc740 ConcurrentGCThread "G1 Service" [stack: 0x000000911df00000,0x000000911e000000] [id=13360]

Threads with active compile tasks:
C2 CompilerThread0      480  639   !   4       java.util.zip.ZipFile$Source::checkAndAddEntry (209 bytes)
C2 CompilerThread1      480  605       4       java.lang.String::toLowerCase (29 bytes)

VM state: not at safepoint (normal execution)

VM Mutex/Monitor currently owned by a thread:  ([mutex/lock_event])
[0x0000025c4222a710] Metaspace_lock - owner thread: 0x0000025c3ffdcff0

OutOfMemory and StackOverflow Exception counts:
OutOfMemoryError java_heap_errors=1
LinkageErrors=1

Heap address: 0x00000000fc000000, size: 64 MB, Compressed Oops mode: 32-bit

CDS archive(s) not mapped
Compressed class space mapped at: 0x0000000100000000-0x0000000140000000, reserved size: 1073741824
Narrow klass base: 0x0000000000000000, Narrow klass shift: 3, Narrow klass range: 0x140000000

GC Precious Log:
 CPUs: 12 total, 12 available
 Memory: 16226M
 Large Page Support: Disabled
 NUMA Support: Disabled
 Compressed Oops: Enabled (32-bit)
 Heap Region Size: 1M
 Heap Min Capacity: 64M
 Heap Initial Capacity: 64M
 Heap Max Capacity: 64M
 Pre-touch: Disabled
 Parallel Workers: 10
 Concurrent Workers: 3
 Concurrent Refinement Workers: 10
 Periodic GC: Disabled

Heap:
 garbage-first heap   total 65536K, used 19456K [0x00000000fc000000, 0x0000000100000000)
  region size 1024K, 17 young (17408K), 0 survivors (0K)
 Metaspace       used 8673K, committed 8832K, reserved 1114112K
  class space    used 779K, committed 832K, reserved 1048576K

Heap Regions: E=young(eden), S=young(survivor), O=old, HS=humongous(starts), HC=humongous(continues), CS=collection set, F=free, OA=open archive, CA=closed archive, TAMS=top-at-mark-start (previous, next)
|   0|0x00000000fc000000, 0x00000000fc100000, 0x00000000fc100000|100%|HS|  |TAMS 0x00000000fc000000, 0x00000000fc000000| Complete 
|   1|0x00000000fc100000, 0x00000000fc200000, 0x00000000fc200000|100%|HC|  |TAMS 0x00000000fc100000, 0x00000000fc100000| Complete 
|   2|0x00000000fc200000, 0x00000000fc300000, 0x00000000fc300000|100%|HC|  |TAMS 0x00000000fc200000, 0x00000000fc200000| Complete 
|   3|0x00000000fc300000, 0x00000000fc400000, 0x00000000fc400000|100%|HC|  |TAMS 0x00000000fc300000, 0x00000000fc300000| Complete 
|   4|0x00000000fc400000, 0x00000000fc400000, 0x00000000fc500000|  0%| F|  |TAMS 0x00000000fc400000, 0x00000000fc400000| Untracked 
|   5|0x00000000fc500000, 0x00000000fc500000, 0x00000000fc600000|  0%| F|  |TAMS 0x00000000fc500000, 0x00000000fc500000| Untracked 
|   6|0x00000000fc600000, 0x00000000fc600000, 0x00000000fc700000|  0%| F|  |TAMS 0x00000000fc600000, 0x00000000fc600000| Untracked 
|   7|0x00000000fc700000, 0x00000000fc700000, 0x00000000fc800000|  0%| F|  |TAMS 0x00000000fc700000, 0x00000000fc700000| Untracked 
|   8|0x00000000fc800000, 0x00000000fc800000, 0x00000000fc900000|  0%| F|  |TAMS 0x00000000fc800000, 0x00000000fc800000| Untracked 
|   9|0x00000000fc900000, 0x00000000fc900000, 0x00000000fca00000|  0%| F|  |TAMS 0x00000000fc900000, 0x00000000fc900000| Untracked 
|  10|0x00000000fca00000, 0x00000000fca00000, 0x00000000fcb00000|  0%| F|  |TAMS 0x00000000fca00000, 0x00000000fca00000| Untracked 
|  11|0x00000000fcb00000, 0x00000000fcb00000, 0x00000000fcc00000|  0%| F|  |TAMS 0x00000000fcb00000, 0x00000000fcb00000| Untracked 
|  12|0x00000000fcc00000, 0x00000000fcc00000, 0x00000000fcd00000|  0%| F|  |TAMS 0x00000000fcc00000, 0x00000000fcc00000| Untracked 
|  13|0x00000000fcd00000, 0x00000000fcd00000, 0x00000000fce00000|  0%| F|  |TAMS 0x00000000fcd00000, 0x00000000fcd00000| Untracked 
|  14|0x00000000fce00000, 0x00000000fce00000, 0x00000000fcf00000|  0%| F|  |TAMS 0x00000000fce00000, 0x00000000fce00000| Untracked 
|  15|0x00000000fcf00000, 0x00000000fcf00000, 0x00000000fd000000|  0%| F|  |TAMS 0x00000000fcf00000, 0x00000000fcf00000| Untracked 
|  16|0x00000000fd000000, 0x00000000fd000000, 0x00000000fd100000|  0%| F|  |TAMS 0x00000000fd000000, 0x00000000fd000000| Untracked 
|  17|0x00000000fd100000, 0x00000000fd100000, 0x00000000fd200000|  0%| F|  |TAMS 0x00000000fd100000, 0x00000000fd100000| Untracked 
|  18|0x00000000fd200000, 0x00000000fd200000, 0x00000000fd300000|  0%| F|  |TAMS 0x00000000fd200000, 0x00000000fd200000| Untracked 
|  19|0x00000000fd300000, 0x00000000fd300000, 0x00000000fd400000|  0%| F|  |TAMS 0x00000000fd300000, 0x00000000fd300000| Untracked 
|  20|0x00000000fd400000, 0x00000000fd400000, 0x00000000fd500000|  0%| F|  |TAMS 0x00000000fd400000, 0x00000000fd400000| Untracked 
|  21|0x00000000fd500000, 0x00000000fd500000, 0x00000000fd600000|  0%| F|  |TAMS 0x00000000fd500000, 0x00000000fd500000| Untracked 
|  22|0x00000000fd600000, 0x00000000fd600000, 0x00000000fd700000|  0%| F|  |TAMS 0x00000000fd600000, 0x00000000fd600000| Untracked 
|  23|0x00000000fd700000, 0x00000000fd700000, 0x00000000fd800000|  0%| F|  |TAMS 0x00000000fd700000, 0x00000000fd700000| Untracked 
|  24|0x00000000fd800000, 0x00000000fd800000, 0x00000000fd900000|  0%| F|  |TAMS 0x00000000fd800000, 0x00000000fd800000| Untracked 
|  25|0x00000000fd900000, 0x00000000fd900000, 0x00000000fda00000|  0%| F|  |TAMS 0x00000000fd900000, 0x00000000fd900000| Untracked 
|  26|0x00000000fda00000, 0x00000000fda00000, 0x00000000fdb00000|  0%| F|  |TAMS 0x00000000fda00000, 0x00000000fda00000| Untracked 
|  27|0x00000000fdb00000, 0x00000000fdb00000, 0x00000000fdc00000|  0%| F|  |TAMS 0x00000000fdb00000, 0x00000000fdb00000| Untracked 
|  28|0x00000000fdc00000, 0x00000000fdc00000, 0x00000000fdd00000|  0%| F|  |TAMS 0x00000000fdc00000, 0x00000000fdc00000| Untracked 
|  29|0x00000000fdd00000, 0x00000000fdd00000, 0x00000000fde00000|  0%| F|  |TAMS 0x00000000fdd00000, 0x00000000fdd00000| Untracked 
|  30|0x00000000fde00000, 0x00000000fde00000, 0x00000000fdf00000|  0%| F|  |TAMS 0x00000000fde00000, 0x00000000fde00000| Untracked 
|  31|0x00000000fdf00000, 0x00000000fdf00000, 0x00000000fe000000|  0%| F|  |TAMS 0x00000000fdf00000, 0x00000000fdf00000| Untracked 
|  32|0x00000000fe000000, 0x00000000fe000000, 0x00000000fe100000|  0%| F|  |TAMS 0x00000000fe000000, 0x00000000fe000000| Untracked 
|  33|0x00000000fe100000, 0x00000000fe100000, 0x00000000fe200000|  0%| F|  |TAMS 0x00000000fe100000, 0x00000000fe100000| Untracked 
|  34|0x00000000fe200000, 0x00000000fe200000, 0x00000000fe300000|  0%| F|  |TAMS 0x00000000fe200000, 0x00000000fe200000| Untracked 
|  35|0x00000000fe300000, 0x00000000fe300000, 0x00000000fe400000|  0%| F|  |TAMS 0x00000000fe300000, 0x00000000fe300000| Untracked 
|  36|0x00000000fe400000, 0x00000000fe400000, 0x00000000fe500000|  0%| F|  |TAMS 0x00000000fe400000, 0x00000000fe400000| Untracked 
|  37|0x00000000fe500000, 0x00000000fe500000, 0x00000000fe600000|  0%| F|  |TAMS 0x00000000fe500000, 0x00000000fe500000| Untracked 
|  38|0x00000000fe600000, 0x00000000fe600000, 0x00000000fe700000|  0%| F|  |TAMS 0x00000000fe600000, 0x00000000fe600000| Untracked 
|  39|0x00000000fe700000, 0x00000000fe700000, 0x00000000fe800000|  0%| F|  |TAMS 0x00000000fe700000, 0x00000000fe700000| Untracked 
|  40|0x00000000fe800000, 0x00000000fe800000, 0x00000000fe900000|  0%| F|  |TAMS 0x00000000fe800000, 0x00000000fe800000| Untracked 
|  41|0x00000000fe900000, 0x00000000fe900000, 0x00000000fea00000|  0%| F|  |TAMS 0x00000000fe900000, 0x00000000fe900000| Untracked 
|  42|0x00000000fea00000, 0x00000000fea00000, 0x00000000feb00000|  0%| F|  |TAMS 0x00000000fea00000, 0x00000000fea00000| Untracked 
|  43|0x00000000feb00000, 0x00000000feb00000, 0x00000000fec00000|  0%| F|  |TAMS 0x00000000feb00000, 0x00000000feb00000| Untracked 
|  44|0x00000000fec00000, 0x00000000fec00000, 0x00000000fed00000|  0%| F|  |TAMS 0x00000000fec00000, 0x00000000fec00000| Untracked 
|  45|0x00000000fed00000, 0x00000000fed00000, 0x00000000fee00000|  0%| F|  |TAMS 0x00000000fed00000, 0x00000000fed00000| Untracked 
|  46|0x00000000fee00000, 0x00000000fee00000, 0x00000000fef00000|  0%| F|  |TAMS 0x00000000fee00000, 0x00000000fee00000| Untracked 
|  47|0x00000000fef00000, 0x00000000ff000000, 0x00000000ff000000|100%| E|  |TAMS 0x00000000fef00000, 0x00000000fef00000| Complete 
|  48|0x00000000ff000000, 0x00000000ff100000, 0x00000000ff100000|100%| E|CS|TAMS 0x00000000ff000000, 0x00000000ff000000| Complete 
|  49|0x00000000ff100000, 0x00000000ff200000, 0x00000000ff200000|100%| E|CS|TAMS 0x00000000ff100000, 0x00000000ff100000| Complete 
|  50|0x00000000ff200000, 0x00000000ff300000, 0x00000000ff300000|100%| E|CS|TAMS 0x00000000ff200000, 0x00000000ff200000| Complete 
|  51|0x00000000ff300000, 0x00000000ff400000, 0x00000000ff400000|100%| E|CS|TAMS 0x00000000ff300000, 0x00000000ff300000| Complete 
|  52|0x00000000ff400000, 0x00000000ff500000, 0x00000000ff500000|100%| E|  |TAMS 0x00000000ff400000, 0x00000000ff400000| Complete 
|  53|0x00000000ff500000, 0x00000000ff600000, 0x00000000ff600000|100%| E|CS|TAMS 0x00000000ff500000, 0x00000000ff500000| Complete 
|  54|0x00000000ff600000, 0x00000000ff700000, 0x00000000ff700000|100%| E|CS|TAMS 0x00000000ff600000, 0x00000000ff600000| Complete 
|  55|0x00000000ff700000, 0x00000000ff800000, 0x00000000ff800000|100%| E|CS|TAMS 0x00000000ff700000, 0x00000000ff700000| Complete 
|  56|0x00000000ff800000, 0x00000000ff900000, 0x00000000ff900000|100%| E|CS|TAMS 0x00000000ff800000, 0x00000000ff800000| Complete 
|  57|0x00000000ff900000, 0x00000000ffa00000, 0x00000000ffa00000|100%| E|CS|TAMS 0x00000000ff900000, 0x00000000ff900000| Complete 
|  58|0x00000000ffa00000, 0x00000000ffb00000, 0x00000000ffb00000|100%| E|CS|TAMS 0x00000000ffa00000, 0x00000000ffa00000| Complete 
|  59|0x00000000ffb00000, 0x00000000ffc00000, 0x00000000ffc00000|100%| E|CS|TAMS 0x00000000ffb00000, 0x00000000ffb00000| Complete 
|  60|0x00000000ffc00000, 0x00000000ffd00000, 0x00000000ffd00000|100%| E|CS|TAMS 0x00000000ffc00000, 0x00000000ffc00000| Complete 
|  61|0x00000000ffd00000, 0x00000000ffe00000, 0x00000000ffe00000|100%| E|CS|TAMS 0x00000000ffd00000, 0x00000000ffd00000| Complete 
|  62|0x00000000ffe00000, 0x00000000fff00000, 0x00000000fff00000|100%| E|CS|TAMS 0x00000000ffe00000, 0x00000000ffe00000| Complete 
|  63|0x00000000fff00000, 0x0000000100000000, 0x0000000100000000|100%| E|CS|TAMS 0x00000000fff00000, 0x00000000fff00000| Complete 

Card table byte_map: [0x0000025c40200000,0x0000025c40220000] _byte_map_base: 0x0000025c3fa20000

Marking Bits (Prev, Next): (CMBitMap*) 0x0000025c4224bdd0, (CMBitMap*) 0x0000025c4224be10
 Prev Bits: [0x0000025c54c60000, 0x0000025c54d60000)
 Next Bits: [0x0000025c54d60000, 0x0000025c54e60000)

Polling page: 0x0000025c401b0000

Metaspace:

Usage:
  Non-class:      7.71 MB used.
      Class:    779.18 KB used.
       Both:      8.47 MB used.

Virtual space:
  Non-class space:       64.00 MB reserved,       7.81 MB ( 12%) committed,  1 nodes.
      Class space:        1.00 GB reserved,     832.00 KB ( <1%) committed,  1 nodes.
             Both:        1.06 GB reserved,       8.62 MB ( <1%) committed. 

Chunk freelists:
   Non-Class:  8.17 MB
       Class:  15.16 MB
        Both:  23.33 MB

MaxMetaspaceSize: unlimited
CompressedClassSpaceSize: 1.00 GB
Initial GC threshold: 21.00 MB
Current GC threshold: 21.00 MB
CDS: off
MetaspaceReclaimPolicy: balanced
 - commit_granule_bytes: 65536.
 - commit_granule_words: 8192.
 - virtual_space_node_default_size: 8388608.
 - enlarge_chunks_in_place: 1.
 - new_chunks_are_fully_committed: 0.
 - uncommit_free_chunks: 1.
 - use_allocation_guard: 0.
 - handle_deallocations: 1.


Internal statistics:

num_allocs_failed_limit: 0.
num_arena_births: 14.
num_arena_deaths: 0.
num_vsnodes_births: 2.
num_vsnodes_deaths: 0.
num_space_committed: 138.
num_space_uncommitted: 0.
num_chunks_returned_to_freelist: 0.
num_chunks_taken_from_freelist: 70.
num_chunk_merges: 0.
num_chunk_splits: 33.
num_chunks_enlarged: 27.
num_inconsistent_stats: 0.

CodeHeap 'non-profiled nmethods': size=120000Kb used=217Kb max_used=217Kb free=119782Kb
 bounds [0x0000025c4d1d0000, 0x0000025c4d440000, 0x0000025c54700000]
CodeHeap 'profiled nmethods': size=120000Kb used=1126Kb max_used=1126Kb free=118873Kb
 bounds [0x0000025c45700000, 0x0000025c45970000, 0x0000025c4cc30000]
CodeHeap 'non-nmethods': size=5760Kb used=1122Kb max_used=1157Kb free=4637Kb
 bounds [0x0000025c4cc30000, 0x0000025c4cea0000, 0x0000025c4d1d0000]
 total_blobs=1046 nmethods=642 adapters=317
 compilation: enabled
              stopped_count=0, restarted_count=0
 full_count=0

Compilation events (20 events):
Event: 0.444 Thread 0x0000025c57ad7420 nmethod 607 0x0000025c45802290 code [0x0000025c45802440, 0x0000025c45802728]
Event: 0.444 Thread 0x0000025c57ad7420  606       1       sun.nio.fs.WindowsFileSystem::provider (5 bytes)
Event: 0.445 Thread 0x0000025c57ad7420 nmethod 606 0x0000025c4d202990 code [0x0000025c4d202b20, 0x0000025c4d202bf8]
Event: 0.445 Thread 0x0000025c57ad7420  608       1       sun.nio.fs.NativeBuffer::owner (5 bytes)
Event: 0.445 Thread 0x0000025c57ad7420 nmethod 608 0x0000025c4d202c90 code [0x0000025c4d202e20, 0x0000025c4d202ef8]
Event: 0.445 Thread 0x0000025c57ad7420  609       3       jdk.internal.ref.CleanerImpl$PhantomCleanableRef::performCleanup (10 bytes)
Event: 0.445 Thread 0x0000025c57ad7420 nmethod 609 0x0000025c45802810 code [0x0000025c458029c0, 0x0000025c45802b88]
Event: 0.445 Thread 0x0000025c57ad7420  611       3       java.util.concurrent.TimeUnit::toMillis (69 bytes)
Event: 0.446 Thread 0x0000025c57ad7420 nmethod 611 0x0000025c45802c90 code [0x0000025c45802e40, 0x0000025c45803158]
Event: 0.447 Thread 0x0000025c57ad7420  613       3       java.nio.file.attribute.FileTime::toMillis (98 bytes)
Event: 0.447 Thread 0x0000025c57ad7420 nmethod 613 0x0000025c45803210 code [0x0000025c45803400, 0x0000025c458038c8]
Event: 0.447 Thread 0x0000025c57ad7420  614       3       sun.net.util.IPAddressUtil::scan (92 bytes)
Event: 0.448 Thread 0x0000025c57ad7420 nmethod 614 0x0000025c45803a90 code [0x0000025c45803d00, 0x0000025c45804838]
Event: 0.448 Thread 0x0000025c57ad7420  615       3       java.util.HashMap::containsKey (14 bytes)
Event: 0.448 Thread 0x0000025c57ad7420 nmethod 615 0x0000025c45804d90 code [0x0000025c45804f40, 0x0000025c458050e8]
Event: 0.448 Thread 0x0000025c57ad7420  616   !   3       java.security.AccessController::doPrivileged (26 bytes)
Event: 0.448 Thread 0x0000025c57ad7420 nmethod 616 0x0000025c45805190 code [0x0000025c458053a0, 0x0000025c45805868]
Event: 0.450 Thread 0x0000025c57ad7420  617       3       java.util.Arrays::fill (21 bytes)
Event: 0.450 Thread 0x0000025c57ad7420 nmethod 617 0x0000025c45805b10 code [0x0000025c45805ca0, 0x0000025c45805e58]
Event: 0.450 Thread 0x0000025c57ad7420  618       3       java.util.zip.ZipFile$Source::initCEN (591 bytes)

GC Heap History (0 events):
No events

Dll operation events (2 events):
Event: 0.009 Loaded shared library C:\Program Files\Android\Android Studio\jbr\bin\java.dll
Event: 0.433 Loaded shared library C:\Program Files\Android\Android Studio\jbr\bin\verify.dll

Deoptimization events (20 events):
Event: 0.390 Thread 0x0000025c3ffdcff0 DEOPT PACKING pc=0x0000025c4d1ee930 sp=0x000000911daf8d30
Event: 0.390 Thread 0x0000025c3ffdcff0 DEOPT UNPACKING pc=0x0000025c4cc869a3 sp=0x000000911daf8cd8 mode 2
Event: 0.396 Thread 0x0000025c3ffdcff0 Uncommon trap: trap_request=0xffffffde fr.pc=0x0000025c4d1f8d18 relative=0x0000000000000f18
Event: 0.396 Thread 0x0000025c3ffdcff0 Uncommon trap: reason=class_check action=maybe_recompile pc=0x0000025c4d1f8d18 method=java.util.HashMap.putVal(ILjava/lang/Object;Ljava/lang/Object;ZZ)Ljava/lang/Object; @ 91 c2
Event: 0.396 Thread 0x0000025c3ffdcff0 DEOPT PACKING pc=0x0000025c4d1f8d18 sp=0x000000911daf9660
Event: 0.396 Thread 0x0000025c3ffdcff0 DEOPT UNPACKING pc=0x0000025c4cc869a3 sp=0x000000911daf95f0 mode 2
Event: 0.412 Thread 0x0000025c3ffdcff0 Uncommon trap: trap_request=0xffffffde fr.pc=0x0000025c4d1f8d18 relative=0x0000000000000f18
Event: 0.412 Thread 0x0000025c3ffdcff0 Uncommon trap: reason=class_check action=maybe_recompile pc=0x0000025c4d1f8d18 method=java.util.HashMap.putVal(ILjava/lang/Object;Ljava/lang/Object;ZZ)Ljava/lang/Object; @ 91 c2
Event: 0.412 Thread 0x0000025c3ffdcff0 DEOPT PACKING pc=0x0000025c4d1f8d18 sp=0x000000911daf9660
Event: 0.412 Thread 0x0000025c3ffdcff0 DEOPT UNPACKING pc=0x0000025c4cc869a3 sp=0x000000911daf95f0 mode 2
Event: 0.414 Thread 0x0000025c3ffdcff0 Uncommon trap: trap_request=0xffffffde fr.pc=0x0000025c4d1f8d88 relative=0x0000000000000f88
Event: 0.414 Thread 0x0000025c3ffdcff0 Uncommon trap: reason=class_check action=maybe_recompile pc=0x0000025c4d1f8d88 method=java.util.HashMap.putVal(ILjava/lang/Object;Ljava/lang/Object;ZZ)Ljava/lang/Object; @ 203 c2
Event: 0.414 Thread 0x0000025c3ffdcff0 DEOPT PACKING pc=0x0000025c4d1f8d88 sp=0x000000911daf9660
Event: 0.414 Thread 0x0000025c3ffdcff0 DEOPT UNPACKING pc=0x0000025c4cc869a3 sp=0x000000911daf95f0 mode 2
Event: 0.414 Thread 0x0000025c3ffdcff0 Uncommon trap: trap_request=0xffffffde fr.pc=0x0000025c4d1f8d18 relative=0x0000000000000f18
Event: 0.414 Thread 0x0000025c3ffdcff0 Uncommon trap: reason=class_check action=maybe_recompile pc=0x0000025c4d1f8d18 method=java.util.HashMap.putVal(ILjava/lang/Object;Ljava/lang/Object;ZZ)Ljava/lang/Object; @ 91 c2
Event: 0.414 Thread 0x0000025c3ffdcff0 DEOPT PACKING pc=0x0000025c4d1f8d18 sp=0x000000911daf9660
Event: 0.414 Thread 0x0000025c3ffdcff0 DEOPT UNPACKING pc=0x0000025c4cc869a3 sp=0x000000911daf95f0 mode 2
Event: 0.422 Thread 0x0000025c3ffdcff0 DEOPT PACKING pc=0x0000025c45737218 sp=0x000000911daf88c0
Event: 0.422 Thread 0x0000025c3ffdcff0 DEOPT UNPACKING pc=0x0000025c4cc87143 sp=0x000000911daf7d80 mode 0

Classes unloaded (0 events):
No events

Classes redefined (0 events):
No events

Internal exceptions (1 events):
Event: 0.208 Thread 0x0000025c3ffdcff0 Exception <a 'java/lang/NoSuchMethodError'{0x00000000ffc758f8}: 'int java.lang.invoke.DirectMethodHandle$Holder.invokeStaticInit(java.lang.Object, java.lang.Object)'> (0x00000000ffc758f8) 
thrown [s\src\hotspot\share\interpreter\linkResolver.cpp, line 771]

VM Operations (2 events):
Event: 0.108 Executing VM operation: HandshakeAllThreads
Event: 0.108 Executing VM operation: HandshakeAllThreads done

Events (20 events):
Event: 0.437 loading class java/util/concurrent/locks/AbstractQueuedSynchronizer$ConditionObject
Event: 0.437 loading class java/util/concurrent/locks/Condition
Event: 0.437 loading class java/util/concurrent/locks/Condition done
Event: 0.437 loading class java/util/concurrent/locks/AbstractQueuedSynchronizer$ConditionObject done
Event: 0.437 loading class java/util/concurrent/LinkedBlockingQueue$Node
Event: 0.437 loading class java/util/concurrent/LinkedBlockingQueue$Node done
Event: 0.438 loading class java/lang/SecurityException
Event: 0.438 loading class java/lang/SecurityException done
Event: 0.439 loading class java/util/Collections$EmptyEnumeration
Event: 0.439 loading class java/util/Collections$EmptyEnumeration done
Event: 0.439 loading class jdk/internal/loader/BuiltinClassLoader$1
Event: 0.439 loading class jdk/internal/loader/BuiltinClassLoader$1 done
Event: 0.439 loading class java/lang/CompoundEnumeration
Event: 0.439 loading class java/lang/CompoundEnumeration done
Event: 0.439 loading class jdk/internal/loader/URLClassPath$1
Event: 0.439 loading class jdk/internal/loader/URLClassPath$1 done
Event: 0.439 loading class java/net/URLClassLoader$3
Event: 0.439 loading class java/net/URLClassLoader$3 done
Event: 0.439 loading class java/net/URLClassLoader$3$1
Event: 0.439 loading class java/net/URLClassLoader$3$1 done


Dynamic libraries:
0x00007ff615080000 - 0x00007ff61508a000 	C:\Program Files\Android\Android Studio\jbr\bin\java.exe
0x00007fffb68d0000 - 0x00007fffb6ae7000 	C:\WINDOWS\SYSTEM32\ntdll.dll
0x00007fffb53b0000 - 0x00007fffb5474000 	C:\WINDOWS\System32\KERNEL32.DLL
0x00007fffb3db0000 - 0x00007fffb4155000 	C:\WINDOWS\System32\KERNELBASE.dll
0x00007fffb41d0000 - 0x00007fffb42e1000 	C:\WINDOWS\System32\ucrtbase.dll
0x00007fffa2370000 - 0x00007fffa2387000 	C:\Program Files\Android\Android Studio\jbr\bin\jli.dll
0x00007fff96dd0000 - 0x00007fff96deb000 	C:\Program Files\Android\Android Studio\jbr\bin\VCRUNTIME140.dll
0x00007fffb4e90000 - 0x00007fffb503e000 	C:\WINDOWS\System32\USER32.dll
0x00007fffa3640000 - 0x00007fffa38d3000 	C:\WINDOWS\WinSxS\amd64_microsoft.windows.common-controls_6595b64144ccf1df_6.0.22621.2506_none_270c5ae97388e100\COMCTL32.dll
0x00007fffb3c40000 - 0x00007fffb3c66000 	C:\WINDOWS\System32\win32u.dll
0x00007fffb4de0000 - 0x00007fffb4e09000 	C:\WINDOWS\System32\GDI32.dll
0x00007fffb5490000 - 0x00007fffb5537000 	C:\WINDOWS\System32\msvcrt.dll
0x00007fffb42f0000 - 0x00007fffb4409000 	C:\WINDOWS\System32\gdi32full.dll
0x00007fffb4410000 - 0x00007fffb44aa000 	C:\WINDOWS\System32\msvcp_win.dll
0x00007fffb5040000 - 0x00007fffb5071000 	C:\WINDOWS\System32\IMM32.DLL
0x00007fffb0a00000 - 0x00007fffb0a0c000 	C:\Program Files\Android\Android Studio\jbr\bin\vcruntime140_1.dll
0x00007fff7e330000 - 0x00007fff7e3bd000 	C:\Program Files\Android\Android Studio\jbr\bin\msvcp140.dll
0x00007fff61ad0000 - 0x00007fff62750000 	C:\Program Files\Android\Android Studio\jbr\bin\server\jvm.dll
0x00007fffb5a50000 - 0x00007fffb5b01000 	C:\WINDOWS\System32\ADVAPI32.dll
0x00007fffb5100000 - 0x00007fffb51a6000 	C:\WINDOWS\System32\sechost.dll
0x00007fffb51b0000 - 0x00007fffb52c7000 	C:\WINDOWS\System32\RPCRT4.dll
0x00007fffa12d0000 - 0x00007fffa12d9000 	C:\WINDOWS\SYSTEM32\WSOCK32.dll
0x00007fffacd40000 - 0x00007fffacd4a000 	C:\WINDOWS\SYSTEM32\VERSION.dll
0x00007fffacf40000 - 0x00007fffacf74000 	C:\WINDOWS\SYSTEM32\WINMM.dll
0x00007fffb5080000 - 0x00007fffb50f1000 	C:\WINDOWS\System32\WS2_32.dll
0x00007fffb2be0000 - 0x00007fffb2bf8000 	C:\WINDOWS\SYSTEM32\kernel.appcore.dll
0x00007fffa9850000 - 0x00007fffa985a000 	C:\Program Files\Android\Android Studio\jbr\bin\jimage.dll
0x00007fffb1460000 - 0x00007fffb1693000 	C:\WINDOWS\SYSTEM32\DBGHELP.DLL
0x00007fffb47d0000 - 0x00007fffb4b59000 	C:\WINDOWS\System32\combase.dll
0x00007fffb52d0000 - 0x00007fffb53a7000 	C:\WINDOWS\System32\OLEAUT32.dll
0x00007fff9fe70000 - 0x00007fff9fea2000 	C:\WINDOWS\SYSTEM32\dbgcore.DLL
0x00007fffb3d30000 - 0x00007fffb3daa000 	C:\WINDOWS\System32\bcryptPrimitives.dll
0x00007fff91600000 - 0x00007fff91625000 	C:\Program Files\Android\Android Studio\jbr\bin\java.dll
0x00007fff8db00000 - 0x00007fff8db18000 	C:\Program Files\Android\Android Studio\jbr\bin\zip.dll
0x00007fffb5c10000 - 0x00007fffb6469000 	C:\WINDOWS\System32\SHELL32.dll
0x00007fffb1b30000 - 0x00007fffb2424000 	C:\WINDOWS\SYSTEM32\windows.storage.dll
0x00007fffb19f0000 - 0x00007fffb1b2e000 	C:\WINDOWS\SYSTEM32\wintypes.dll
0x00007fffb5b10000 - 0x00007fffb5c03000 	C:\WINDOWS\System32\SHCORE.dll
0x00007fffb6560000 - 0x00007fffb65be000 	C:\WINDOWS\System32\shlwapi.dll
0x00007fffb3b70000 - 0x00007fffb3b96000 	C:\WINDOWS\SYSTEM32\profapi.dll
0x00007fff8d9a0000 - 0x00007fff8d9b9000 	C:\Program Files\Android\Android Studio\jbr\bin\net.dll
0x00007fffad4a0000 - 0x00007fffad5d7000 	C:\WINDOWS\SYSTEM32\WINHTTP.dll
0x00007fffb3130000 - 0x00007fffb3199000 	C:\WINDOWS\system32\mswsock.dll
0x00007fff8d270000 - 0x00007fff8d286000 	C:\Program Files\Android\Android Studio\jbr\bin\nio.dll
0x00007fffa8f30000 - 0x00007fffa8f40000 	C:\Program Files\Android\Android Studio\jbr\bin\verify.dll

dbghelp: loaded successfully - version: 4.0.5 - missing functions: none
symbol engine: initialized successfully - sym options: 0x614 - pdb path: .;C:\Program Files\Android\Android Studio\jbr\bin;C:\WINDOWS\SYSTEM32;C:\WINDOWS\WinSxS\amd64_microsoft.windows.common-controls_6595b64144ccf1df_6.0.22621.2506_none_270c5ae97388e100;C:\Program Files\Android\Android Studio\jbr\bin\server

VM Arguments:
jvm_args: -Xmx64m -Xms64m -Dorg.gradle.appname=gradlew 
java_command: org.gradle.wrapper.GradleWrapperMain -q -Ptarget-platform=android-arm64 -Ptarget=C:\Users\acer\Documents\GitHub\shater\lib\main_prod.dart -Pbase-application-name=android.app.Application -Pdart-defines=RkxVVFRFUl9XRUJfQVVUT19ERVRFQ1Q9dHJ1ZQ==,RkxVVFRFUl9XRUJfQ0FOVkFTS0lUX1VSTD1odHRwczovL3d3dy5nc3RhdGljLmNvbS9mbHV0dGVyLWNhbnZhc2tpdC8wNDgxN2M5OWM5ZmQ0OTU2ZjI3NTA1MjA0ZjdlMzQ0MzM1ODEwYWVkLw== -Pdart-obfuscation=false -Ptrack-widget-creation=true -Ptree-shake-icons=false -Pfilesystem-scheme=org-dartlang-root assembleDebug
java_class_path (initial): C:\Users\acer\Documents\GitHub\shater\android\\gradle\wrapper\gradle-wrapper.jar
Launcher Type: SUN_STANDARD

[Global flags]
     intx CICompilerCount                          = 4                                         {product} {ergonomic}
     uint ConcGCThreads                            = 3                                         {product} {ergonomic}
     uint G1ConcRefinementThreads                  = 10                                        {product} {ergonomic}
   size_t G1HeapRegionSize                         = 1048576                                   {product} {ergonomic}
    uintx GCDrainStackTargetSize                   = 64                                        {product} {ergonomic}
   size_t InitialHeapSize                          = 67108864                                  {product} {command line}
   size_t MarkStackSize                            = 4194304                                   {product} {ergonomic}
   size_t MaxHeapSize                              = 67108864                                  {product} {command line}
   size_t MaxNewSize                               = 39845888                                  {product} {ergonomic}
   size_t MinHeapDeltaBytes                        = 1048576                                   {product} {ergonomic}
   size_t MinHeapSize                              = 67108864                                  {product} {command line}
    uintx NonNMethodCodeHeapSize                   = 5839372                                {pd product} {ergonomic}
    uintx NonProfiledCodeHeapSize                  = 122909434                              {pd product} {ergonomic}
    uintx ProfiledCodeHeapSize                     = 122909434                              {pd product} {ergonomic}
    uintx ReservedCodeCacheSize                    = 251658240                              {pd product} {ergonomic}
     bool SegmentedCodeCache                       = true                                      {product} {ergonomic}
   size_t SoftMaxHeapSize                          = 67108864                               {manageable} {ergonomic}
     bool UseCompressedClassPointers               = true                           {product lp64_product} {ergonomic}
     bool UseCompressedOops                        = true                           {product lp64_product} {ergonomic}
     bool UseG1GC                                  = true                                      {product} {ergonomic}
     bool UseLargePagesIndividualAllocation        = false                                  {pd product} {ergonomic}

Logging:
Log output configuration:
 #0: stdout all=warning uptime,level,tags
 #1: stderr all=off uptime,level,tags

Environment Variables:
JAVA_HOME=C:\Program Files\Android\Android Studio\jbr
CLASSPATH=C:\Users\acer\Documents\GitHub\shater\android\\gradle\wrapper\gradle-wrapper.jar
PATH=C:\Program Files\Android\Android Studio\jbr\bin;C:\Program Files\Common Files\Oracle\Java\javapath;C:\Program Files (x86)\Common Files\Oracle\Java\javapath;C:\ProgramData\Oracle\Java\javapath;C:\WINDOWS\system32;C:\WINDOWS;C:\WINDOWS\System32\Wbem;C:\WINDOWS\System32\WindowsPowerShell\v1.0\;C:\WINDOWS\System32\OpenSSH\;C:\flutter3.3\bin;C:\Program Files\Git\cmd;C:\Gradle\gradle-8.0.2\bin;C:\Users\acer\AppData\Local\Microsoft\WindowsApps;C:\Users\acer\AppData\Local\Programs\Microsoft VS Code\bin;C:\Users\acer\AppData\Local\GitHubDesktop\bin;C:\jdk-19.0.1\bin;C:\Program Files\Java\jdk-19\bin;C:\Users\acer\AppData\Local\Android\Sdk\platform-tools;C:\Gradle\gradle-8.0.2\bin;C:\flutter3.3\bin;F:\???19\download\DpFileList.bin;;C:\flutter3.3\bin\mingit\cmd;C:\flutter3.3\bin\mingit\cmd
USERNAME=Moahmed Tawashi
OS=Windows_NT
PROCESSOR_IDENTIFIER=Intel64 Family 6 Model 158 Stepping 10, GenuineIntel
TMP=C:\Users\acer\AppData\Local\Temp
TEMP=C:\Users\acer\AppData\Local\Temp


JNI global refs:
JNI global refs: 8, weak refs: 0

JNI global refs memory usage: 843, weak refs: 841

OOME stack traces (most recent first):
Classloader memory used:
